{
    "Query Text": "INSERT INTO query_analysis_jobs (id) SELECT id FROM queries LEFT JOIN query_analyses ON query_analyses.query_id = queries.id WHERE queries.database_id = 1234 AND last_occurred_at >= current_date - 1 AND statement_types && '{SelectStmt,SELECT,InsertStmt,\"INSERT INTO\",UpdateStmt,UPDATE,DeleteStmt,\"DELETE FROM\"}' AND statement_types <@ '{SelectStmt,SELECT,InsertStmt,\"INSERT INTO\",UpdateStmt,UPDATE,DeleteStmt,\"DELETE FROM\"}' AND (query_analyses.updated_at IS NULL OR query_analyses.updated_at < now() - interval '2 days') ORDER BY query_analyses.updated_at ASC NULLS FIRST LIMIT 2000",
    "Plan": {
        "Node Type": "ModifyTable",
        "Operation": "Insert",
        "Parallel Aware": false,
        "Async Capable": false,
        "Relation Name": "query_analysis_jobs",
        "Schema": "pg_temp_340",
        "Alias": "query_analysis_jobs",
        "Startup Cost": 80642.63,
        "Total Cost": 80643.54,
        "Plan Rows": 0,
        "Plan Width": 0,
        "Actual Rows": 0,
        "Actual Loops": 1,
        "Shared Hit Blocks": 1703,
        "Shared Read Blocks": 8977,
        "Shared Dirtied Blocks": 283,
        "Shared Written Blocks": 0,
        "Local Hit Blocks": 254,
        "Local Read Blocks": 2,
        "Local Dirtied Blocks": 2,
        "Local Written Blocks": 2,
        "Temp Read Blocks": 0,
        "Temp Written Blocks": 0,
        "I/O Read Time": 3681.409,
        "I/O Write Time": 0.000,
        "Plans": [
            {
                "Node Type": "Subquery Scan",
                "Parent Relationship": "Outer",
                "Parallel Aware": false,
                "Async Capable": false,
                "Alias": "*SELECT*",
                "Startup Cost": 80642.63,
                "Total Cost": 80643.54,
                "Plan Rows": 73,
                "Plan Width": 8,
                "Actual Rows": 255,
                "Actual Loops": 1,
                "Output": [
                    "\"*SELECT*\".id"
                ],
                "Shared Hit Blocks": 1703,
                "Shared Read Blocks": 8977,
                "Shared Dirtied Blocks": 283,
                "Shared Written Blocks": 0,
                "Local Hit Blocks": 0,
                "Local Read Blocks": 0,
                "Local Dirtied Blocks": 0,
                "Local Written Blocks": 0,
                "Temp Read Blocks": 0,
                "Temp Written Blocks": 0,
                "I/O Read Time": 3681.397,
                "I/O Write Time": 0.000,
                "Plans": [
                    {
                        "Node Type": "Limit",
                        "Parent Relationship": "Subquery",
                        "Parallel Aware": false,
                        "Async Capable": false,
                        "Startup Cost": 80642.63,
                        "Total Cost": 80642.81,
                        "Plan Rows": 73,
                        "Plan Width": 16,
                        "Actual Rows": 255,
                        "Actual Loops": 1,
                        "Output": [
                            "queries.id",
                            "query_analyses.updated_at"
                        ],
                        "Shared Hit Blocks": 1703,
                        "Shared Read Blocks": 8977,
                        "Shared Dirtied Blocks": 283,
                        "Shared Written Blocks": 0,
                        "Local Hit Blocks": 0,
                        "Local Read Blocks": 0,
                        "Local Dirtied Blocks": 0,
                        "Local Written Blocks": 0,
                        "Temp Read Blocks": 0,
                        "Temp Written Blocks": 0,
                        "I/O Read Time": 3681.397,
                        "I/O Write Time": 0.000,
                        "Plans": [
                            {
                                "Node Type": "Sort",
                                "Parent Relationship": "Outer",
                                "Parallel Aware": false,
                                "Async Capable": false,
                                "Startup Cost": 80642.63,
                                "Total Cost": 80642.81,
                                "Plan Rows": 73,
                                "Plan Width": 16,
                                "Actual Rows": 255,
                                "Actual Loops": 1,
                                "Output": [
                                    "queries.id",
                                    "query_analyses.updated_at"
                                ],
                                "Sort Key": [
                                    "query_analyses.updated_at NULLS FIRST"
                                ],
                                "Sort Method": "quicksort",
                                "Sort Space Used": 36,
                                "Sort Space Type": "Memory",
                                "Shared Hit Blocks": 1703,
                                "Shared Read Blocks": 8977,
                                "Shared Dirtied Blocks": 283,
                                "Shared Written Blocks": 0,
                                "Local Hit Blocks": 0,
                                "Local Read Blocks": 0,
                                "Local Dirtied Blocks": 0,
                                "Local Written Blocks": 0,
                                "Temp Read Blocks": 0,
                                "Temp Written Blocks": 0,
                                "I/O Read Time": 3681.397,
                                "I/O Write Time": 0.000,
                                "Plans": [
                                    {
                                        "Node Type": "Nested Loop",
                                        "Parent Relationship": "Outer",
                                        "Parallel Aware": false,
                                        "Async Capable": false,
                                        "Join Type": "Left",
                                        "Startup Cost": 276.35,
                                        "Total Cost": 80640.37,
                                        "Plan Rows": 73,
                                        "Plan Width": 16,
                                        "Actual Rows": 255,
                                        "Actual Loops": 1,
                                        "Output": [
                                            "queries.id",
                                            "query_analyses.updated_at"
                                        ],
                                        "Inner Unique": true,
                                        "Filter": "((query_analyses.updated_at IS NULL) OR (query_analyses.updated_at < (now() - '2 days'::interval)))",
                                        "Rows Removed by Filter": 138,
                                        "Shared Hit Blocks": 1703,
                                        "Shared Read Blocks": 8977,
                                        "Shared Dirtied Blocks": 283,
                                        "Shared Written Blocks": 0,
                                        "Local Hit Blocks": 0,
                                        "Local Read Blocks": 0,
                                        "Local Dirtied Blocks": 0,
                                        "Local Written Blocks": 0,
                                        "Temp Read Blocks": 0,
                                        "Temp Written Blocks": 0,
                                        "I/O Read Time": 3681.397,
                                        "I/O Write Time": 0.000,
                                        "Plans": [
                                            {
                                                "Node Type": "Bitmap Heap Scan",
                                                "Parent Relationship": "Outer",
                                                "Parallel Aware": false,
                                                "Async Capable": false,
                                                "Relation Name": "queries",
                                                "Schema": "public",
                                                "Alias": "queries",
                                                "Startup Cost": 275.92,
                                                "Total Cost": 79903.70,
                                                "Plan Rows": 87,
                                                "Plan Width": 8,
                                                "Actual Rows": 393,
                                                "Actual Loops": 1,
                                                "Output": [
                                                    "queries.id"
                                                ],
                                                "Recheck Cond": "(queries.database_id = 1234)",
                                                "Rows Removed by Index Recheck": 0,
                                                "Filter": "((queries.statement_types && '{SelectStmt,SELECT,InsertStmt,\"INSERT INTO\",UpdateStmt,UPDATE,DeleteStmt,\"DELETE FROM\"}'::text[]) AND (queries.statement_types <@ '{SelectStmt,SELECT,InsertStmt,\"INSERT INTO\",UpdateStmt,UPDATE,DeleteStmt,\"DELETE FROM\"}'::text[]) AND (queries.last_occurred_at >= (CURRENT_DATE - 1)))",
                                                "Rows Removed by Filter": 10942,
                                                "Exact Heap Blocks": 8980,
                                                "Lossy Heap Blocks": 0,
                                                "Shared Hit Blocks": 456,
                                                "Shared Read Blocks": 8653,
                                                "Shared Dirtied Blocks": 202,
                                                "Shared Written Blocks": 0,
                                                "Local Hit Blocks": 0,
                                                "Local Read Blocks": 0,
                                                "Local Dirtied Blocks": 0,
                                                "Local Written Blocks": 0,
                                                "Temp Read Blocks": 0,
                                                "Temp Written Blocks": 0,
                                                "I/O Read Time": 3615.402,
                                                "I/O Write Time": 0.000,
                                                "Plans": [
                                                    {
                                                        "Node Type": "Bitmap Index Scan",
                                                        "Parent Relationship": "Outer",
                                                        "Parallel Aware": false,
                                                        "Async Capable": false,
                                                        "Index Name": "index_queries_on_database_id",
                                                        "Startup Cost": 0.00,
                                                        "Total Cost": 275.90,
                                                        "Plan Rows": 20177,
                                                        "Plan Width": 0,
                                                        "Actual Rows": 11596,
                                                        "Actual Loops": 1,
                                                        "Index Cond": "(queries.database_id = 1234)",
                                                        "Shared Hit Blocks": 3,
                                                        "Shared Read Blocks": 28,
                                                        "Shared Dirtied Blocks": 0,
                                                        "Shared Written Blocks": 0,
                                                        "Local Hit Blocks": 0,
                                                        "Local Read Blocks": 0,
                                                        "Local Dirtied Blocks": 0,
                                                        "Local Written Blocks": 0,
                                                        "Temp Read Blocks": 0,
                                                        "Temp Written Blocks": 0,
                                                        "I/O Read Time": 6.569,
                                                        "I/O Write Time": 0.000
                                                    }
                                                ]
                                            },
                                            {
                                                "Node Type": "Index Scan",
                                                "Parent Relationship": "Inner",
                                                "Parallel Aware": false,
                                                "Async Capable": false,
                                                "Scan Direction": "Forward",
                                                "Index Name": "index_query_analyses_on_query_id",
                                                "Relation Name": "query_analyses",
                                                "Schema": "public",
                                                "Alias": "query_analyses",
                                                "Startup Cost": 0.43,
                                                "Total Cost": 8.45,
                                                "Plan Rows": 1,
                                                "Plan Width": 16,
                                                "Actual Rows": 1,
                                                "Actual Loops": 393,
                                                "Output": [
                                                    "query_analyses.query_analysis_id",
                                                    "query_analyses.server_id",
                                                    "query_analyses.database_id",
                                                    "query_analyses.query_id",
                                                    "query_analyses.output_json",
                                                    "query_analyses.error",
                                                    "query_analyses.summary",
                                                    "query_analyses.table_ids",
                                                    "query_analyses.created_at",
                                                    "query_analyses.updated_at"
                                                ],
                                                "Index Cond": "(query_analyses.query_id = queries.id)",
                                                "Rows Removed by Index Recheck": 0,
                                                "Shared Hit Blocks": 1247,
                                                "Shared Read Blocks": 324,
                                                "Shared Dirtied Blocks": 81,
                                                "Shared Written Blocks": 0,
                                                "Local Hit Blocks": 0,
                                                "Local Read Blocks": 0,
                                                "Local Dirtied Blocks": 0,
                                                "Local Written Blocks": 0,
                                                "Temp Read Blocks": 0,
                                                "Temp Written Blocks": 0,
                                                "I/O Read Time": 65.995,
                                                "I/O Write Time": 0.000
                                            }
                                        ]
                                    }
                                ]
                            }
                        ]
                    }
                ]
            }
        ]
    },
    "Triggers": []
}