[
    {
        "Execution Time": 0.14,
        "Plan": {
            "Node Type": "Aggregate",
            "Strategy": "Plain",
            "Partial Mode": "Simple",
            "Parallel Aware": false,
            "Async Capable": false,
            "Startup Cost": 55.88,
            "Total Cost": 55.88,
            "Plan Rows": 1,
            "Plan Width": 8,
            "Actual Startup Time": 0.013,
            "Actual Total Time": 0.014,
            "Actual Rows": 1,
            "Actual Loops": 1,
            "Plans": [
                {
                    "Node Type": "Sample Scan",
                    "Parent Relationship": "Outer",
                    "Parallel Aware": false,
                    "Async Capable": false,
                    "Relation Name": "test_tablesample",
                    "Alias": "test_tablesample",
                    "Startup Cost": 0.00,
                    "Total Cost": 52.70,
                    "Plan Rows": 1270,
                    "Plan Width": 0,
                    "Actual Startup Time": 0.007,
                    "Actual Total Time": 0.010,
                    "Actual Rows": 10,
                    "Actual Loops": 1,
                    "Sampling Method": "system",
                    "Sampling Parameters": [
                        "'100'::real"
                    ],
                    "Repeatable Seed": "'3'::double precision"
                }
            ]
        },
        "Planning Time": 0.026,
        "Triggers": []
    }
]