{
    "Query Text": "SELECT q2 FROM int8_tbl INTERSECT SELECT q1 FROM int8_tbl ORDER BY 1; /* query from union regression test, slightly modified output to model auto_explain */",
    "Plan": {
        "Node Type": "Sort",
        "Parallel Aware": false,
        "Async Capable": false,
        "Startup Cost": 2.33,
        "Total Cost": 2.35,
        "Plan Rows": 5,
        "Plan Width": 12,
        "Actual Startup Time": 0.031,
        "Actual Total Time": 0.032,
        "Actual Rows": 2,
        "Actual Loops": 1,
        "Sort Key": [
            "\"*SELECT* 1\".q2"
        ],
        "Sort Method": "quicksort",
        "Sort Space Used": 25,
        "Sort Space Type": "Memory",
        "Plans": [
            {
                "Node Type": "SetOp",
                "Strategy": "Hashed",
                "Parent Relationship": "Outer",
                "Parallel Aware": false,
                "Async Capable": false,
                "Command": "Intersect",
                "Startup Cost": 0.00,
                "Total Cost": 2.27,
                "Plan Rows": 5,
                "Plan Width": 12,
                "Actual Startup Time": 0.018,
                "Actual Total Time": 0.020,
                "Actual Rows": 2,
                "Actual Loops": 1,
                "Plans": [
                    {
                        "Node Type": "Append",
                        "Parent Relationship": "Outer",
                        "Parallel Aware": false,
                        "Async Capable": false,
                        "Startup Cost": 0.00,
                        "Total Cost": 2.25,
                        "Plan Rows": 10,
                        "Plan Width": 12,
                        "Actual Startup Time": 0.008,
                        "Actual Total Time": 0.015,
                        "Actual Rows": 10,
                        "Actual Loops": 1,
                        "Subplans Removed": 0,
                        "Plans": [
                            {
                                "Node Type": "Subquery Scan",
                                "Parent Relationship": "Member",
                                "Parallel Aware": false,
                                "Async Capable": false,
                                "Alias": "*SELECT* 1",
                                "Startup Cost": 0.00,
                                "Total Cost": 1.10,
                                "Plan Rows": 5,
                                "Plan Width": 12,
                                "Actual Startup Time": 0.008,
                                "Actual Total Time": 0.010,
                                "Actual Rows": 5,
                                "Actual Loops": 1,
                                "Plans": [
                                    {
                                        "Node Type": "Seq Scan",
                                        "Parent Relationship": "Subquery",
                                        "Parallel Aware": false,
                                        "Async Capable": false,
                                        "Relation Name": "int8_tbl",
                                        "Alias": "int8_tbl",
                                        "Startup Cost": 0.00,
                                        "Total Cost": 1.05,
                                        "Plan Rows": 5,
                                        "Plan Width": 8,
                                        "Actual Startup Time": 0.006,
                                        "Actual Total Time": 0.008,
                                        "Actual Rows": 5,
                                        "Actual Loops": 1
                                    }
                                ]
                            },
                            {
                                "Node Type": "Subquery Scan",
                                "Parent Relationship": "Member",
                                "Parallel Aware": false,
                                "Async Capable": false,
                                "Alias": "*SELECT* 2",
                                "Startup Cost": 0.00,
                                "Total Cost": 1.10,
                                "Plan Rows": 5,
                                "Plan Width": 12,
                                "Actual Startup Time": 0.002,
                                "Actual Total Time": 0.004,
                                "Actual Rows": 5,
                                "Actual Loops": 1,
                                "Plans": [
                                    {
                                        "Node Type": "Seq Scan",
                                        "Parent Relationship": "Subquery",
                                        "Parallel Aware": false,
                                        "Async Capable": false,
                                        "Relation Name": "int8_tbl",
                                        "Alias": "int8_tbl_1",
                                        "Startup Cost": 0.00,
                                        "Total Cost": 1.05,
                                        "Plan Rows": 5,
                                        "Plan Width": 8,
                                        "Actual Startup Time": 0.002,
                                        "Actual Total Time": 0.002,
                                        "Actual Rows": 5,
                                        "Actual Loops": 1
                                    }
                                ]
                            }
                        ]
                    }
                ]
            }
        ]
    },
    "Planning Time": 0.134,
    "Triggers": [],
    "Execution Time": 0.074
}