[
    {
        "Execution Time": 29.398,
        "Plan": {
            "Node Type": "Limit",
            "Parallel Aware": false,
            "Async Capable": false,
            "Startup Cost": 78.02,
            "Total Cost": 82.69,
            "Plan Rows": 70,
            "Plan Width": 8,
            "Actual Startup Time": 14.624,
            "Actual Total Time": 28.933,
            "Actual Rows": 70,
            "Actual Loops": 1,
            "Output": [
                "t.a",
                "t.b"
            ],
            "Shared Hit Blocks": 5,
            "Shared Read Blocks": 0,
            "Shared Dirtied Blocks": 0,
            "Shared Written Blocks": 0,
            "Local Hit Blocks": 0,
            "Local Read Blocks": 0,
            "Local Dirtied Blocks": 0,
            "Local Written Blocks": 0,
            "Temp Read Blocks": 0,
            "Temp Written Blocks": 0,
            "WAL Records": 0,
            "WAL FPI": 0,
            "WAL Bytes": 0,
            "Plans": [
                {
                    "Node Type": "Incremental Sort",
                    "Parent Relationship": "Outer",
                    "Parallel Aware": false,
                    "Async Capable": false,
                    "Startup Cost": 78.02,
                    "Total Cost": 144.65,
                    "Plan Rows": 1000,
                    "Plan Width": 8,
                    "Actual Startup Time": 14.544,
                    "Actual Total Time": 28.001,
                    "Actual Rows": 70,
                    "Actual Loops": 1,
                    "Output": [
                        "t.a",
                        "t.b"
                    ],
                    "Sort Key": [
                        "t.a",
                        "t.b"
                    ],
                    "Presorted Key": [
                        "t.a"
                    ],
                    "Full-sort Groups": {
                        "Group Count": 1,
                        "Sort Methods Used": [
                            "quicksort"
                        ],
                        "Sort Space Memory": {
                            "Average Sort Space Used": 28,
                            "Peak Sort Space Used": 28
                        }
                    },
                    "Pre-sorted Groups": {
                        "Group Count": 5,
                        "Sort Methods Used": [
                            "top-N heapsort",
                            "quicksort"
                        ],
                        "Sort Space Memory": {
                            "Average Sort Space Used": 25,
                            "Peak Sort Space Used": 25
                        }
                    },
                    "Shared Hit Blocks": 5,
                    "Shared Read Blocks": 0,
                    "Shared Dirtied Blocks": 0,
                    "Shared Written Blocks": 0,
                    "Local Hit Blocks": 0,
                    "Local Read Blocks": 0,
                    "Local Dirtied Blocks": 0,
                    "Local Written Blocks": 0,
                    "Temp Read Blocks": 0,
                    "Temp Written Blocks": 0,
                    "WAL Records": 0,
                    "WAL FPI": 0,
                    "WAL Bytes": 0,
                    "Plans": [
                        {
                            "Node Type": "Sort",
                            "Parent Relationship": "Outer",
                            "Parallel Aware": false,
                            "Async Capable": false,
                            "Startup Cost": 64.83,
                            "Total Cost": 67.33,
                            "Plan Rows": 1000,
                            "Plan Width": 8,
                            "Actual Startup Time": 13.725,
                            "Actual Total Time": 20.474,
                            "Actual Rows": 1000,
                            "Actual Loops": 1,
                            "Output": [
                                "t.a",
                                "t.b"
                            ],
                            "Sort Key": [
                                "t.a"
                            ],
                            "Sort Method": "quicksort",
                            "Sort Space Used": 71,
                            "Sort Space Type": "Memory",
                            "Shared Hit Blocks": 5,
                            "Shared Read Blocks": 0,
                            "Shared Dirtied Blocks": 0,
                            "Shared Written Blocks": 0,
                            "Local Hit Blocks": 0,
                            "Local Read Blocks": 0,
                            "Local Dirtied Blocks": 0,
                            "Local Written Blocks": 0,
                            "Temp Read Blocks": 0,
                            "Temp Written Blocks": 0,
                            "WAL Records": 0,
                            "WAL FPI": 0,
                            "WAL Bytes": 0,
                            "Plans": [
                                {
                                    "Node Type": "Seq Scan",
                                    "Parent Relationship": "Outer",
                                    "Parallel Aware": false,
                                    "Async Capable": false,
                                    "Relation Name": "t",
                                    "Schema": "public",
                                    "Alias": "t",
                                    "Startup Cost": 0.00,
                                    "Total Cost": 15.00,
                                    "Plan Rows": 1000,
                                    "Plan Width": 8,
                                    "Actual Startup Time": 0.016,
                                    "Actual Total Time": 6.900,
                                    "Actual Rows": 1000,
                                    "Actual Loops": 1,
                                    "Output": [
                                        "t.a",
                                        "t.b"
                                    ],
                                    "Shared Hit Blocks": 5,
                                    "Shared Read Blocks": 0,
                                    "Shared Dirtied Blocks": 0,
                                    "Shared Written Blocks": 0,
                                    "Local Hit Blocks": 0,
                                    "Local Read Blocks": 0,
                                    "Local Dirtied Blocks": 0,
                                    "Local Written Blocks": 0,
                                    "Temp Read Blocks": 0,
                                    "Temp Written Blocks": 0,
                                    "WAL Records": 0,
                                    "WAL FPI": 0,
                                    "WAL Bytes": 0
                                }
                            ]
                        }
                    ]
                }
            ]
        },
        "Planning": {
            "Local Dirtied Blocks": 0,
            "Local Hit Blocks": 0,
            "Local Read Blocks": 0,
            "Local Written Blocks": 0,
            "Shared Dirtied Blocks": 0,
            "Shared Hit Blocks": 0,
            "Shared Read Blocks": 0,
            "Shared Written Blocks": 0,
            "Temp Read Blocks": 0,
            "Temp Written Blocks": 0
        },
        "Planning Time": 0.063,
        "Settings": {
            "work_mem": "2MB"
        },
        "Triggers": []
    }
]