{
    "Query Text": "SELECT \"query_explains_7d\".* FROM \"query_explains_7d\" INNER JOIN \"query_samples_7d\" USING (query_sample_id, query_fingerprint, database_id) WHERE \"query_explains_7d\".\"database_id\" = 12345 AND \"query_explains_7d\".\"seen_at\" BETWEEN '2022-06-18 21:53:59.990309+00' AND '2022-06-25 21:53:59.990427+00' AND NOT (\"query_samples_7d\".\"query_text\" LIKE '%/* pganalyze-collector */%') ORDER BY seen_at DESC LIMIT 50;",
    "Plan": {
        "Node Type": "Limit",
        "Parallel Aware": false,
        "Async Capable": false,
        "Startup Cost": 300994.48,
        "Total Cost": 301000.31,
        "Plan Rows": 50,
        "Plan Width": 1688,
        "Actual Rows": 50,
        "Actual Loops": 1,
        "Output": [
            "query_explains_7d.query_explain_id",
            "query_explains_7d.server_id",
            "query_explains_7d.database_id",
            "query_explains_7d.query_fingerprint",
            "query_explains_7d.postgres_role_id",
            "query_explains_7d.format",
            "query_explains_7d.source",
            "query_explains_7d.seen_at",
            "query_explains_7d.query_sample_id",
            "query_explains_7d.total_cost",
            "query_explains_7d.total_shared_blks_hit",
            "query_explains_7d.total_shared_blks_read",
            "query_explains_7d.total_shared_blks_written",
            "query_explains_7d.total_shared_blks_dirtied",
            "query_explains_7d.total_blk_read_time",
            "query_explains_7d.total_blk_write_time",
            "query_explains_7d.plan_node_types",
            "query_explains_7d.output_json",
            "query_explains_7d.output_text",
            "query_explains_7d.error",
            "query_explains_7d.plan_fingerprint",
            "query_explains_7d.runtime_ms"
        ],
        "Shared Hit Blocks": 8022,
        "Shared Read Blocks": 27570,
        "Shared Dirtied Blocks": 0,
        "Shared Written Blocks": 0,
        "Local Hit Blocks": 0,
        "Local Read Blocks": 0,
        "Local Dirtied Blocks": 0,
        "Local Written Blocks": 0,
        "Temp Read Blocks": 0,
        "Temp Written Blocks": 0,
        "I/O Read Time": 12370.490,
        "I/O Write Time": 0.000,
        "Plans": [
            {
                "Node Type": "Gather Merge",
                "Parent Relationship": "Outer",
                "Parallel Aware": false,
                "Async Capable": false,
                "Startup Cost": 300994.48,
                "Total Cost": 301001.48,
                "Plan Rows": 60,
                "Plan Width": 1688,
                "Actual Rows": 50,
                "Actual Loops": 1,
                "Output": [
                    "query_explains_7d.query_explain_id",
                    "query_explains_7d.server_id",
                    "query_explains_7d.database_id",
                    "query_explains_7d.query_fingerprint",
                    "query_explains_7d.postgres_role_id",
                    "query_explains_7d.format",
                    "query_explains_7d.source",
                    "query_explains_7d.seen_at",
                    "query_explains_7d.query_sample_id",
                    "query_explains_7d.total_cost",
                    "query_explains_7d.total_shared_blks_hit",
                    "query_explains_7d.total_shared_blks_read",
                    "query_explains_7d.total_shared_blks_written",
                    "query_explains_7d.total_shared_blks_dirtied",
                    "query_explains_7d.total_blk_read_time",
                    "query_explains_7d.total_blk_write_time",
                    "query_explains_7d.plan_node_types",
                    "query_explains_7d.output_json",
                    "query_explains_7d.output_text",
                    "query_explains_7d.error",
                    "query_explains_7d.plan_fingerprint",
                    "query_explains_7d.runtime_ms"
                ],
                "Workers Planned": 2,
                "Workers Launched": 2,
                "Shared Hit Blocks": 8022,
                "Shared Read Blocks": 27570,
                "Shared Dirtied Blocks": 0,
                "Shared Written Blocks": 0,
                "Local Hit Blocks": 0,
                "Local Read Blocks": 0,
                "Local Dirtied Blocks": 0,
                "Local Written Blocks": 0,
                "Temp Read Blocks": 0,
                "Temp Written Blocks": 0,
                "I/O Read Time": 12370.490,
                "I/O Write Time": 0.000,
                "Plans": [
                    {
                        "Node Type": "Sort",
                        "Parent Relationship": "Outer",
                        "Parallel Aware": false,
                        "Async Capable": false,
                        "Startup Cost": 299994.45,
                        "Total Cost": 299994.53,
                        "Plan Rows": 30,
                        "Plan Width": 1688,
                        "Actual Rows": 41,
                        "Actual Loops": 3,
                        "Output": [
                            "query_explains_7d.query_explain_id",
                            "query_explains_7d.server_id",
                            "query_explains_7d.database_id",
                            "query_explains_7d.query_fingerprint",
                            "query_explains_7d.postgres_role_id",
                            "query_explains_7d.format",
                            "query_explains_7d.source",
                            "query_explains_7d.seen_at",
                            "query_explains_7d.query_sample_id",
                            "query_explains_7d.total_cost",
                            "query_explains_7d.total_shared_blks_hit",
                            "query_explains_7d.total_shared_blks_read",
                            "query_explains_7d.total_shared_blks_written",
                            "query_explains_7d.total_shared_blks_dirtied",
                            "query_explains_7d.total_blk_read_time",
                            "query_explains_7d.total_blk_write_time",
                            "query_explains_7d.plan_node_types",
                            "query_explains_7d.output_json",
                            "query_explains_7d.output_text",
                            "query_explains_7d.error",
                            "query_explains_7d.plan_fingerprint",
                            "query_explains_7d.runtime_ms"
                        ],
                        "Sort Key": [
                            "query_explains_7d.seen_at DESC"
                        ],
                        "Sort Method": "top-N heapsort",
                        "Sort Space Used": 141,
                        "Sort Space Type": "Memory",
                        "Shared Hit Blocks": 8022,
                        "Shared Read Blocks": 27570,
                        "Shared Dirtied Blocks": 0,
                        "Shared Written Blocks": 0,
                        "Local Hit Blocks": 0,
                        "Local Read Blocks": 0,
                        "Local Dirtied Blocks": 0,
                        "Local Written Blocks": 0,
                        "Temp Read Blocks": 0,
                        "Temp Written Blocks": 0,
                        "I/O Read Time": 12370.490,
                        "I/O Write Time": 0.000,
                        "Workers": [
                            {
                                "Worker Number": 0,
                                "Actual Rows": 50,
                                "Actual Loops": 1,
                                "Sort Method": "top-N heapsort",
                                "Sort Space Used": 218,
                                "Sort Space Type": "Memory",
                                "Shared Hit Blocks": 3372,
                                "Shared Read Blocks": 9293,
                                "Shared Dirtied Blocks": 0,
                                "Shared Written Blocks": 0,
                                "Local Hit Blocks": 0,
                                "Local Read Blocks": 0,
                                "Local Dirtied Blocks": 0,
                                "Local Written Blocks": 0,
                                "Temp Read Blocks": 0,
                                "Temp Written Blocks": 0,
                                "I/O Read Time": 4109.683,
                                "I/O Write Time": 0.000
                            },
                            {
                                "Worker Number": 1,
                                "Actual Rows": 50,
                                "Actual Loops": 1,
                                "Sort Method": "top-N heapsort",
                                "Sort Space Used": 218,
                                "Sort Space Type": "Memory",
                                "Shared Hit Blocks": 3424,
                                "Shared Read Blocks": 9381,
                                "Shared Dirtied Blocks": 0,
                                "Shared Written Blocks": 0,
                                "Local Hit Blocks": 0,
                                "Local Read Blocks": 0,
                                "Local Dirtied Blocks": 0,
                                "Local Written Blocks": 0,
                                "Temp Read Blocks": 0,
                                "Temp Written Blocks": 0,
                                "I/O Read Time": 4097.382,
                                "I/O Write Time": 0.000
                            }
                        ],
                        "Plans": [
                            {
                                "Node Type": "Hash Join",
                                "Parent Relationship": "Outer",
                                "Parallel Aware": true,
                                "Async Capable": false,
                                "Join Type": "Inner",
                                "Startup Cost": 60615.76,
                                "Total Cost": 299993.72,
                                "Plan Rows": 30,
                                "Plan Width": 1688,
                                "Actual Rows": 2287,
                                "Actual Loops": 3,
                                "Output": [
                                    "query_explains_7d.query_explain_id",
                                    "query_explains_7d.server_id",
                                    "query_explains_7d.database_id",
                                    "query_explains_7d.query_fingerprint",
                                    "query_explains_7d.postgres_role_id",
                                    "query_explains_7d.format",
                                    "query_explains_7d.source",
                                    "query_explains_7d.seen_at",
                                    "query_explains_7d.query_sample_id",
                                    "query_explains_7d.total_cost",
                                    "query_explains_7d.total_shared_blks_hit",
                                    "query_explains_7d.total_shared_blks_read",
                                    "query_explains_7d.total_shared_blks_written",
                                    "query_explains_7d.total_shared_blks_dirtied",
                                    "query_explains_7d.total_blk_read_time",
                                    "query_explains_7d.total_blk_write_time",
                                    "query_explains_7d.plan_node_types",
                                    "query_explains_7d.output_json",
                                    "query_explains_7d.output_text",
                                    "query_explains_7d.error",
                                    "query_explains_7d.plan_fingerprint",
                                    "query_explains_7d.runtime_ms"
                                ],
                                "Inner Unique": false,
                                "Hash Cond": "((query_samples_7d.query_sample_id = query_explains_7d.query_sample_id) AND (query_samples_7d.query_fingerprint = query_explains_7d.query_fingerprint))",
                                "Shared Hit Blocks": 8004,
                                "Shared Read Blocks": 27570,
                                "Shared Dirtied Blocks": 0,
                                "Shared Written Blocks": 0,
                                "Local Hit Blocks": 0,
                                "Local Read Blocks": 0,
                                "Local Dirtied Blocks": 0,
                                "Local Written Blocks": 0,
                                "Temp Read Blocks": 0,
                                "Temp Written Blocks": 0,
                                "I/O Read Time": 12370.490,
                                "I/O Write Time": 0.000,
                                "Workers": [
                                    {
                                        "Worker Number": 0,
                                        "Actual Rows": 1821,
                                        "Actual Loops": 1,
                                        "Shared Hit Blocks": 3363,
                                        "Shared Read Blocks": 9293,
                                        "Shared Dirtied Blocks": 0,
                                        "Shared Written Blocks": 0,
                                        "Local Hit Blocks": 0,
                                        "Local Read Blocks": 0,
                                        "Local Dirtied Blocks": 0,
                                        "Local Written Blocks": 0,
                                        "Temp Read Blocks": 0,
                                        "Temp Written Blocks": 0,
                                        "I/O Read Time": 4109.683,
                                        "I/O Write Time": 0.000
                                    },
                                    {
                                        "Worker Number": 1,
                                        "Actual Rows": 2481,
                                        "Actual Loops": 1,
                                        "Shared Hit Blocks": 3415,
                                        "Shared Read Blocks": 9381,
                                        "Shared Dirtied Blocks": 0,
                                        "Shared Written Blocks": 0,
                                        "Local Hit Blocks": 0,
                                        "Local Read Blocks": 0,
                                        "Local Dirtied Blocks": 0,
                                        "Local Written Blocks": 0,
                                        "Temp Read Blocks": 0,
                                        "Temp Written Blocks": 0,
                                        "I/O Read Time": 4097.382,
                                        "I/O Write Time": 0.000
                                    }
                                ],
                                "Plans": [
                                    {
                                        "Node Type": "Append",
                                        "Parent Relationship": "Outer",
                                        "Parallel Aware": true,
                                        "Async Capable": false,
                                        "Startup Cost": 168.93,
                                        "Total Cost": 239356.83,
                                        "Plan Rows": 25324,
                                        "Plan Width": 35,
                                        "Actual Rows": 9706,
                                        "Actual Loops": 3,
                                        "Shared Hit Blocks": 7651,
                                        "Shared Read Blocks": 22656,
                                        "Shared Dirtied Blocks": 0,
                                        "Shared Written Blocks": 0,
                                        "Local Hit Blocks": 0,
                                        "Local Read Blocks": 0,
                                        "Local Dirtied Blocks": 0,
                                        "Local Written Blocks": 0,
                                        "Temp Read Blocks": 0,
                                        "Temp Written Blocks": 0,
                                        "I/O Read Time": 9975.928,
                                        "I/O Write Time": 0.000,
                                        "Workers": [
                                            {
                                                "Worker Number": 0,
                                                "Actual Rows": 9152,
                                                "Actual Loops": 1,
                                                "Shared Hit Blocks": 3231,
                                                "Shared Read Blocks": 7635,
                                                "Shared Dirtied Blocks": 0,
                                                "Shared Written Blocks": 0,
                                                "Local Hit Blocks": 0,
                                                "Local Read Blocks": 0,
                                                "Local Dirtied Blocks": 0,
                                                "Local Written Blocks": 0,
                                                "Temp Read Blocks": 0,
                                                "Temp Written Blocks": 0,
                                                "I/O Read Time": 3295.823,
                                                "I/O Write Time": 0.000
                                            },
                                            {
                                                "Worker Number": 1,
                                                "Actual Rows": 9836,
                                                "Actual Loops": 1,
                                                "Shared Hit Blocks": 3252,
                                                "Shared Read Blocks": 7755,
                                                "Shared Dirtied Blocks": 0,
                                                "Shared Written Blocks": 0,
                                                "Local Hit Blocks": 0,
                                                "Local Read Blocks": 0,
                                                "Local Dirtied Blocks": 0,
                                                "Local Written Blocks": 0,
                                                "Temp Read Blocks": 0,
                                                "Temp Written Blocks": 0,
                                                "I/O Read Time": 3316.235,
                                                "I/O Write Time": 0.000
                                            }
                                        ],
                                        "Subplans Removed": 0,
                                        "Plans": [
                                            {
                                                "Node Type": "Bitmap Heap Scan",
                                                "Parent Relationship": "Member",
                                                "Parallel Aware": true,
                                                "Async Capable": false,
                                                "Relation Name": "query_samples_7d_20220622",
                                                "Schema": "public",
                                                "Alias": "query_samples_7d_4",
                                                "Startup Cost": 172.60,
                                                "Total Cost": 34228.35,
                                                "Plan Rows": 3616,
                                                "Plan Width": 35,
                                                "Actual Rows": 3748,
                                                "Actual Loops": 1,
                                                "Output": [
                                                    "query_samples_7d_4.query_sample_id",
                                                    "query_samples_7d_4.query_fingerprint",
                                                    "query_samples_7d_4.database_id"
                                                ],
                                                "Recheck Cond": "(query_samples_7d_4.database_id = '12345'::integer)",
                                                "Rows Removed by Index Recheck": 0,
                                                "Filter": "(query_samples_7d_4.query_text !~~ '%/* pganalyze-collector */%'::text)",
                                                "Rows Removed by Filter": 149,
                                                "Exact Heap Blocks": 0,
                                                "Lossy Heap Blocks": 0,
                                                "Shared Hit Blocks": 1610,
                                                "Shared Read Blocks": 3344,
                                                "Shared Dirtied Blocks": 0,
                                                "Shared Written Blocks": 0,
                                                "Local Hit Blocks": 0,
                                                "Local Read Blocks": 0,
                                                "Local Dirtied Blocks": 0,
                                                "Local Written Blocks": 0,
                                                "Temp Read Blocks": 0,
                                                "Temp Written Blocks": 0,
                                                "I/O Read Time": 1377.186,
                                                "I/O Write Time": 0.000,
                                                "Workers": [
                                                    {
                                                        "Worker Number": 1,
                                                        "Actual Rows": 3748,
                                                        "Actual Loops": 1,
                                                        "Shared Hit Blocks": 1610,
                                                        "Shared Read Blocks": 3344,
                                                        "Shared Dirtied Blocks": 0,
                                                        "Shared Written Blocks": 0,
                                                        "Local Hit Blocks": 0,
                                                        "Local Read Blocks": 0,
                                                        "Local Dirtied Blocks": 0,
                                                        "Local Written Blocks": 0,
                                                        "Temp Read Blocks": 0,
                                                        "Temp Written Blocks": 0,
                                                        "I/O Read Time": 1377.186,
                                                        "I/O Write Time": 0.000
                                                    }
                                                ],
                                                "Plans": [
                                                    {
                                                        "Node Type": "Bitmap Index Scan",
                                                        "Parent Relationship": "Outer",
                                                        "Parallel Aware": false,
                                                        "Async Capable": false,
                                                        "Index Name": "query_samples_7d_20220622_database_id_occurred_at_idx",
                                                        "Startup Cost": 0.00,
                                                        "Total Cost": 170.43,
                                                        "Plan Rows": 8782,
                                                        "Plan Width": 0,
                                                        "Actual Rows": 3897,
                                                        "Actual Loops": 1,
                                                        "Index Cond": "(query_samples_7d_4.database_id = '12345'::integer)",
                                                        "Shared Hit Blocks": 1,
                                                        "Shared Read Blocks": 29,
                                                        "Shared Dirtied Blocks": 0,
                                                        "Shared Written Blocks": 0,
                                                        "Local Hit Blocks": 0,
                                                        "Local Read Blocks": 0,
                                                        "Local Dirtied Blocks": 0,
                                                        "Local Written Blocks": 0,
                                                        "Temp Read Blocks": 0,
                                                        "Temp Written Blocks": 0,
                                                        "I/O Read Time": 14.768,
                                                        "I/O Write Time": 0.000,
                                                        "Workers": [
                                                            {
                                                                "Worker Number": 1,
                                                                "Actual Rows": 3897,
                                                                "Actual Loops": 1,
                                                                "Shared Hit Blocks": 1,
                                                                "Shared Read Blocks": 29,
                                                                "Shared Dirtied Blocks": 0,
                                                                "Shared Written Blocks": 0,
                                                                "Local Hit Blocks": 0,
                                                                "Local Read Blocks": 0,
                                                                "Local Dirtied Blocks": 0,
                                                                "Local Written Blocks": 0,
                                                                "Temp Read Blocks": 0,
                                                                "Temp Written Blocks": 0,
                                                                "I/O Read Time": 14.768,
                                                                "I/O Write Time": 0.000
                                                            }
                                                        ]
                                                    }
                                                ]
                                            },
                                            {
                                                "Node Type": "Bitmap Heap Scan",
                                                "Parent Relationship": "Member",
                                                "Parallel Aware": true,
                                                "Async Capable": false,
                                                "Relation Name": "query_samples_7d_20220621",
                                                "Schema": "public",
                                                "Alias": "query_samples_7d_3",
                                                "Startup Cost": 168.93,
                                                "Total Cost": 32349.29,
                                                "Plan Rows": 3445,
                                                "Plan Width": 34,
                                                "Actual Rows": 3872,
                                                "Actual Loops": 1,
                                                "Output": [
                                                    "query_samples_7d_3.query_sample_id",
                                                    "query_samples_7d_3.query_fingerprint",
                                                    "query_samples_7d_3.database_id"
                                                ],
                                                "Recheck Cond": "(query_samples_7d_3.database_id = '12345'::integer)",
                                                "Rows Removed by Index Recheck": 0,
                                                "Filter": "(query_samples_7d_3.query_text !~~ '%/* pganalyze-collector */%'::text)",
                                                "Rows Removed by Filter": 159,
                                                "Exact Heap Blocks": 0,
                                                "Lossy Heap Blocks": 0,
                                                "Shared Hit Blocks": 1517,
                                                "Shared Read Blocks": 3258,
                                                "Shared Dirtied Blocks": 0,
                                                "Shared Written Blocks": 0,
                                                "Local Hit Blocks": 0,
                                                "Local Read Blocks": 0,
                                                "Local Dirtied Blocks": 0,
                                                "Local Written Blocks": 0,
                                                "Temp Read Blocks": 0,
                                                "Temp Written Blocks": 0,
                                                "I/O Read Time": 1333.756,
                                                "I/O Write Time": 0.000,
                                                "Workers": [
                                                    {
                                                        "Worker Number": 0,
                                                        "Actual Rows": 3872,
                                                        "Actual Loops": 1,
                                                        "Shared Hit Blocks": 1517,
                                                        "Shared Read Blocks": 3258,
                                                        "Shared Dirtied Blocks": 0,
                                                        "Shared Written Blocks": 0,
                                                        "Local Hit Blocks": 0,
                                                        "Local Read Blocks": 0,
                                                        "Local Dirtied Blocks": 0,
                                                        "Local Written Blocks": 0,
                                                        "Temp Read Blocks": 0,
                                                        "Temp Written Blocks": 0,
                                                        "I/O Read Time": 1333.756,
                                                        "I/O Write Time": 0.000
                                                    }
                                                ],
                                                "Plans": [
                                                    {
                                                        "Node Type": "Bitmap Index Scan",
                                                        "Parent Relationship": "Outer",
                                                        "Parallel Aware": false,
                                                        "Async Capable": false,
                                                        "Index Name": "query_samples_7d_20220621_database_id_occurred_at_idx",
                                                        "Startup Cost": 0.00,
                                                        "Total Cost": 166.87,
                                                        "Plan Rows": 8307,
                                                        "Plan Width": 0,
                                                        "Actual Rows": 4031,
                                                        "Actual Loops": 1,
                                                        "Index Cond": "(query_samples_7d_3.database_id = '12345'::integer)",
                                                        "Shared Hit Blocks": 1,
                                                        "Shared Read Blocks": 29,
                                                        "Shared Dirtied Blocks": 0,
                                                        "Shared Written Blocks": 0,
                                                        "Local Hit Blocks": 0,
                                                        "Local Read Blocks": 0,
                                                        "Local Dirtied Blocks": 0,
                                                        "Local Written Blocks": 0,
                                                        "Temp Read Blocks": 0,
                                                        "Temp Written Blocks": 0,
                                                        "I/O Read Time": 13.525,
                                                        "I/O Write Time": 0.000,
                                                        "Workers": [
                                                            {
                                                                "Worker Number": 0,
                                                                "Actual Rows": 4031,
                                                                "Actual Loops": 1,
                                                                "Shared Hit Blocks": 1,
                                                                "Shared Read Blocks": 29,
                                                                "Shared Dirtied Blocks": 0,
                                                                "Shared Written Blocks": 0,
                                                                "Local Hit Blocks": 0,
                                                                "Local Read Blocks": 0,
                                                                "Local Dirtied Blocks": 0,
                                                                "Local Written Blocks": 0,
                                                                "Temp Read Blocks": 0,
                                                                "Temp Written Blocks": 0,
                                                                "I/O Read Time": 13.525,
                                                                "I/O Write Time": 0.000
                                                            }
                                                        ]
                                                    }
                                                ]
                                            },
                                            {
                                                "Node Type": "Bitmap Heap Scan",
                                                "Parent Relationship": "Member",
                                                "Parallel Aware": true,
                                                "Async Capable": false,
                                                "Relation Name": "query_samples_7d_20220623",
                                                "Schema": "public",
                                                "Alias": "query_samples_7d_5",
                                                "Startup Cost": 166.79,
                                                "Total Cost": 33351.19,
                                                "Plan Rows": 3520,
                                                "Plan Width": 35,
                                                "Actual Rows": 3316,
                                                "Actual Loops": 1,
                                                "Output": [
                                                    "query_samples_7d_5.query_sample_id",
                                                    "query_samples_7d_5.query_fingerprint",
                                                    "query_samples_7d_5.database_id"
                                                ],
                                                "Recheck Cond": "(query_samples_7d_5.database_id = '12345'::integer)",
                                                "Rows Removed by Index Recheck": 0,
                                                "Filter": "(query_samples_7d_5.query_text !~~ '%/* pganalyze-collector */%'::text)",
                                                "Rows Removed by Filter": 151,
                                                "Exact Heap Blocks": 0,
                                                "Lossy Heap Blocks": 0,
                                                "Shared Hit Blocks": 956,
                                                "Shared Read Blocks": 2753,
                                                "Shared Dirtied Blocks": 0,
                                                "Shared Written Blocks": 0,
                                                "Local Hit Blocks": 0,
                                                "Local Read Blocks": 0,
                                                "Local Dirtied Blocks": 0,
                                                "Local Written Blocks": 0,
                                                "Temp Read Blocks": 0,
                                                "Temp Written Blocks": 0,
                                                "I/O Read Time": 1254.287,
                                                "I/O Write Time": 0.000,
                                                "Workers": [
                                                    {
                                                        "Worker Number": 0,
                                                        "Actual Rows": 3316,
                                                        "Actual Loops": 1,
                                                        "Shared Hit Blocks": 956,
                                                        "Shared Read Blocks": 2753,
                                                        "Shared Dirtied Blocks": 0,
                                                        "Shared Written Blocks": 0,
                                                        "Local Hit Blocks": 0,
                                                        "Local Read Blocks": 0,
                                                        "Local Dirtied Blocks": 0,
                                                        "Local Written Blocks": 0,
                                                        "Temp Read Blocks": 0,
                                                        "Temp Written Blocks": 0,
                                                        "I/O Read Time": 1254.287,
                                                        "I/O Write Time": 0.000
                                                    }
                                                ],
                                                "Plans": [
                                                    {
                                                        "Node Type": "Bitmap Index Scan",
                                                        "Parent Relationship": "Outer",
                                                        "Parallel Aware": false,
                                                        "Async Capable": false,
                                                        "Index Name": "query_samples_7d_20220623_database_id_occurred_at_idx",
                                                        "Startup Cost": 0.00,
                                                        "Total Cost": 164.68,
                                                        "Plan Rows": 8548,
                                                        "Plan Width": 0,
                                                        "Actual Rows": 3467,
                                                        "Actual Loops": 1,
                                                        "Index Cond": "(query_samples_7d_5.database_id = '12345'::integer)",
                                                        "Shared Hit Blocks": 1,
                                                        "Shared Read Blocks": 26,
                                                        "Shared Dirtied Blocks": 0,
                                                        "Shared Written Blocks": 0,
                                                        "Local Hit Blocks": 0,
                                                        "Local Read Blocks": 0,
                                                        "Local Dirtied Blocks": 0,
                                                        "Local Written Blocks": 0,
                                                        "Temp Read Blocks": 0,
                                                        "Temp Written Blocks": 0,
                                                        "I/O Read Time": 12.101,
                                                        "I/O Write Time": 0.000,
                                                        "Workers": [
                                                            {
                                                                "Worker Number": 0,
                                                                "Actual Rows": 3467,
                                                                "Actual Loops": 1,
                                                                "Shared Hit Blocks": 1,
                                                                "Shared Read Blocks": 26,
                                                                "Shared Dirtied Blocks": 0,
                                                                "Shared Written Blocks": 0,
                                                                "Local Hit Blocks": 0,
                                                                "Local Read Blocks": 0,
                                                                "Local Dirtied Blocks": 0,
                                                                "Local Written Blocks": 0,
                                                                "Temp Read Blocks": 0,
                                                                "Temp Written Blocks": 0,
                                                                "I/O Read Time": 12.101,
                                                                "I/O Write Time": 0.000
                                                            }
                                                        ]
                                                    }
                                                ]
                                            },
                                            {
                                                "Node Type": "Bitmap Heap Scan",
                                                "Parent Relationship": "Member",
                                                "Parallel Aware": true,
                                                "Async Capable": false,
                                                "Relation Name": "query_samples_7d_20220620",
                                                "Schema": "public",
                                                "Alias": "query_samples_7d_2",
                                                "Startup Cost": 163.46,
                                                "Total Cost": 31657.92,
                                                "Plan Rows": 3345,
                                                "Plan Width": 35,
                                                "Actual Rows": 2053,
                                                "Actual Loops": 3,
                                                "Output": [
                                                    "query_samples_7d_2.query_sample_id",
                                                    "query_samples_7d_2.query_fingerprint",
                                                    "query_samples_7d_2.database_id"
                                                ],
                                                "Recheck Cond": "(query_samples_7d_2.database_id = '12345'::integer)",
                                                "Rows Removed by Index Recheck": 0,
                                                "Filter": "(query_samples_7d_2.query_text !~~ '%/* pganalyze-collector */%'::text)",
                                                "Rows Removed by Filter": 50,
                                                "Exact Heap Blocks": 41,
                                                "Lossy Heap Blocks": 0,
                                                "Shared Hit Blocks": 1702,
                                                "Shared Read Blocks": 4517,
                                                "Shared Dirtied Blocks": 0,
                                                "Shared Written Blocks": 0,
                                                "Local Hit Blocks": 0,
                                                "Local Read Blocks": 0,
                                                "Local Dirtied Blocks": 0,
                                                "Local Written Blocks": 0,
                                                "Temp Read Blocks": 0,
                                                "Temp Written Blocks": 0,
                                                "I/O Read Time": 1985.770,
                                                "I/O Write Time": 0.000,
                                                "Workers": [
                                                    {
                                                        "Worker Number": 0,
                                                        "Actual Rows": 29,
                                                        "Actual Loops": 1,
                                                        "Shared Hit Blocks": 31,
                                                        "Shared Read Blocks": 49,
                                                        "Shared Dirtied Blocks": 0,
                                                        "Shared Written Blocks": 0,
                                                        "Local Hit Blocks": 0,
                                                        "Local Read Blocks": 0,
                                                        "Local Dirtied Blocks": 0,
                                                        "Local Written Blocks": 0,
                                                        "Temp Read Blocks": 0,
                                                        "Temp Written Blocks": 0,
                                                        "I/O Read Time": 23.118,
                                                        "I/O Write Time": 0.000
                                                    },
                                                    {
                                                        "Worker Number": 1,
                                                        "Actual Rows": 6088,
                                                        "Actual Loops": 1,
                                                        "Shared Hit Blocks": 1642,
                                                        "Shared Read Blocks": 4411,
                                                        "Shared Dirtied Blocks": 0,
                                                        "Shared Written Blocks": 0,
                                                        "Local Hit Blocks": 0,
                                                        "Local Read Blocks": 0,
                                                        "Local Dirtied Blocks": 0,
                                                        "Local Written Blocks": 0,
                                                        "Temp Read Blocks": 0,
                                                        "Temp Written Blocks": 0,
                                                        "I/O Read Time": 1939.049,
                                                        "I/O Write Time": 0.000
                                                    }
                                                ],
                                                "Plans": [
                                                    {
                                                        "Node Type": "Bitmap Index Scan",
                                                        "Parent Relationship": "Outer",
                                                        "Parallel Aware": false,
                                                        "Async Capable": false,
                                                        "Index Name": "query_samples_7d_20220620_database_id_occurred_at_idx",
                                                        "Startup Cost": 0.00,
                                                        "Total Cost": 161.45,
                                                        "Plan Rows": 8118,
                                                        "Plan Width": 0,
                                                        "Actual Rows": 6309,
                                                        "Actual Loops": 1,
                                                        "Index Cond": "(query_samples_7d_2.database_id = '12345'::integer)",
                                                        "Shared Hit Blocks": 1,
                                                        "Shared Read Blocks": 44,
                                                        "Shared Dirtied Blocks": 0,
                                                        "Shared Written Blocks": 0,
                                                        "Local Hit Blocks": 0,
                                                        "Local Read Blocks": 0,
                                                        "Local Dirtied Blocks": 0,
                                                        "Local Written Blocks": 0,
                                                        "Temp Read Blocks": 0,
                                                        "Temp Written Blocks": 0,
                                                        "I/O Read Time": 22.074,
                                                        "I/O Write Time": 0.000,
                                                        "Workers": [
                                                            {
                                                                "Worker Number": 1,
                                                                "Actual Rows": 6309,
                                                                "Actual Loops": 1,
                                                                "Shared Hit Blocks": 1,
                                                                "Shared Read Blocks": 44,
                                                                "Shared Dirtied Blocks": 0,
                                                                "Shared Written Blocks": 0,
                                                                "Local Hit Blocks": 0,
                                                                "Local Read Blocks": 0,
                                                                "Local Dirtied Blocks": 0,
                                                                "Local Written Blocks": 0,
                                                                "Temp Read Blocks": 0,
                                                                "Temp Written Blocks": 0,
                                                                "I/O Read Time": 22.074,
                                                                "I/O Write Time": 0.000
                                                            }
                                                        ]
                                                    }
                                                ]
                                            },
                                            {
                                                "Node Type": "Bitmap Heap Scan",
                                                "Parent Relationship": "Member",
                                                "Parallel Aware": true,
                                                "Async Capable": false,
                                                "Relation Name": "query_samples_7d_20220624",
                                                "Schema": "public",
                                                "Alias": "query_samples_7d_6",
                                                "Startup Cost": 160.44,
                                                "Total Cost": 32143.29,
                                                "Plan Rows": 3416,
                                                "Plan Width": 35,
                                                "Actual Rows": 2380,
                                                "Actual Loops": 2,
                                                "Output": [
                                                    "query_samples_7d_6.query_sample_id",
                                                    "query_samples_7d_6.query_fingerprint",
                                                    "query_samples_7d_6.database_id"
                                                ],
                                                "Recheck Cond": "(query_samples_7d_6.database_id = '12345'::integer)",
                                                "Rows Removed by Index Recheck": 0,
                                                "Filter": "(query_samples_7d_6.query_text !~~ '%/* pganalyze-collector */%'::text)",
                                                "Rows Removed by Filter": 78,
                                                "Exact Heap Blocks": 1542,
                                                "Lossy Heap Blocks": 0,
                                                "Shared Hit Blocks": 1757,
                                                "Shared Read Blocks": 3938,
                                                "Shared Dirtied Blocks": 0,
                                                "Shared Written Blocks": 0,
                                                "Local Hit Blocks": 0,
                                                "Local Read Blocks": 0,
                                                "Local Dirtied Blocks": 0,
                                                "Local Written Blocks": 0,
                                                "Temp Read Blocks": 0,
                                                "Temp Written Blocks": 0,
                                                "I/O Read Time": 1806.951,
                                                "I/O Write Time": 0.000,
                                                "Workers": [
                                                    {
                                                        "Worker Number": 0,
                                                        "Actual Rows": 1935,
                                                        "Actual Loops": 1,
                                                        "Shared Hit Blocks": 727,
                                                        "Shared Read Blocks": 1575,
                                                        "Shared Dirtied Blocks": 0,
                                                        "Shared Written Blocks": 0,
                                                        "Local Hit Blocks": 0,
                                                        "Local Read Blocks": 0,
                                                        "Local Dirtied Blocks": 0,
                                                        "Local Written Blocks": 0,
                                                        "Temp Read Blocks": 0,
                                                        "Temp Written Blocks": 0,
                                                        "I/O Read Time": 684.662,
                                                        "I/O Write Time": 0.000
                                                    }
                                                ],
                                                "Plans": [
                                                    {
                                                        "Node Type": "Bitmap Index Scan",
                                                        "Parent Relationship": "Outer",
                                                        "Parallel Aware": false,
                                                        "Async Capable": false,
                                                        "Index Name": "query_samples_7d_20220624_database_id_occurred_at_idx",
                                                        "Startup Cost": 0.00,
                                                        "Total Cost": 158.39,
                                                        "Plan Rows": 8243,
                                                        "Plan Width": 0,
                                                        "Actual Rows": 4916,
                                                        "Actual Loops": 1,
                                                        "Index Cond": "(query_samples_7d_6.database_id = '12345'::integer)",
                                                        "Shared Hit Blocks": 0,
                                                        "Shared Read Blocks": 35,
                                                        "Shared Dirtied Blocks": 0,
                                                        "Shared Written Blocks": 0,
                                                        "Local Hit Blocks": 0,
                                                        "Local Read Blocks": 0,
                                                        "Local Dirtied Blocks": 0,
                                                        "Local Written Blocks": 0,
                                                        "Temp Read Blocks": 0,
                                                        "Temp Written Blocks": 0,
                                                        "I/O Read Time": 17.007,
                                                        "I/O Write Time": 0.000,
                                                        "Workers": []
                                                    }
                                                ]
                                            },
                                            {
                                                "Node Type": "Bitmap Heap Scan",
                                                "Parent Relationship": "Member",
                                                "Parallel Aware": true,
                                                "Async Capable": false,
                                                "Relation Name": "query_samples_7d_20220625",
                                                "Schema": "public",
                                                "Alias": "query_samples_7d_7",
                                                "Startup Cost": 129.21,
                                                "Total Cost": 26537.71,
                                                "Plan Rows": 2802,
                                                "Plan Width": 35,
                                                "Actual Rows": 1169,
                                                "Actual Loops": 1,
                                                "Output": [
                                                    "query_samples_7d_7.query_sample_id",
                                                    "query_samples_7d_7.query_fingerprint",
                                                    "query_samples_7d_7.database_id"
                                                ],
                                                "Recheck Cond": "(query_samples_7d_7.database_id = '12345'::integer)",
                                                "Rows Removed by Index Recheck": 0,
                                                "Filter": "(query_samples_7d_7.query_text !~~ '%/* pganalyze-collector */%'::text)",
                                                "Rows Removed by Filter": 119,
                                                "Exact Heap Blocks": 985,
                                                "Lossy Heap Blocks": 0,
                                                "Shared Hit Blocks": 41,
                                                "Shared Read Blocks": 1055,
                                                "Shared Dirtied Blocks": 0,
                                                "Shared Written Blocks": 0,
                                                "Local Hit Blocks": 0,
                                                "Local Read Blocks": 0,
                                                "Local Dirtied Blocks": 0,
                                                "Local Written Blocks": 0,
                                                "Temp Read Blocks": 0,
                                                "Temp Written Blocks": 0,
                                                "I/O Read Time": 490.253,
                                                "I/O Write Time": 0.000,
                                                "Workers": [],
                                                "Plans": [
                                                    {
                                                        "Node Type": "Bitmap Index Scan",
                                                        "Parent Relationship": "Outer",
                                                        "Parallel Aware": false,
                                                        "Async Capable": false,
                                                        "Index Name": "query_samples_7d_20220625_database_id_occurred_at_idx",
                                                        "Startup Cost": 0.00,
                                                        "Total Cost": 127.53,
                                                        "Plan Rows": 6795,
                                                        "Plan Width": 0,
                                                        "Actual Rows": 1288,
                                                        "Actual Loops": 1,
                                                        "Index Cond": "(query_samples_7d_7.database_id = '12345'::integer)",
                                                        "Shared Hit Blocks": 0,
                                                        "Shared Read Blocks": 12,
                                                        "Shared Dirtied Blocks": 0,
                                                        "Shared Written Blocks": 0,
                                                        "Local Hit Blocks": 0,
                                                        "Local Read Blocks": 0,
                                                        "Local Dirtied Blocks": 0,
                                                        "Local Written Blocks": 0,
                                                        "Temp Read Blocks": 0,
                                                        "Temp Written Blocks": 0,
                                                        "I/O Read Time": 5.066,
                                                        "I/O Write Time": 0.000,
                                                        "Workers": []
                                                    }
                                                ]
                                            },
                                            {
                                                "Node Type": "Bitmap Heap Scan",
                                                "Parent Relationship": "Member",
                                                "Parallel Aware": true,
                                                "Async Capable": false,
                                                "Relation Name": "query_samples_7d_20220619",
                                                "Schema": "public",
                                                "Alias": "query_samples_7d_1",
                                                "Startup Cost": 127.52,
                                                "Total Cost": 25662.04,
                                                "Plan Rows": 2724,
                                                "Plan Width": 34,
                                                "Actual Rows": 6091,
                                                "Actual Loops": 1,
                                                "Output": [
                                                    "query_samples_7d_1.query_sample_id",
                                                    "query_samples_7d_1.query_fingerprint",
                                                    "query_samples_7d_1.database_id"
                                                ],
                                                "Recheck Cond": "(query_samples_7d_1.database_id = '12345'::integer)",
                                                "Rows Removed by Index Recheck": 0,
                                                "Filter": "(query_samples_7d_1.query_text !~~ '%/* pganalyze-collector */%'::text)",
                                                "Rows Removed by Filter": 149,
                                                "Exact Heap Blocks": 3659,
                                                "Lossy Heap Blocks": 0,
                                                "Shared Hit Blocks": 64,
                                                "Shared Read Blocks": 3790,
                                                "Shared Dirtied Blocks": 0,
                                                "Shared Written Blocks": 0,
                                                "Local Hit Blocks": 0,
                                                "Local Read Blocks": 0,
                                                "Local Dirtied Blocks": 0,
                                                "Local Written Blocks": 0,
                                                "Temp Read Blocks": 0,
                                                "Temp Written Blocks": 0,
                                                "I/O Read Time": 1727.716,
                                                "I/O Write Time": 0.000,
                                                "Workers": [],
                                                "Plans": [
                                                    {
                                                        "Node Type": "Bitmap Index Scan",
                                                        "Parent Relationship": "Outer",
                                                        "Parallel Aware": false,
                                                        "Async Capable": false,
                                                        "Index Name": "query_samples_7d_20220619_database_id_occurred_at_idx",
                                                        "Startup Cost": 0.00,
                                                        "Total Cost": 125.88,
                                                        "Plan Rows": 6576,
                                                        "Plan Width": 0,
                                                        "Actual Rows": 6240,
                                                        "Actual Loops": 1,
                                                        "Index Cond": "(query_samples_7d_1.database_id = '12345'::integer)",
                                                        "Shared Hit Blocks": 0,
                                                        "Shared Read Blocks": 43,
                                                        "Shared Dirtied Blocks": 0,
                                                        "Shared Written Blocks": 0,
                                                        "Local Hit Blocks": 0,
                                                        "Local Read Blocks": 0,
                                                        "Local Dirtied Blocks": 0,
                                                        "Local Written Blocks": 0,
                                                        "Temp Read Blocks": 0,
                                                        "Temp Written Blocks": 0,
                                                        "I/O Read Time": 20.223,
                                                        "I/O Write Time": 0.000,
                                                        "Workers": []
                                                    }
                                                ]
                                            },
                                            {
                                                "Node Type": "Bitmap Heap Scan",
                                                "Parent Relationship": "Member",
                                                "Parallel Aware": true,
                                                "Async Capable": false,
                                                "Relation Name": "query_samples_7d_20220626",
                                                "Schema": "public",
                                                "Alias": "query_samples_7d_8",
                                                "Startup Cost": 110.70,
                                                "Total Cost": 23290.90,
                                                "Plan Rows": 2455,
                                                "Plan Width": 35,
                                                "Actual Rows": 0,
                                                "Actual Loops": 1,
                                                "Output": [
                                                    "query_samples_7d_8.query_sample_id",
                                                    "query_samples_7d_8.query_fingerprint",
                                                    "query_samples_7d_8.database_id"
                                                ],
                                                "Recheck Cond": "(query_samples_7d_8.database_id = '12345'::integer)",
                                                "Rows Removed by Index Recheck": 0,
                                                "Filter": "(query_samples_7d_8.query_text !~~ '%/* pganalyze-collector */%'::text)",
                                                "Rows Removed by Filter": 0,
                                                "Exact Heap Blocks": 0,
                                                "Lossy Heap Blocks": 0,
                                                "Shared Hit Blocks": 4,
                                                "Shared Read Blocks": 0,
                                                "Shared Dirtied Blocks": 0,
                                                "Shared Written Blocks": 0,
                                                "Local Hit Blocks": 0,
                                                "Local Read Blocks": 0,
                                                "Local Dirtied Blocks": 0,
                                                "Local Written Blocks": 0,
                                                "Temp Read Blocks": 0,
                                                "Temp Written Blocks": 0,
                                                "I/O Read Time": 0.000,
                                                "I/O Write Time": 0.000,
                                                "Workers": [],
                                                "Plans": [
                                                    {
                                                        "Node Type": "Bitmap Index Scan",
                                                        "Parent Relationship": "Outer",
                                                        "Parallel Aware": false,
                                                        "Async Capable": false,
                                                        "Index Name": "query_samples_7d_20220626_database_id_occurred_at_idx",
                                                        "Startup Cost": 0.00,
                                                        "Total Cost": 109.23,
                                                        "Plan Rows": 5955,
                                                        "Plan Width": 0,
                                                        "Actual Rows": 0,
                                                        "Actual Loops": 1,
                                                        "Index Cond": "(query_samples_7d_8.database_id = '12345'::integer)",
                                                        "Shared Hit Blocks": 4,
                                                        "Shared Read Blocks": 0,
                                                        "Shared Dirtied Blocks": 0,
                                                        "Shared Written Blocks": 0,
                                                        "Local Hit Blocks": 0,
                                                        "Local Read Blocks": 0,
                                                        "Local Dirtied Blocks": 0,
                                                        "Local Written Blocks": 0,
                                                        "Temp Read Blocks": 0,
                                                        "Temp Written Blocks": 0,
                                                        "I/O Read Time": 0.000,
                                                        "I/O Write Time": 0.000,
                                                        "Workers": []
                                                    }
                                                ]
                                            },
                                            {
                                                "Node Type": "Bitmap Heap Scan",
                                                "Parent Relationship": "Member",
                                                "Parallel Aware": true,
                                                "Async Capable": false,
                                                "Relation Name": "query_samples_7d_20220627",
                                                "Schema": "public",
                                                "Alias": "query_samples_7d_9",
                                                "Startup Cost": 4.16,
                                                "Total Cost": 9.50,
                                                "Plan Rows": 1,
                                                "Plan Width": 56,
                                                "Actual Rows": 0,
                                                "Actual Loops": 1,
                                                "Output": [
                                                    "query_samples_7d_9.query_sample_id",
                                                    "query_samples_7d_9.query_fingerprint",
                                                    "query_samples_7d_9.database_id"
                                                ],
                                                "Recheck Cond": "(query_samples_7d_9.database_id = '12345'::integer)",
                                                "Rows Removed by Index Recheck": 0,
                                                "Filter": "(query_samples_7d_9.query_text !~~ '%/* pganalyze-collector */%'::text)",
                                                "Rows Removed by Filter": 0,
                                                "Exact Heap Blocks": 0,
                                                "Lossy Heap Blocks": 0,
                                                "Shared Hit Blocks": 0,
                                                "Shared Read Blocks": 1,
                                                "Shared Dirtied Blocks": 0,
                                                "Shared Written Blocks": 0,
                                                "Local Hit Blocks": 0,
                                                "Local Read Blocks": 0,
                                                "Local Dirtied Blocks": 0,
                                                "Local Written Blocks": 0,
                                                "Temp Read Blocks": 0,
                                                "Temp Written Blocks": 0,
                                                "I/O Read Time": 0.009,
                                                "I/O Write Time": 0.000,
                                                "Workers": [],
                                                "Plans": [
                                                    {
                                                        "Node Type": "Bitmap Index Scan",
                                                        "Parent Relationship": "Outer",
                                                        "Parallel Aware": false,
                                                        "Async Capable": false,
                                                        "Index Name": "query_samples_7d_20220627_database_id_occurred_at_idx",
                                                        "Startup Cost": 0.00,
                                                        "Total Cost": 4.16,
                                                        "Plan Rows": 2,
                                                        "Plan Width": 0,
                                                        "Actual Rows": 0,
                                                        "Actual Loops": 1,
                                                        "Index Cond": "(query_samples_7d_9.database_id = '12345'::integer)",
                                                        "Shared Hit Blocks": 0,
                                                        "Shared Read Blocks": 1,
                                                        "Shared Dirtied Blocks": 0,
                                                        "Shared Written Blocks": 0,
                                                        "Local Hit Blocks": 0,
                                                        "Local Read Blocks": 0,
                                                        "Local Dirtied Blocks": 0,
                                                        "Local Written Blocks": 0,
                                                        "Temp Read Blocks": 0,
                                                        "Temp Written Blocks": 0,
                                                        "I/O Read Time": 0.009,
                                                        "I/O Write Time": 0.000,
                                                        "Workers": []
                                                    }
                                                ]
                                            }
                                        ]
                                    },
                                    {
                                        "Node Type": "Hash",
                                        "Parent Relationship": "Inner",
                                        "Parallel Aware": true,
                                        "Async Capable": false,
                                        "Startup Cost": 60350.08,
                                        "Total Cost": 60350.08,
                                        "Plan Rows": 6450,
                                        "Plan Width": 1687,
                                        "Actual Rows": 2287,
                                        "Actual Loops": 3,
                                        "Output": [
                                            "query_explains_7d.query_explain_id",
                                            "query_explains_7d.server_id",
                                            "query_explains_7d.database_id",
                                            "query_explains_7d.query_fingerprint",
                                            "query_explains_7d.postgres_role_id",
                                            "query_explains_7d.format",
                                            "query_explains_7d.source",
                                            "query_explains_7d.seen_at",
                                            "query_explains_7d.query_sample_id",
                                            "query_explains_7d.total_cost",
                                            "query_explains_7d.total_shared_blks_hit",
                                            "query_explains_7d.total_shared_blks_read",
                                            "query_explains_7d.total_shared_blks_written",
                                            "query_explains_7d.total_shared_blks_dirtied",
                                            "query_explains_7d.total_blk_read_time",
                                            "query_explains_7d.total_blk_write_time",
                                            "query_explains_7d.plan_node_types",
                                            "query_explains_7d.output_json",
                                            "query_explains_7d.output_text",
                                            "query_explains_7d.error",
                                            "query_explains_7d.plan_fingerprint",
                                            "query_explains_7d.runtime_ms"
                                        ],
                                        "Hash Buckets": 16384,
                                        "Original Hash Buckets": 16384,
                                        "Hash Batches": 1,
                                        "Original Hash Batches": 1,
                                        "Peak Memory Usage": 6560,
                                        "Shared Hit Blocks": 267,
                                        "Shared Read Blocks": 4914,
                                        "Shared Dirtied Blocks": 0,
                                        "Shared Written Blocks": 0,
                                        "Local Hit Blocks": 0,
                                        "Local Read Blocks": 0,
                                        "Local Dirtied Blocks": 0,
                                        "Local Written Blocks": 0,
                                        "Temp Read Blocks": 0,
                                        "Temp Written Blocks": 0,
                                        "I/O Read Time": 2394.562,
                                        "I/O Write Time": 0.000,
                                        "Workers": [
                                            {
                                                "Worker Number": 0,
                                                "Actual Rows": 2406,
                                                "Actual Loops": 1,
                                                "Shared Hit Blocks": 89,
                                                "Shared Read Blocks": 1658,
                                                "Shared Dirtied Blocks": 0,
                                                "Shared Written Blocks": 0,
                                                "Local Hit Blocks": 0,
                                                "Local Read Blocks": 0,
                                                "Local Dirtied Blocks": 0,
                                                "Local Written Blocks": 0,
                                                "Temp Read Blocks": 0,
                                                "Temp Written Blocks": 0,
                                                "I/O Read Time": 813.861,
                                                "I/O Write Time": 0.000
                                            },
                                            {
                                                "Worker Number": 1,
                                                "Actual Rows": 2329,
                                                "Actual Loops": 1,
                                                "Shared Hit Blocks": 120,
                                                "Shared Read Blocks": 1626,
                                                "Shared Dirtied Blocks": 0,
                                                "Shared Written Blocks": 0,
                                                "Local Hit Blocks": 0,
                                                "Local Read Blocks": 0,
                                                "Local Dirtied Blocks": 0,
                                                "Local Written Blocks": 0,
                                                "Temp Read Blocks": 0,
                                                "Temp Written Blocks": 0,
                                                "I/O Read Time": 781.147,
                                                "I/O Write Time": 0.000
                                            }
                                        ],
                                        "Plans": [
                                            {
                                                "Node Type": "Append",
                                                "Parent Relationship": "Outer",
                                                "Parallel Aware": true,
                                                "Async Capable": false,
                                                "Startup Cost": 0.43,
                                                "Total Cost": 60350.08,
                                                "Plan Rows": 6450,
                                                "Plan Width": 1687,
                                                "Actual Rows": 2287,
                                                "Actual Loops": 3,
                                                "Shared Hit Blocks": 267,
                                                "Shared Read Blocks": 4914,
                                                "Shared Dirtied Blocks": 0,
                                                "Shared Written Blocks": 0,
                                                "Local Hit Blocks": 0,
                                                "Local Read Blocks": 0,
                                                "Local Dirtied Blocks": 0,
                                                "Local Written Blocks": 0,
                                                "Temp Read Blocks": 0,
                                                "Temp Written Blocks": 0,
                                                "I/O Read Time": 2394.562,
                                                "I/O Write Time": 0.000,
                                                "Workers": [
                                                    {
                                                        "Worker Number": 0,
                                                        "Actual Rows": 2406,
                                                        "Actual Loops": 1,
                                                        "Shared Hit Blocks": 89,
                                                        "Shared Read Blocks": 1658,
                                                        "Shared Dirtied Blocks": 0,
                                                        "Shared Written Blocks": 0,
                                                        "Local Hit Blocks": 0,
                                                        "Local Read Blocks": 0,
                                                        "Local Dirtied Blocks": 0,
                                                        "Local Written Blocks": 0,
                                                        "Temp Read Blocks": 0,
                                                        "Temp Written Blocks": 0,
                                                        "I/O Read Time": 813.861,
                                                        "I/O Write Time": 0.000
                                                    },
                                                    {
                                                        "Worker Number": 1,
                                                        "Actual Rows": 2329,
                                                        "Actual Loops": 1,
                                                        "Shared Hit Blocks": 120,
                                                        "Shared Read Blocks": 1626,
                                                        "Shared Dirtied Blocks": 0,
                                                        "Shared Written Blocks": 0,
                                                        "Local Hit Blocks": 0,
                                                        "Local Read Blocks": 0,
                                                        "Local Dirtied Blocks": 0,
                                                        "Local Written Blocks": 0,
                                                        "Temp Read Blocks": 0,
                                                        "Temp Written Blocks": 0,
                                                        "I/O Read Time": 781.147,
                                                        "I/O Write Time": 0.000
                                                    }
                                                ],
                                                "Subplans Removed": 0,
                                                "Plans": [
                                                    {
                                                        "Node Type": "Index Scan",
                                                        "Parent Relationship": "Member",
                                                        "Parallel Aware": true,
                                                        "Async Capable": false,
                                                        "Scan Direction": "Backward",
                                                        "Index Name": "query_explains_7d_20220622_database_id_seen_at_idx",
                                                        "Relation Name": "query_explains_7d_20220622",
                                                        "Schema": "public",
                                                        "Alias": "query_explains_7d_4",
                                                        "Startup Cost": 0.43,
                                                        "Total Cost": 9612.34,
                                                        "Plan Rows": 1454,
                                                        "Plan Width": 1697,
                                                        "Actual Rows": 746,
                                                        "Actual Loops": 1,
                                                        "Output": [
                                                            "query_explains_7d_4.query_explain_id",
                                                            "query_explains_7d_4.server_id",
                                                            "query_explains_7d_4.database_id",
                                                            "query_explains_7d_4.query_fingerprint",
                                                            "query_explains_7d_4.postgres_role_id",
                                                            "query_explains_7d_4.format",
                                                            "query_explains_7d_4.source",
                                                            "query_explains_7d_4.seen_at",
                                                            "query_explains_7d_4.query_sample_id",
                                                            "query_explains_7d_4.total_cost",
                                                            "query_explains_7d_4.total_shared_blks_hit",
                                                            "query_explains_7d_4.total_shared_blks_read",
                                                            "query_explains_7d_4.total_shared_blks_written",
                                                            "query_explains_7d_4.total_shared_blks_dirtied",
                                                            "query_explains_7d_4.total_blk_read_time",
                                                            "query_explains_7d_4.total_blk_write_time",
                                                            "query_explains_7d_4.plan_node_types",
                                                            "query_explains_7d_4.output_json",
                                                            "query_explains_7d_4.output_text",
                                                            "query_explains_7d_4.error",
                                                            "query_explains_7d_4.plan_fingerprint",
                                                            "query_explains_7d_4.runtime_ms"
                                                        ],
                                                        "Index Cond": "((query_explains_7d_4.database_id = '12345'::integer) AND (query_explains_7d_4.seen_at >= '2022-06-18 21:53:59.990309+00'::timestamp with time zone) AND (query_explains_7d_4.seen_at <= '2022-06-25 21:53:59.990427+00'::timestamp with time zone))",
                                                        "Rows Removed by Index Recheck": 0,
                                                        "Shared Hit Blocks": 24,
                                                        "Shared Read Blocks": 519,
                                                        "Shared Dirtied Blocks": 0,
                                                        "Shared Written Blocks": 0,
                                                        "Local Hit Blocks": 0,
                                                        "Local Read Blocks": 0,
                                                        "Local Dirtied Blocks": 0,
                                                        "Local Written Blocks": 0,
                                                        "Temp Read Blocks": 0,
                                                        "Temp Written Blocks": 0,
                                                        "I/O Read Time": 251.696,
                                                        "I/O Write Time": 0.000,
                                                        "Workers": [
                                                            {
                                                                "Worker Number": 0,
                                                                "Actual Rows": 746,
                                                                "Actual Loops": 1,
                                                                "Shared Hit Blocks": 24,
                                                                "Shared Read Blocks": 519,
                                                                "Shared Dirtied Blocks": 0,
                                                                "Shared Written Blocks": 0,
                                                                "Local Hit Blocks": 0,
                                                                "Local Read Blocks": 0,
                                                                "Local Dirtied Blocks": 0,
                                                                "Local Written Blocks": 0,
                                                                "Temp Read Blocks": 0,
                                                                "Temp Written Blocks": 0,
                                                                "I/O Read Time": 251.696,
                                                                "I/O Write Time": 0.000
                                                            }
                                                        ]
                                                    },
                                                    {
                                                        "Node Type": "Index Scan",
                                                        "Parent Relationship": "Member",
                                                        "Parallel Aware": true,
                                                        "Async Capable": false,
                                                        "Scan Direction": "Backward",
                                                        "Index Name": "query_explains_7d_20220624_database_id_seen_at_idx",
                                                        "Relation Name": "query_explains_7d_20220624",
                                                        "Schema": "public",
                                                        "Alias": "query_explains_7d_6",
                                                        "Startup Cost": 0.43,
                                                        "Total Cost": 9414.87,
                                                        "Plan Rows": 1416,
                                                        "Plan Width": 1699,
                                                        "Actual Rows": 889,
                                                        "Actual Loops": 1,
                                                        "Output": [
                                                            "query_explains_7d_6.query_explain_id",
                                                            "query_explains_7d_6.server_id",
                                                            "query_explains_7d_6.database_id",
                                                            "query_explains_7d_6.query_fingerprint",
                                                            "query_explains_7d_6.postgres_role_id",
                                                            "query_explains_7d_6.format",
                                                            "query_explains_7d_6.source",
                                                            "query_explains_7d_6.seen_at",
                                                            "query_explains_7d_6.query_sample_id",
                                                            "query_explains_7d_6.total_cost",
                                                            "query_explains_7d_6.total_shared_blks_hit",
                                                            "query_explains_7d_6.total_shared_blks_read",
                                                            "query_explains_7d_6.total_shared_blks_written",
                                                            "query_explains_7d_6.total_shared_blks_dirtied",
                                                            "query_explains_7d_6.total_blk_read_time",
                                                            "query_explains_7d_6.total_blk_write_time",
                                                            "query_explains_7d_6.plan_node_types",
                                                            "query_explains_7d_6.output_json",
                                                            "query_explains_7d_6.output_text",
                                                            "query_explains_7d_6.error",
                                                            "query_explains_7d_6.plan_fingerprint",
                                                            "query_explains_7d_6.runtime_ms"
                                                        ],
                                                        "Index Cond": "((query_explains_7d_6.database_id = '12345'::integer) AND (query_explains_7d_6.seen_at >= '2022-06-18 21:53:59.990309+00'::timestamp with time zone) AND (query_explains_7d_6.seen_at <= '2022-06-25 21:53:59.990427+00'::timestamp with time zone))",
                                                        "Rows Removed by Index Recheck": 0,
                                                        "Shared Hit Blocks": 56,
                                                        "Shared Read Blocks": 602,
                                                        "Shared Dirtied Blocks": 0,
                                                        "Shared Written Blocks": 0,
                                                        "Local Hit Blocks": 0,
                                                        "Local Read Blocks": 0,
                                                        "Local Dirtied Blocks": 0,
                                                        "Local Written Blocks": 0,
                                                        "Temp Read Blocks": 0,
                                                        "Temp Written Blocks": 0,
                                                        "I/O Read Time": 286.581,
                                                        "I/O Write Time": 0.000,
                                                        "Workers": [
                                                            {
                                                                "Worker Number": 1,
                                                                "Actual Rows": 889,
                                                                "Actual Loops": 1,
                                                                "Shared Hit Blocks": 56,
                                                                "Shared Read Blocks": 602,
                                                                "Shared Dirtied Blocks": 0,
                                                                "Shared Written Blocks": 0,
                                                                "Local Hit Blocks": 0,
                                                                "Local Read Blocks": 0,
                                                                "Local Dirtied Blocks": 0,
                                                                "Local Written Blocks": 0,
                                                                "Temp Read Blocks": 0,
                                                                "Temp Written Blocks": 0,
                                                                "I/O Read Time": 286.581,
                                                                "I/O Write Time": 0.000
                                                            }
                                                        ]
                                                    },
                                                    {
                                                        "Node Type": "Index Scan",
                                                        "Parent Relationship": "Member",
                                                        "Parallel Aware": true,
                                                        "Async Capable": false,
                                                        "Scan Direction": "Backward",
                                                        "Index Name": "query_explains_7d_20220621_database_id_seen_at_idx",
                                                        "Relation Name": "query_explains_7d_20220621",
                                                        "Schema": "public",
                                                        "Alias": "query_explains_7d_3",
                                                        "Startup Cost": 0.43,
                                                        "Total Cost": 9102.95,
                                                        "Plan Rows": 1370,
                                                        "Plan Width": 1659,
                                                        "Actual Rows": 785,
                                                        "Actual Loops": 1,
                                                        "Output": [
                                                            "query_explains_7d_3.query_explain_id",
                                                            "query_explains_7d_3.server_id",
                                                            "query_explains_7d_3.database_id",
                                                            "query_explains_7d_3.query_fingerprint",
                                                            "query_explains_7d_3.postgres_role_id",
                                                            "query_explains_7d_3.format",
                                                            "query_explains_7d_3.source",
                                                            "query_explains_7d_3.seen_at",
                                                            "query_explains_7d_3.query_sample_id",
                                                            "query_explains_7d_3.total_cost",
                                                            "query_explains_7d_3.total_shared_blks_hit",
                                                            "query_explains_7d_3.total_shared_blks_read",
                                                            "query_explains_7d_3.total_shared_blks_written",
                                                            "query_explains_7d_3.total_shared_blks_dirtied",
                                                            "query_explains_7d_3.total_blk_read_time",
                                                            "query_explains_7d_3.total_blk_write_time",
                                                            "query_explains_7d_3.plan_node_types",
                                                            "query_explains_7d_3.output_json",
                                                            "query_explains_7d_3.output_text",
                                                            "query_explains_7d_3.error",
                                                            "query_explains_7d_3.plan_fingerprint",
                                                            "query_explains_7d_3.runtime_ms"
                                                        ],
                                                        "Index Cond": "((query_explains_7d_3.database_id = '12345'::integer) AND (query_explains_7d_3.seen_at >= '2022-06-18 21:53:59.990309+00'::timestamp with time zone) AND (query_explains_7d_3.seen_at <= '2022-06-25 21:53:59.990427+00'::timestamp with time zone))",
                                                        "Rows Removed by Index Recheck": 0,
                                                        "Shared Hit Blocks": 30,
                                                        "Shared Read Blocks": 541,
                                                        "Shared Dirtied Blocks": 0,
                                                        "Shared Written Blocks": 0,
                                                        "Local Hit Blocks": 0,
                                                        "Local Read Blocks": 0,
                                                        "Local Dirtied Blocks": 0,
                                                        "Local Written Blocks": 0,
                                                        "Temp Read Blocks": 0,
                                                        "Temp Written Blocks": 0,
                                                        "I/O Read Time": 267.379,
                                                        "I/O Write Time": 0.000,
                                                        "Workers": [
                                                            {
                                                                "Worker Number": 0,
                                                                "Actual Rows": 785,
                                                                "Actual Loops": 1,
                                                                "Shared Hit Blocks": 30,
                                                                "Shared Read Blocks": 541,
                                                                "Shared Dirtied Blocks": 0,
                                                                "Shared Written Blocks": 0,
                                                                "Local Hit Blocks": 0,
                                                                "Local Read Blocks": 0,
                                                                "Local Dirtied Blocks": 0,
                                                                "Local Written Blocks": 0,
                                                                "Temp Read Blocks": 0,
                                                                "Temp Written Blocks": 0,
                                                                "I/O Read Time": 267.379,
                                                                "I/O Write Time": 0.000
                                                            }
                                                        ]
                                                    },
                                                    {
                                                        "Node Type": "Index Scan",
                                                        "Parent Relationship": "Member",
                                                        "Parallel Aware": true,
                                                        "Async Capable": false,
                                                        "Scan Direction": "Backward",
                                                        "Index Name": "query_explains_7d_20220623_database_id_seen_at_idx",
                                                        "Relation Name": "query_explains_7d_20220623",
                                                        "Schema": "public",
                                                        "Alias": "query_explains_7d_5",
                                                        "Startup Cost": 0.43,
                                                        "Total Cost": 8800.15,
                                                        "Plan Rows": 1336,
                                                        "Plan Width": 1741,
                                                        "Actual Rows": 715,
                                                        "Actual Loops": 1,
                                                        "Output": [
                                                            "query_explains_7d_5.query_explain_id",
                                                            "query_explains_7d_5.server_id",
                                                            "query_explains_7d_5.database_id",
                                                            "query_explains_7d_5.query_fingerprint",
                                                            "query_explains_7d_5.postgres_role_id",
                                                            "query_explains_7d_5.format",
                                                            "query_explains_7d_5.source",
                                                            "query_explains_7d_5.seen_at",
                                                            "query_explains_7d_5.query_sample_id",
                                                            "query_explains_7d_5.total_cost",
                                                            "query_explains_7d_5.total_shared_blks_hit",
                                                            "query_explains_7d_5.total_shared_blks_read",
                                                            "query_explains_7d_5.total_shared_blks_written",
                                                            "query_explains_7d_5.total_shared_blks_dirtied",
                                                            "query_explains_7d_5.total_blk_read_time",
                                                            "query_explains_7d_5.total_blk_write_time",
                                                            "query_explains_7d_5.plan_node_types",
                                                            "query_explains_7d_5.output_json",
                                                            "query_explains_7d_5.output_text",
                                                            "query_explains_7d_5.error",
                                                            "query_explains_7d_5.plan_fingerprint",
                                                            "query_explains_7d_5.runtime_ms"
                                                        ],
                                                        "Index Cond": "((query_explains_7d_5.database_id = '12345'::integer) AND (query_explains_7d_5.seen_at >= '2022-06-18 21:53:59.990309+00'::timestamp with time zone) AND (query_explains_7d_5.seen_at <= '2022-06-25 21:53:59.990427+00'::timestamp with time zone))",
                                                        "Rows Removed by Index Recheck": 0,
                                                        "Shared Hit Blocks": 32,
                                                        "Shared Read Blocks": 481,
                                                        "Shared Dirtied Blocks": 0,
                                                        "Shared Written Blocks": 0,
                                                        "Local Hit Blocks": 0,
                                                        "Local Read Blocks": 0,
                                                        "Local Dirtied Blocks": 0,
                                                        "Local Written Blocks": 0,
                                                        "Temp Read Blocks": 0,
                                                        "Temp Written Blocks": 0,
                                                        "I/O Read Time": 235.379,
                                                        "I/O Write Time": 0.000,
                                                        "Workers": [
                                                            {
                                                                "Worker Number": 1,
                                                                "Actual Rows": 715,
                                                                "Actual Loops": 1,
                                                                "Shared Hit Blocks": 32,
                                                                "Shared Read Blocks": 481,
                                                                "Shared Dirtied Blocks": 0,
                                                                "Shared Written Blocks": 0,
                                                                "Local Hit Blocks": 0,
                                                                "Local Read Blocks": 0,
                                                                "Local Dirtied Blocks": 0,
                                                                "Local Written Blocks": 0,
                                                                "Temp Read Blocks": 0,
                                                                "Temp Written Blocks": 0,
                                                                "I/O Read Time": 235.379,
                                                                "I/O Write Time": 0.000
                                                            }
                                                        ]
                                                    },
                                                    {
                                                        "Node Type": "Index Scan",
                                                        "Parent Relationship": "Member",
                                                        "Parallel Aware": true,
                                                        "Async Capable": false,
                                                        "Scan Direction": "Backward",
                                                        "Index Name": "query_explains_7d_20220620_database_id_seen_at_idx",
                                                        "Relation Name": "query_explains_7d_20220620",
                                                        "Schema": "public",
                                                        "Alias": "query_explains_7d_2",
                                                        "Startup Cost": 0.43,
                                                        "Total Cost": 8382.60,
                                                        "Plan Rows": 1263,
                                                        "Plan Width": 1658,
                                                        "Actual Rows": 582,
                                                        "Actual Loops": 3,
                                                        "Output": [
                                                            "query_explains_7d_2.query_explain_id",
                                                            "query_explains_7d_2.server_id",
                                                            "query_explains_7d_2.database_id",
                                                            "query_explains_7d_2.query_fingerprint",
                                                            "query_explains_7d_2.postgres_role_id",
                                                            "query_explains_7d_2.format",
                                                            "query_explains_7d_2.source",
                                                            "query_explains_7d_2.seen_at",
                                                            "query_explains_7d_2.query_sample_id",
                                                            "query_explains_7d_2.total_cost",
                                                            "query_explains_7d_2.total_shared_blks_hit",
                                                            "query_explains_7d_2.total_shared_blks_read",
                                                            "query_explains_7d_2.total_shared_blks_written",
                                                            "query_explains_7d_2.total_shared_blks_dirtied",
                                                            "query_explains_7d_2.total_blk_read_time",
                                                            "query_explains_7d_2.total_blk_write_time",
                                                            "query_explains_7d_2.plan_node_types",
                                                            "query_explains_7d_2.output_json",
                                                            "query_explains_7d_2.output_text",
                                                            "query_explains_7d_2.error",
                                                            "query_explains_7d_2.plan_fingerprint",
                                                            "query_explains_7d_2.runtime_ms"
                                                        ],
                                                        "Index Cond": "((query_explains_7d_2.database_id = '12345'::integer) AND (query_explains_7d_2.seen_at >= '2022-06-18 21:53:59.990309+00'::timestamp with time zone) AND (query_explains_7d_2.seen_at <= '2022-06-25 21:53:59.990427+00'::timestamp with time zone))",
                                                        "Rows Removed by Index Recheck": 0,
                                                        "Shared Hit Blocks": 72,
                                                        "Shared Read Blocks": 1193,
                                                        "Shared Dirtied Blocks": 0,
                                                        "Shared Written Blocks": 0,
                                                        "Local Hit Blocks": 0,
                                                        "Local Read Blocks": 0,
                                                        "Local Dirtied Blocks": 0,
                                                        "Local Written Blocks": 0,
                                                        "Temp Read Blocks": 0,
                                                        "Temp Written Blocks": 0,
                                                        "I/O Read Time": 576.677,
                                                        "I/O Write Time": 0.000,
                                                        "Workers": [
                                                            {
                                                                "Worker Number": 0,
                                                                "Actual Rows": 875,
                                                                "Actual Loops": 1,
                                                                "Shared Hit Blocks": 35,
                                                                "Shared Read Blocks": 598,
                                                                "Shared Dirtied Blocks": 0,
                                                                "Shared Written Blocks": 0,
                                                                "Local Hit Blocks": 0,
                                                                "Local Read Blocks": 0,
                                                                "Local Dirtied Blocks": 0,
                                                                "Local Written Blocks": 0,
                                                                "Temp Read Blocks": 0,
                                                                "Temp Written Blocks": 0,
                                                                "I/O Read Time": 294.785,
                                                                "I/O Write Time": 0.000
                                                            },
                                                            {
                                                                "Worker Number": 1,
                                                                "Actual Rows": 435,
                                                                "Actual Loops": 1,
                                                                "Shared Hit Blocks": 20,
                                                                "Shared Read Blocks": 312,
                                                                "Shared Dirtied Blocks": 0,
                                                                "Shared Written Blocks": 0,
                                                                "Local Hit Blocks": 0,
                                                                "Local Read Blocks": 0,
                                                                "Local Dirtied Blocks": 0,
                                                                "Local Written Blocks": 0,
                                                                "Temp Read Blocks": 0,
                                                                "Temp Written Blocks": 0,
                                                                "I/O Read Time": 146.000,
                                                                "I/O Write Time": 0.000
                                                            }
                                                        ]
                                                    },
                                                    {
                                                        "Node Type": "Index Scan",
                                                        "Parent Relationship": "Member",
                                                        "Parallel Aware": true,
                                                        "Async Capable": false,
                                                        "Scan Direction": "Backward",
                                                        "Index Name": "query_explains_7d_20220625_database_id_seen_at_idx",
                                                        "Relation Name": "query_explains_7d_20220625",
                                                        "Schema": "public",
                                                        "Alias": "query_explains_7d_7",
                                                        "Startup Cost": 0.43,
                                                        "Total Cost": 7864.38,
                                                        "Plan Rows": 1186,
                                                        "Plan Width": 1657,
                                                        "Actual Rows": 0,
                                                        "Actual Loops": 1,
                                                        "Output": [
                                                            "query_explains_7d_7.query_explain_id",
                                                            "query_explains_7d_7.server_id",
                                                            "query_explains_7d_7.database_id",
                                                            "query_explains_7d_7.query_fingerprint",
                                                            "query_explains_7d_7.postgres_role_id",
                                                            "query_explains_7d_7.format",
                                                            "query_explains_7d_7.source",
                                                            "query_explains_7d_7.seen_at",
                                                            "query_explains_7d_7.query_sample_id",
                                                            "query_explains_7d_7.total_cost",
                                                            "query_explains_7d_7.total_shared_blks_hit",
                                                            "query_explains_7d_7.total_shared_blks_read",
                                                            "query_explains_7d_7.total_shared_blks_written",
                                                            "query_explains_7d_7.total_shared_blks_dirtied",
                                                            "query_explains_7d_7.total_blk_read_time",
                                                            "query_explains_7d_7.total_blk_write_time",
                                                            "query_explains_7d_7.plan_node_types",
                                                            "query_explains_7d_7.output_json",
                                                            "query_explains_7d_7.output_text",
                                                            "query_explains_7d_7.error",
                                                            "query_explains_7d_7.plan_fingerprint",
                                                            "query_explains_7d_7.runtime_ms"
                                                        ],
                                                        "Index Cond": "((query_explains_7d_7.database_id = '12345'::integer) AND (query_explains_7d_7.seen_at >= '2022-06-18 21:53:59.990309+00'::timestamp with time zone) AND (query_explains_7d_7.seen_at <= '2022-06-25 21:53:59.990427+00'::timestamp with time zone))",
                                                        "Rows Removed by Index Recheck": 0,
                                                        "Shared Hit Blocks": 2,
                                                        "Shared Read Blocks": 3,
                                                        "Shared Dirtied Blocks": 0,
                                                        "Shared Written Blocks": 0,
                                                        "Local Hit Blocks": 0,
                                                        "Local Read Blocks": 0,
                                                        "Local Dirtied Blocks": 0,
                                                        "Local Written Blocks": 0,
                                                        "Temp Read Blocks": 0,
                                                        "Temp Written Blocks": 0,
                                                        "I/O Read Time": 1.323,
                                                        "I/O Write Time": 0.000,
                                                        "Workers": [
                                                            {
                                                                "Worker Number": 1,
                                                                "Actual Rows": 0,
                                                                "Actual Loops": 1,
                                                                "Shared Hit Blocks": 2,
                                                                "Shared Read Blocks": 3,
                                                                "Shared Dirtied Blocks": 0,
                                                                "Shared Written Blocks": 0,
                                                                "Local Hit Blocks": 0,
                                                                "Local Read Blocks": 0,
                                                                "Local Dirtied Blocks": 0,
                                                                "Local Written Blocks": 0,
                                                                "Temp Read Blocks": 0,
                                                                "Temp Written Blocks": 0,
                                                                "I/O Read Time": 1.323,
                                                                "I/O Write Time": 0.000
                                                            }
                                                        ]
                                                    },
                                                    {
                                                        "Node Type": "Index Scan",
                                                        "Parent Relationship": "Member",
                                                        "Parallel Aware": true,
                                                        "Async Capable": false,
                                                        "Scan Direction": "Backward",
                                                        "Index Name": "query_explains_7d_20220619_database_id_seen_at_idx",
                                                        "Relation Name": "query_explains_7d_20220619",
                                                        "Schema": "public",
                                                        "Alias": "query_explains_7d_1",
                                                        "Startup Cost": 0.43,
                                                        "Total Cost": 7140.54,
                                                        "Plan Rows": 1081,
                                                        "Plan Width": 1695,
                                                        "Actual Rows": 990,
                                                        "Actual Loops": 2,
                                                        "Output": [
                                                            "query_explains_7d_1.query_explain_id",
                                                            "query_explains_7d_1.server_id",
                                                            "query_explains_7d_1.database_id",
                                                            "query_explains_7d_1.query_fingerprint",
                                                            "query_explains_7d_1.postgres_role_id",
                                                            "query_explains_7d_1.format",
                                                            "query_explains_7d_1.source",
                                                            "query_explains_7d_1.seen_at",
                                                            "query_explains_7d_1.query_sample_id",
                                                            "query_explains_7d_1.total_cost",
                                                            "query_explains_7d_1.total_shared_blks_hit",
                                                            "query_explains_7d_1.total_shared_blks_read",
                                                            "query_explains_7d_1.total_shared_blks_written",
                                                            "query_explains_7d_1.total_shared_blks_dirtied",
                                                            "query_explains_7d_1.total_blk_read_time",
                                                            "query_explains_7d_1.total_blk_write_time",
                                                            "query_explains_7d_1.plan_node_types",
                                                            "query_explains_7d_1.output_json",
                                                            "query_explains_7d_1.output_text",
                                                            "query_explains_7d_1.error",
                                                            "query_explains_7d_1.plan_fingerprint",
                                                            "query_explains_7d_1.runtime_ms"
                                                        ],
                                                        "Index Cond": "((query_explains_7d_1.database_id = '12345'::integer) AND (query_explains_7d_1.seen_at >= '2022-06-18 21:53:59.990309+00'::timestamp with time zone) AND (query_explains_7d_1.seen_at <= '2022-06-25 21:53:59.990427+00'::timestamp with time zone))",
                                                        "Rows Removed by Index Recheck": 0,
                                                        "Shared Hit Blocks": 51,
                                                        "Shared Read Blocks": 1575,
                                                        "Shared Dirtied Blocks": 0,
                                                        "Shared Written Blocks": 0,
                                                        "Local Hit Blocks": 0,
                                                        "Local Read Blocks": 0,
                                                        "Local Dirtied Blocks": 0,
                                                        "Local Written Blocks": 0,
                                                        "Temp Read Blocks": 0,
                                                        "Temp Written Blocks": 0,
                                                        "I/O Read Time": 775.526,
                                                        "I/O Write Time": 0.000,
                                                        "Workers": [
                                                            {
                                                                "Worker Number": 1,
                                                                "Actual Rows": 290,
                                                                "Actual Loops": 1,
                                                                "Shared Hit Blocks": 10,
                                                                "Shared Read Blocks": 228,
                                                                "Shared Dirtied Blocks": 0,
                                                                "Shared Written Blocks": 0,
                                                                "Local Hit Blocks": 0,
                                                                "Local Read Blocks": 0,
                                                                "Local Dirtied Blocks": 0,
                                                                "Local Written Blocks": 0,
                                                                "Temp Read Blocks": 0,
                                                                "Temp Written Blocks": 0,
                                                                "I/O Read Time": 111.864,
                                                                "I/O Write Time": 0.000
                                                            }
                                                        ]
                                                    }
                                                ]
                                            }
                                        ]
                                    }
                                ]
                            }
                        ]
                    }
                ]
            }
        ]
    },
    "Triggers": []
}