[
    {
        "Execution Time": 3.901,
        "Plan": {
            "Node Type": "Aggregate",
            "Strategy": "Plain",
            "Partial Mode": "Simple",
            "Parallel Aware": false,
            "Async Capable": false,
            "Startup Cost": 508.77,
            "Total Cost": 508.78,
            "Plan Rows": 1,
            "Plan Width": 40,
            "Actual Startup Time": 3.773,
            "Actual Total Time": 3.776,
            "Actual Rows": 1,
            "Actual Loops": 1,
            "Shared Hit Blocks": 386,
            "Shared Read Blocks": 0,
            "Shared Dirtied Blocks": 0,
            "Shared Written Blocks": 0,
            "Local Hit Blocks": 0,
            "Local Read Blocks": 0,
            "Local Dirtied Blocks": 0,
            "Local Written Blocks": 0,
            "Temp Read Blocks": 0,
            "Temp Written Blocks": 0,
            "Plans": [
                {
                    "Node Type": "Nested Loop",
                    "Parent Relationship": "Outer",
                    "Parallel Aware": false,
                    "Async Capable": false,
                    "Join Type": "Inner",
                    "Startup Cost": 0.30,
                    "Total Cost": 503.77,
                    "Plan Rows": 999,
                    "Plan Width": 4,
                    "Actual Startup Time": 0.033,
                    "Actual Total Time": 3.622,
                    "Actual Rows": 1000,
                    "Actual Loops": 1,
                    "Inner Unique": false,
                    "Shared Hit Blocks": 386,
                    "Shared Read Blocks": 0,
                    "Shared Dirtied Blocks": 0,
                    "Shared Written Blocks": 0,
                    "Local Hit Blocks": 0,
                    "Local Read Blocks": 0,
                    "Local Dirtied Blocks": 0,
                    "Local Written Blocks": 0,
                    "Temp Read Blocks": 0,
                    "Temp Written Blocks": 0,
                    "Plans": [
                        {
                            "Node Type": "Seq Scan",
                            "Parent Relationship": "Outer",
                            "Parallel Aware": false,
                            "Async Capable": false,
                            "Relation Name": "tenk1",
                            "Alias": "t2",
                            "Startup Cost": 0.00,
                            "Total Cost": 469.94,
                            "Plan Rows": 999,
                            "Plan Width": 4,
                            "Actual Startup Time": 0.023,
                            "Actual Total Time": 2.826,
                            "Actual Rows": 1000,
                            "Actual Loops": 1,
                            "Filter": "(unique1 \u003c 1000)",
                            "Rows Removed by Filter": 9000,
                            "Shared Hit Blocks": 345,
                            "Shared Read Blocks": 0,
                            "Shared Dirtied Blocks": 0,
                            "Shared Written Blocks": 0,
                            "Local Hit Blocks": 0,
                            "Local Read Blocks": 0,
                            "Local Dirtied Blocks": 0,
                            "Local Written Blocks": 0,
                            "Temp Read Blocks": 0,
                            "Temp Written Blocks": 0
                        },
                        {
                            "Node Type": "Memoize",
                            "Parent Relationship": "Inner",
                            "Parallel Aware": false,
                            "Async Capable": false,
                            "Startup Cost": 0.30,
                            "Total Cost": 0.43,
                            "Plan Rows": 1,
                            "Plan Width": 4,
                            "Actual Startup Time": 0.000,
                            "Actual Total Time": 0.000,
                            "Actual Rows": 1,
                            "Actual Loops": 1000,
                            "Cache Key": "t2.twenty",
                            "Cache Mode": "logical",
                            "Cache Hits": 980,
                            "Cache Misses": 20,
                            "Cache Evictions": 0,
                            "Cache Overflows": 0,
                            "Peak Memory Usage": 3,
                            "Shared Hit Blocks": 41,
                            "Shared Read Blocks": 0,
                            "Shared Dirtied Blocks": 0,
                            "Shared Written Blocks": 0,
                            "Local Hit Blocks": 0,
                            "Local Read Blocks": 0,
                            "Local Dirtied Blocks": 0,
                            "Local Written Blocks": 0,
                            "Temp Read Blocks": 0,
                            "Temp Written Blocks": 0,
                            "Plans": [
                                {
                                    "Node Type": "Index Only Scan",
                                    "Parent Relationship": "Outer",
                                    "Parallel Aware": false,
                                    "Async Capable": false,
                                    "Scan Direction": "Forward",
                                    "Index Name": "tenk1_unique1",
                                    "Relation Name": "tenk1",
                                    "Alias": "t1",
                                    "Startup Cost": 0.29,
                                    "Total Cost": 0.42,
                                    "Plan Rows": 1,
                                    "Plan Width": 4,
                                    "Actual Startup Time": 0.002,
                                    "Actual Total Time": 0.002,
                                    "Actual Rows": 1,
                                    "Actual Loops": 20,
                                    "Index Cond": "(unique1 = t2.twenty)",
                                    "Rows Removed by Index Recheck": 0,
                                    "Heap Fetches": 0,
                                    "Shared Hit Blocks": 41,
                                    "Shared Read Blocks": 0,
                                    "Shared Dirtied Blocks": 0,
                                    "Shared Written Blocks": 0,
                                    "Local Hit Blocks": 0,
                                    "Local Read Blocks": 0,
                                    "Local Dirtied Blocks": 0,
                                    "Local Written Blocks": 0,
                                    "Temp Read Blocks": 0,
                                    "Temp Written Blocks": 0
                                }
                            ]
                        }
                    ]
                }
            ]
        },
        "Planning": {
            "Local Dirtied Blocks": 0,
            "Local Hit Blocks": 0,
            "Local Read Blocks": 0,
            "Local Written Blocks": 0,
            "Shared Dirtied Blocks": 0,
            "Shared Hit Blocks": 201,
            "Shared Read Blocks": 0,
            "Shared Written Blocks": 0,
            "Temp Read Blocks": 0,
            "Temp Written Blocks": 0
        },
        "Planning Time": 1.039,
        "Triggers": []
    }
]