{
    "Query Text": "select * from int8_tbl t1 left join (select q1 as x, 42 as y from int8_tbl t2) ss on t1.q2 = ss.x where 1 = (select 1 from int8_tbl t3 where ss.y is not null limit 1) order by 1,2; /* query from join regression test, slightly modified output to model auto_explain */",
    "Plan": {
        "Node Type": "Sort",
        "Parallel Aware": false,
        "Async Capable": false,
        "Startup Cost": 3.30,
        "Total Cost": 3.31,
        "Plan Rows": 1,
        "Plan Width": 28,
        "Actual Startup Time": 0.060,
        "Actual Total Time": 0.062,
        "Actual Rows": 8,
        "Actual Loops": 1,
        "Sort Key": [
            "t1.q1",
            "t1.q2"
        ],
        "Sort Method": "quicksort",
        "Sort Space Used": 25,
        "Sort Space Type": "Memory",
        "Plans": [
            {
                "Node Type": "Hash Join",
                "Parent Relationship": "Outer",
                "Parallel Aware": false,
                "Async Capable": false,
                "Join Type": "Left",
                "Startup Cost": 1.11,
                "Total Cost": 3.29,
                "Plan Rows": 1,
                "Plan Width": 28,
                "Actual Startup Time": 0.031,
                "Actual Total Time": 0.053,
                "Actual Rows": 8,
                "Actual Loops": 1,
                "Inner Unique": false,
                "Hash Cond": "(t1.q2 = t2.q1)",
                "Filter": "(1 = (SubPlan 1))",
                "Rows Removed by Filter": 2,
                "Plans": [
                    {
                        "Node Type": "Seq Scan",
                        "Parent Relationship": "Outer",
                        "Parallel Aware": false,
                        "Async Capable": false,
                        "Relation Name": "int8_tbl",
                        "Alias": "t1",
                        "Startup Cost": 0.00,
                        "Total Cost": 1.05,
                        "Plan Rows": 5,
                        "Plan Width": 16,
                        "Actual Startup Time": 0.004,
                        "Actual Total Time": 0.005,
                        "Actual Rows": 5,
                        "Actual Loops": 1
                    },
                    {
                        "Node Type": "Hash",
                        "Parent Relationship": "Inner",
                        "Parallel Aware": false,
                        "Async Capable": false,
                        "Startup Cost": 1.05,
                        "Total Cost": 1.05,
                        "Plan Rows": 5,
                        "Plan Width": 12,
                        "Actual Startup Time": 0.010,
                        "Actual Total Time": 0.010,
                        "Actual Rows": 5,
                        "Actual Loops": 1,
                        "Hash Buckets": 1024,
                        "Original Hash Buckets": 1024,
                        "Hash Batches": 1,
                        "Original Hash Batches": 1,
                        "Peak Memory Usage": 9,
                        "Plans": [
                            {
                                "Node Type": "Seq Scan",
                                "Parent Relationship": "Outer",
                                "Parallel Aware": false,
                                "Async Capable": false,
                                "Relation Name": "int8_tbl",
                                "Alias": "t2",
                                "Startup Cost": 0.00,
                                "Total Cost": 1.05,
                                "Plan Rows": 5,
                                "Plan Width": 12,
                                "Actual Startup Time": 0.002,
                                "Actual Total Time": 0.004,
                                "Actual Rows": 5,
                                "Actual Loops": 1
                            }
                        ]
                    },
                    {
                        "Node Type": "Limit",
                        "Parent Relationship": "SubPlan",
                        "Subplan Name": "SubPlan 1",
                        "Parallel Aware": false,
                        "Async Capable": false,
                        "Startup Cost": 0.00,
                        "Total Cost": 0.21,
                        "Plan Rows": 1,
                        "Plan Width": 4,
                        "Actual Startup Time": 0.002,
                        "Actual Total Time": 0.002,
                        "Actual Rows": 1,
                        "Actual Loops": 10,
                        "Plans": [
                            {
                                "Node Type": "Result",
                                "Parent Relationship": "Outer",
                                "Parallel Aware": false,
                                "Async Capable": false,
                                "Startup Cost": 0.00,
                                "Total Cost": 1.05,
                                "Plan Rows": 5,
                                "Plan Width": 4,
                                "Actual Startup Time": 0.001,
                                "Actual Total Time": 0.001,
                                "Actual Rows": 1,
                                "Actual Loops": 10,
                                "One-Time Filter": "((42) IS NOT NULL)",
                                "Plans": [
                                    {
                                        "Node Type": "Seq Scan",
                                        "Parent Relationship": "Outer",
                                        "Parallel Aware": false,
                                        "Async Capable": false,
                                        "Relation Name": "int8_tbl",
                                        "Alias": "t3",
                                        "Startup Cost": 0.00,
                                        "Total Cost": 1.05,
                                        "Plan Rows": 5,
                                        "Plan Width": 0,
                                        "Actual Startup Time": 0.001,
                                        "Actual Total Time": 0.001,
                                        "Actual Rows": 1,
                                        "Actual Loops": 8
                                    }
                                ]
                            }
                        ]
                    }
                ]
            }
        ]
    },
    "Planning Time": 0.078,
    "Triggers": [],
    "Execution Time": 0.100
}