{
    "Query Text": "select g100, g10, sum(g::numeric), count(*), max(g::text) from gs_data_1 group by cube (g1000, g100,g10); /* query from groupingsets regression test, slightly modified output to model auto_explain */",
    "Plan": {
        "Node Type": "Aggregate",
        "Strategy": "Sorted",
        "Partial Mode": "Simple",
        "Parallel Aware": false,
        "Async Capable": false,
        "Startup Cost": 11.27,
        "Total Cost": 13.12,
        "Plan Rows": 66,
        "Plan Width": 84,
        "Actual Startup Time": 1.539,
        "Actual Total Time": 51.494,
        "Actual Rows": 4211,
        "Actual Loops": 1,
        "Grouping Sets": [
            {
                "Group Keys": [
                    [
                        "g1000",
                        "g100",
                        "g10"
                    ],
                    [
                        "g1000",
                        "g100"
                    ],
                    [
                        "g1000"
                    ],
                    []
                ]
            },
            {
                "Sort Key": [
                    "g100",
                    "g10"
                ],
                "Group Keys": [
                    [
                        "g100",
                        "g10"
                    ],
                    [
                        "g100"
                    ]
                ]
            },
            {
                "Sort Key": [
                    "g10",
                    "g1000"
                ],
                "Group Keys": [
                    [
                        "g10",
                        "g1000"
                    ],
                    [
                        "g10"
                    ]
                ]
            }
        ],
        "Plans": [
            {
                "Node Type": "Sort",
                "Parent Relationship": "Outer",
                "Parallel Aware": false,
                "Async Capable": false,
                "Startup Cost": 11.27,
                "Total Cost": 11.29,
                "Plan Rows": 10,
                "Plan Width": 16,
                "Actual Startup Time": 1.489,
                "Actual Total Time": 1.881,
                "Actual Rows": 2000,
                "Actual Loops": 1,
                "Sort Key": [
                    "g1000",
                    "g100",
                    "g10"
                ],
                "Sort Method": "external merge",
                "Sort Space Used": 56,
                "Sort Space Type": "Disk",
                "Plans": [
                    {
                        "Node Type": "Seq Scan",
                        "Parent Relationship": "Outer",
                        "Parallel Aware": false,
                        "Async Capable": false,
                        "Relation Name": "gs_data_1",
                        "Alias": "gs_data_1",
                        "Startup Cost": 0.00,
                        "Total Cost": 11.10,
                        "Plan Rows": 10,
                        "Plan Width": 16,
                        "Actual Startup Time": 0.012,
                        "Actual Total Time": 0.428,
                        "Actual Rows": 2000,
                        "Actual Loops": 1
                    }
                ]
            }
        ]
    },
    "Planning Time": 0.172,
    "Triggers": [],
    "Execution Time": 52.691
}