[
    {
        "Plan": {
            "Actual Loops": 1,
            "Actual Rows": 0,
            "Alias": "query_analysis_jobs",
            "Async Capable": false,
            "I/O Read Time": 3681.409,
            "I/O Write Time": 0,
            "Local Dirtied Blocks": 2,
            "Local Hit Blocks": 254,
            "Local Read Blocks": 2,
            "Local Written Blocks": 2,
            "Node Type": "ModifyTable",
            "Operation": "Insert",
            "Parallel Aware": false,
            "Plan Rows": 0,
            "Plan Width": 0,
            "Plans": [
                {
                    "Actual Loops": 1,
                    "Actual Rows": 255,
                    "Alias": "*SELECT*",
                    "Async Capable": false,
                    "I/O Read Time": 3681.397,
                    "I/O Write Time": 0,
                    "Local Dirtied Blocks": 0,
                    "Local Hit Blocks": 0,
                    "Local Read Blocks": 0,
                    "Local Written Blocks": 0,
                    "Node Type": "Subquery Scan",
                    "Output": [
                        "\"*SELECT*\".id"
                    ],
                    "Parallel Aware": false,
                    "Parent Relationship": "Outer",
                    "Plan Rows": 73,
                    "Plan Width": 8,
                    "Plans": [
                        {
                            "Actual Loops": 1,
                            "Actual Rows": 255,
                            "Async Capable": false,
                            "I/O Read Time": 3681.397,
                            "I/O Write Time": 0,
                            "Local Dirtied Blocks": 0,
                            "Local Hit Blocks": 0,
                            "Local Read Blocks": 0,
                            "Local Written Blocks": 0,
                            "Node Type": "Limit",
                            "Output": [
                                "queries.id",
                                "query_analyses.updated_at"
                            ],
                            "Parallel Aware": false,
                            "Parent Relationship": "Subquery",
                            "Plan Rows": 73,
                            "Plan Width": 16,
                            "Plans": [
                                {
                                    "Actual Loops": 1,
                                    "Actual Rows": 255,
                                    "Async Capable": false,
                                    "I/O Read Time": 3681.397,
                                    "I/O Write Time": 0,
                                    "Local Dirtied Blocks": 0,
                                    "Local Hit Blocks": 0,
                                    "Local Read Blocks": 0,
                                    "Local Written Blocks": 0,
                                    "Node Type": "Sort",
                                    "Output": [
                                        "queries.id",
                                        "query_analyses.updated_at"
                                    ],
                                    "Parallel Aware": false,
                                    "Parent Relationship": "Outer",
                                    "Plan Rows": 73,
                                    "Plan Width": 16,
                                    "Plans": [
                                        {
                                            "Actual Loops": 1,
                                            "Actual Rows": 255,
                                            "Async Capable": false,
                                            "Filter": "((query_analyses.updated_at IS NULL) OR (query_analyses.updated_at \u003c (now() - $1::interval)))",
                                            "I/O Read Time": 3681.397,
                                            "I/O Write Time": 0,
                                            "Inner Unique": true,
                                            "Join Type": "Left",
                                            "Local Dirtied Blocks": 0,
                                            "Local Hit Blocks": 0,
                                            "Local Read Blocks": 0,
                                            "Local Written Blocks": 0,
                                            "Node Type": "Nested Loop",
                                            "Output": [
                                                "queries.id",
                                                "query_analyses.updated_at"
                                            ],
                                            "Parallel Aware": false,
                                            "Parent Relationship": "Outer",
                                            "Plan Rows": 73,
                                            "Plan Width": 16,
                                            "Plans": [
                                                {
                                                    "Actual Loops": 1,
                                                    "Actual Rows": 393,
                                                    "Alias": "queries",
                                                    "Async Capable": false,
                                                    "Exact Heap Blocks": 8980,
                                                    "Filter": "((queries.statement_types \u0026\u0026 $1::text[]) AND (queries.statement_types \u003c@ $2::text[]) AND (queries.last_occurred_at \u003e= (CURRENT_DATE - $3)))",
                                                    "I/O Read Time": 3615.402,
                                                    "I/O Write Time": 0,
                                                    "Local Dirtied Blocks": 0,
                                                    "Local Hit Blocks": 0,
                                                    "Local Read Blocks": 0,
                                                    "Local Written Blocks": 0,
                                                    "Lossy Heap Blocks": 0,
                                                    "Node Type": "Bitmap Heap Scan",
                                                    "Output": [
                                                        "queries.id"
                                                    ],
                                                    "Parallel Aware": false,
                                                    "Parent Relationship": "Outer",
                                                    "Plan Rows": 87,
                                                    "Plan Width": 8,
                                                    "Plans": [
                                                        {
                                                            "Actual Loops": 1,
                                                            "Actual Rows": 11596,
                                                            "Async Capable": false,
                                                            "I/O Read Time": 6.569,
                                                            "I/O Write Time": 0,
                                                            "Index Cond": "(queries.database_id = $1)",
                                                            "Index Name": "index_queries_on_database_id",
                                                            "Local Dirtied Blocks": 0,
                                                            "Local Hit Blocks": 0,
                                                            "Local Read Blocks": 0,
                                                            "Local Written Blocks": 0,
                                                            "Node Type": "Bitmap Index Scan",
                                                            "Parallel Aware": false,
                                                            "Parent Relationship": "Outer",
                                                            "Plan Rows": 20177,
                                                            "Plan Width": 0,
                                                            "Shared Dirtied Blocks": 0,
                                                            "Shared Hit Blocks": 3,
                                                            "Shared Read Blocks": 28,
                                                            "Shared Written Blocks": 0,
                                                            "Startup Cost": 0,
                                                            "Temp Read Blocks": 0,
                                                            "Temp Written Blocks": 0,
                                                            "Total Cost": 275.9
                                                        }
                                                    ],
                                                    "Recheck Cond": "(queries.database_id = $1)",
                                                    "Relation Name": "queries",
                                                    "Rows Removed by Filter": 10942,
                                                    "Rows Removed by Index Recheck": 0,
                                                    "Schema": "public",
                                                    "Shared Dirtied Blocks": 202,
                                                    "Shared Hit Blocks": 456,
                                                    "Shared Read Blocks": 8653,
                                                    "Shared Written Blocks": 0,
                                                    "Startup Cost": 275.92,
                                                    "Temp Read Blocks": 0,
                                                    "Temp Written Blocks": 0,
                                                    "Total Cost": 79903.7
                                                },
                                                {
                                                    "Actual Loops": 393,
                                                    "Actual Rows": 1,
                                                    "Alias": "query_analyses",
                                                    "Async Capable": false,
                                                    "I/O Read Time": 65.995,
                                                    "I/O Write Time": 0,
                                                    "Index Cond": "(query_analyses.query_id = queries.id)",
                                                    "Index Name": "index_query_analyses_on_query_id",
                                                    "Local Dirtied Blocks": 0,
                                                    "Local Hit Blocks": 0,
                                                    "Local Read Blocks": 0,
                                                    "Local Written Blocks": 0,
                                                    "Node Type": "Index Scan",
                                                    "Output": [
                                                        "query_analyses.query_analysis_id",
                                                        "query_analyses.server_id",
                                                        "query_analyses.database_id",
                                                        "query_analyses.query_id",
                                                        "query_analyses.output_json",
                                                        "query_analyses.error",
                                                        "query_analyses.summary",
                                                        "query_analyses.table_ids",
                                                        "query_analyses.created_at",
                                                        "query_analyses.updated_at"
                                                    ],
                                                    "Parallel Aware": false,
                                                    "Parent Relationship": "Inner",
                                                    "Plan Rows": 1,
                                                    "Plan Width": 16,
                                                    "Relation Name": "query_analyses",
                                                    "Rows Removed by Index Recheck": 0,
                                                    "Scan Direction": "Forward",
                                                    "Schema": "public",
                                                    "Shared Dirtied Blocks": 81,
                                                    "Shared Hit Blocks": 1247,
                                                    "Shared Read Blocks": 324,
                                                    "Shared Written Blocks": 0,
                                                    "Startup Cost": 0.43,
                                                    "Temp Read Blocks": 0,
                                                    "Temp Written Blocks": 0,
                                                    "Total Cost": 8.45
                                                }
                                            ],
                                            "Rows Removed by Filter": 138,
                                            "Shared Dirtied Blocks": 283,
                                            "Shared Hit Blocks": 1703,
                                            "Shared Read Blocks": 8977,
                                            "Shared Written Blocks": 0,
                                            "Startup Cost": 276.35,
                                            "Temp Read Blocks": 0,
                                            "Temp Written Blocks": 0,
                                            "Total Cost": 80640.37
                                        }
                                    ],
                                    "Shared Dirtied Blocks": 283,
                                    "Shared Hit Blocks": 1703,
                                    "Shared Read Blocks": 8977,
                                    "Shared Written Blocks": 0,
                                    "Sort Key": [
                                        "query_analyses.updated_at NULLS FIRST"
                                    ],
                                    "Sort Method": "quicksort",
                                    "Sort Space Type": "Memory",
                                    "Sort Space Used": 36,
                                    "Startup Cost": 80642.63,
                                    "Temp Read Blocks": 0,
                                    "Temp Written Blocks": 0,
                                    "Total Cost": 80642.81
                                }
                            ],
                            "Shared Dirtied Blocks": 283,
                            "Shared Hit Blocks": 1703,
                            "Shared Read Blocks": 8977,
                            "Shared Written Blocks": 0,
                            "Startup Cost": 80642.63,
                            "Temp Read Blocks": 0,
                            "Temp Written Blocks": 0,
                            "Total Cost": 80642.81
                        }
                    ],
                    "Shared Dirtied Blocks": 283,
                    "Shared Hit Blocks": 1703,
                    "Shared Read Blocks": 8977,
                    "Shared Written Blocks": 0,
                    "Startup Cost": 80642.63,
                    "Temp Read Blocks": 0,
                    "Temp Written Blocks": 0,
                    "Total Cost": 80643.54
                }
            ],
            "Relation Name": "query_analysis_jobs",
            "Schema": "pg_temp_340",
            "Shared Dirtied Blocks": 283,
            "Shared Hit Blocks": 1703,
            "Shared Read Blocks": 8977,
            "Shared Written Blocks": 0,
            "Startup Cost": 80642.63,
            "Temp Read Blocks": 0,
            "Temp Written Blocks": 0,
            "Total Cost": 80643.54
        },
        "Triggers": []
    }
]