[
    {
        "Plan": {
            "Actual Loops": 1,
            "Actual Rows": 50,
            "Async Capable": false,
            "I/O Read Time": 12370.49,
            "I/O Write Time": 0,
            "Local Dirtied Blocks": 0,
            "Local Hit Blocks": 0,
            "Local Read Blocks": 0,
            "Local Written Blocks": 0,
            "Node Type": "Limit",
            "Output": [
                "query_explains_7d.query_explain_id",
                "query_explains_7d.server_id",
                "query_explains_7d.database_id",
                "query_explains_7d.query_fingerprint",
                "query_explains_7d.postgres_role_id",
                "query_explains_7d.format",
                "query_explains_7d.source",
                "query_explains_7d.seen_at",
                "query_explains_7d.query_sample_id",
                "query_explains_7d.total_cost",
                "query_explains_7d.total_shared_blks_hit",
                "query_explains_7d.total_shared_blks_read",
                "query_explains_7d.total_shared_blks_written",
                "query_explains_7d.total_shared_blks_dirtied",
                "query_explains_7d.total_blk_read_time",
                "query_explains_7d.total_blk_write_time",
                "query_explains_7d.plan_node_types",
                "query_explains_7d.output_json",
                "query_explains_7d.output_text",
                "query_explains_7d.error",
                "query_explains_7d.plan_fingerprint",
                "query_explains_7d.runtime_ms"
            ],
            "Parallel Aware": false,
            "Plan Rows": 50,
            "Plan Width": 1688,
            "Plans": [
                {
                    "Actual Loops": 1,
                    "Actual Rows": 50,
                    "Async Capable": false,
                    "I/O Read Time": 12370.49,
                    "I/O Write Time": 0,
                    "Local Dirtied Blocks": 0,
                    "Local Hit Blocks": 0,
                    "Local Read Blocks": 0,
                    "Local Written Blocks": 0,
                    "Node Type": "Gather Merge",
                    "Output": [
                        "query_explains_7d.query_explain_id",
                        "query_explains_7d.server_id",
                        "query_explains_7d.database_id",
                        "query_explains_7d.query_fingerprint",
                        "query_explains_7d.postgres_role_id",
                        "query_explains_7d.format",
                        "query_explains_7d.source",
                        "query_explains_7d.seen_at",
                        "query_explains_7d.query_sample_id",
                        "query_explains_7d.total_cost",
                        "query_explains_7d.total_shared_blks_hit",
                        "query_explains_7d.total_shared_blks_read",
                        "query_explains_7d.total_shared_blks_written",
                        "query_explains_7d.total_shared_blks_dirtied",
                        "query_explains_7d.total_blk_read_time",
                        "query_explains_7d.total_blk_write_time",
                        "query_explains_7d.plan_node_types",
                        "query_explains_7d.output_json",
                        "query_explains_7d.output_text",
                        "query_explains_7d.error",
                        "query_explains_7d.plan_fingerprint",
                        "query_explains_7d.runtime_ms"
                    ],
                    "Parallel Aware": false,
                    "Parent Relationship": "Outer",
                    "Plan Rows": 60,
                    "Plan Width": 1688,
                    "Plans": [
                        {
                            "Actual Loops": 3,
                            "Actual Rows": 41,
                            "Async Capable": false,
                            "I/O Read Time": 12370.49,
                            "I/O Write Time": 0,
                            "Local Dirtied Blocks": 0,
                            "Local Hit Blocks": 0,
                            "Local Read Blocks": 0,
                            "Local Written Blocks": 0,
                            "Node Type": "Sort",
                            "Output": [
                                "query_explains_7d.query_explain_id",
                                "query_explains_7d.server_id",
                                "query_explains_7d.database_id",
                                "query_explains_7d.query_fingerprint",
                                "query_explains_7d.postgres_role_id",
                                "query_explains_7d.format",
                                "query_explains_7d.source",
                                "query_explains_7d.seen_at",
                                "query_explains_7d.query_sample_id",
                                "query_explains_7d.total_cost",
                                "query_explains_7d.total_shared_blks_hit",
                                "query_explains_7d.total_shared_blks_read",
                                "query_explains_7d.total_shared_blks_written",
                                "query_explains_7d.total_shared_blks_dirtied",
                                "query_explains_7d.total_blk_read_time",
                                "query_explains_7d.total_blk_write_time",
                                "query_explains_7d.plan_node_types",
                                "query_explains_7d.output_json",
                                "query_explains_7d.output_text",
                                "query_explains_7d.error",
                                "query_explains_7d.plan_fingerprint",
                                "query_explains_7d.runtime_ms"
                            ],
                            "Parallel Aware": false,
                            "Parent Relationship": "Outer",
                            "Plan Rows": 30,
                            "Plan Width": 1688,
                            "Plans": [
                                {
                                    "Actual Loops": 3,
                                    "Actual Rows": 2287,
                                    "Async Capable": false,
                                    "Hash Cond": "((query_samples_7d.query_sample_id = query_explains_7d.query_sample_id) AND (query_samples_7d.query_fingerprint = query_explains_7d.query_fingerprint))",
                                    "I/O Read Time": 12370.49,
                                    "I/O Write Time": 0,
                                    "Inner Unique": false,
                                    "Join Type": "Inner",
                                    "Local Dirtied Blocks": 0,
                                    "Local Hit Blocks": 0,
                                    "Local Read Blocks": 0,
                                    "Local Written Blocks": 0,
                                    "Node Type": "Hash Join",
                                    "Output": [
                                        "query_explains_7d.query_explain_id",
                                        "query_explains_7d.server_id",
                                        "query_explains_7d.database_id",
                                        "query_explains_7d.query_fingerprint",
                                        "query_explains_7d.postgres_role_id",
                                        "query_explains_7d.format",
                                        "query_explains_7d.source",
                                        "query_explains_7d.seen_at",
                                        "query_explains_7d.query_sample_id",
                                        "query_explains_7d.total_cost",
                                        "query_explains_7d.total_shared_blks_hit",
                                        "query_explains_7d.total_shared_blks_read",
                                        "query_explains_7d.total_shared_blks_written",
                                        "query_explains_7d.total_shared_blks_dirtied",
                                        "query_explains_7d.total_blk_read_time",
                                        "query_explains_7d.total_blk_write_time",
                                        "query_explains_7d.plan_node_types",
                                        "query_explains_7d.output_json",
                                        "query_explains_7d.output_text",
                                        "query_explains_7d.error",
                                        "query_explains_7d.plan_fingerprint",
                                        "query_explains_7d.runtime_ms"
                                    ],
                                    "Parallel Aware": true,
                                    "Parent Relationship": "Outer",
                                    "Plan Rows": 30,
                                    "Plan Width": 1688,
                                    "Plans": [
                                        {
                                            "Actual Loops": 3,
                                            "Actual Rows": 9706,
                                            "Async Capable": false,
                                            "I/O Read Time": 9975.928,
                                            "I/O Write Time": 0,
                                            "Local Dirtied Blocks": 0,
                                            "Local Hit Blocks": 0,
                                            "Local Read Blocks": 0,
                                            "Local Written Blocks": 0,
                                            "Node Type": "Append",
                                            "Parallel Aware": true,
                                            "Parent Relationship": "Outer",
                                            "Plan Rows": 25324,
                                            "Plan Width": 35,
                                            "Plans": [
                                                {
                                                    "Actual Loops": 1,
                                                    "Actual Rows": 3748,
                                                    "Alias": "query_samples_7d_4",
                                                    "Async Capable": false,
                                                    "Exact Heap Blocks": 0,
                                                    "Filter": "(query_samples_7d_4.query_text !~~ $1::text)",
                                                    "I/O Read Time": 1377.186,
                                                    "I/O Write Time": 0,
                                                    "Local Dirtied Blocks": 0,
                                                    "Local Hit Blocks": 0,
                                                    "Local Read Blocks": 0,
                                                    "Local Written Blocks": 0,
                                                    "Lossy Heap Blocks": 0,
                                                    "Node Type": "Bitmap Heap Scan",
                                                    "Output": [
                                                        "query_samples_7d_4.query_sample_id",
                                                        "query_samples_7d_4.query_fingerprint",
                                                        "query_samples_7d_4.database_id"
                                                    ],
                                                    "Parallel Aware": true,
                                                    "Parent Relationship": "Member",
                                                    "Plan Rows": 3616,
                                                    "Plan Width": 35,
                                                    "Plans": [
                                                        {
                                                            "Actual Loops": 1,
                                                            "Actual Rows": 3897,
                                                            "Async Capable": false,
                                                            "I/O Read Time": 14.768,
                                                            "I/O Write Time": 0,
                                                            "Index Cond": "(query_samples_7d_4.database_id = $1::integer)",
                                                            "Index Name": "query_samples_7d_20220622_database_id_occurred_at_idx",
                                                            "Local Dirtied Blocks": 0,
                                                            "Local Hit Blocks": 0,
                                                            "Local Read Blocks": 0,
                                                            "Local Written Blocks": 0,
                                                            "Node Type": "Bitmap Index Scan",
                                                            "Parallel Aware": false,
                                                            "Parent Relationship": "Outer",
                                                            "Plan Rows": 8782,
                                                            "Plan Width": 0,
                                                            "Shared Dirtied Blocks": 0,
                                                            "Shared Hit Blocks": 1,
                                                            "Shared Read Blocks": 29,
                                                            "Shared Written Blocks": 0,
                                                            "Startup Cost": 0,
                                                            "Temp Read Blocks": 0,
                                                            "Temp Written Blocks": 0,
                                                            "Total Cost": 170.43,
                                                            "Workers": [
                                                                {
                                                                    "Actual Loops": 1,
                                                                    "Actual Rows": 3897,
                                                                    "I/O Read Time": 14.768,
                                                                    "I/O Write Time": 0,
                                                                    "Local Dirtied Blocks": 0,
                                                                    "Local Hit Blocks": 0,
                                                                    "Local Read Blocks": 0,
                                                                    "Local Written Blocks": 0,
                                                                    "Shared Dirtied Blocks": 0,
                                                                    "Shared Hit Blocks": 1,
                                                                    "Shared Read Blocks": 29,
                                                                    "Shared Written Blocks": 0,
                                                                    "Temp Read Blocks": 0,
                                                                    "Temp Written Blocks": 0,
                                                                    "Worker Number": 1
                                                                }
                                                            ]
                                                        }
                                                    ],
                                                    "Recheck Cond": "(query_samples_7d_4.database_id = $1::integer)",
                                                    "Relation Name": "query_samples_7d_20220622",
                                                    "Rows Removed by Filter": 149,
                                                    "Rows Removed by Index Recheck": 0,
                                                    "Schema": "public",
                                                    "Shared Dirtied Blocks": 0,
                                                    "Shared Hit Blocks": 1610,
                                                    "Shared Read Blocks": 3344,
                                                    "Shared Written Blocks": 0,
                                                    "Startup Cost": 172.6,
                                                    "Temp Read Blocks": 0,
                                                    "Temp Written Blocks": 0,
                                                    "Total Cost": 34228.35,
                                                    "Workers": [
                                                        {
                                                            "Actual Loops": 1,
                                                            "Actual Rows": 3748,
                                                            "I/O Read Time": 1377.186,
                                                            "I/O Write Time": 0,
                                                            "Local Dirtied Blocks": 0,
                                                            "Local Hit Blocks": 0,
                                                            "Local Read Blocks": 0,
                                                            "Local Written Blocks": 0,
                                                            "Shared Dirtied Blocks": 0,
                                                            "Shared Hit Blocks": 1610,
                                                            "Shared Read Blocks": 3344,
                                                            "Shared Written Blocks": 0,
                                                            "Temp Read Blocks": 0,
                                                            "Temp Written Blocks": 0,
                                                            "Worker Number": 1
                                                        }
                                                    ]
                                                },
                                                {
                                                    "Actual Loops": 1,
                                                    "Actual Rows": 3872,
                                                    "Alias": "query_samples_7d_3",
                                                    "Async Capable": false,
                                                    "Exact Heap Blocks": 0,
                                                    "Filter": "(query_samples_7d_3.query_text !~~ $1::text)",
                                                    "I/O Read Time": 1333.756,
                                                    "I/O Write Time": 0,
                                                    "Local Dirtied Blocks": 0,
                                                    "Local Hit Blocks": 0,
                                                    "Local Read Blocks": 0,
                                                    "Local Written Blocks": 0,
                                                    "Lossy Heap Blocks": 0,
                                                    "Node Type": "Bitmap Heap Scan",
                                                    "Output": [
                                                        "query_samples_7d_3.query_sample_id",
                                                        "query_samples_7d_3.query_fingerprint",
                                                        "query_samples_7d_3.database_id"
                                                    ],
                                                    "Parallel Aware": true,
                                                    "Parent Relationship": "Member",
                                                    "Plan Rows": 3445,
                                                    "Plan Width": 34,
                                                    "Plans": [
                                                        {
                                                            "Actual Loops": 1,
                                                            "Actual Rows": 4031,
                                                            "Async Capable": false,
                                                            "I/O Read Time": 13.525,
                                                            "I/O Write Time": 0,
                                                            "Index Cond": "(query_samples_7d_3.database_id = $1::integer)",
                                                            "Index Name": "query_samples_7d_20220621_database_id_occurred_at_idx",
                                                            "Local Dirtied Blocks": 0,
                                                            "Local Hit Blocks": 0,
                                                            "Local Read Blocks": 0,
                                                            "Local Written Blocks": 0,
                                                            "Node Type": "Bitmap Index Scan",
                                                            "Parallel Aware": false,
                                                            "Parent Relationship": "Outer",
                                                            "Plan Rows": 8307,
                                                            "Plan Width": 0,
                                                            "Shared Dirtied Blocks": 0,
                                                            "Shared Hit Blocks": 1,
                                                            "Shared Read Blocks": 29,
                                                            "Shared Written Blocks": 0,
                                                            "Startup Cost": 0,
                                                            "Temp Read Blocks": 0,
                                                            "Temp Written Blocks": 0,
                                                            "Total Cost": 166.87,
                                                            "Workers": [
                                                                {
                                                                    "Actual Loops": 1,
                                                                    "Actual Rows": 4031,
                                                                    "I/O Read Time": 13.525,
                                                                    "I/O Write Time": 0,
                                                                    "Local Dirtied Blocks": 0,
                                                                    "Local Hit Blocks": 0,
                                                                    "Local Read Blocks": 0,
                                                                    "Local Written Blocks": 0,
                                                                    "Shared Dirtied Blocks": 0,
                                                                    "Shared Hit Blocks": 1,
                                                                    "Shared Read Blocks": 29,
                                                                    "Shared Written Blocks": 0,
                                                                    "Temp Read Blocks": 0,
                                                                    "Temp Written Blocks": 0,
                                                                    "Worker Number": 0
                                                                }
                                                            ]
                                                        }
                                                    ],
                                                    "Recheck Cond": "(query_samples_7d_3.database_id = $1::integer)",
                                                    "Relation Name": "query_samples_7d_20220621",
                                                    "Rows Removed by Filter": 159,
                                                    "Rows Removed by Index Recheck": 0,
                                                    "Schema": "public",
                                                    "Shared Dirtied Blocks": 0,
                                                    "Shared Hit Blocks": 1517,
                                                    "Shared Read Blocks": 3258,
                                                    "Shared Written Blocks": 0,
                                                    "Startup Cost": 168.93,
                                                    "Temp Read Blocks": 0,
                                                    "Temp Written Blocks": 0,
                                                    "Total Cost": 32349.29,
                                                    "Workers": [
                                                        {
                                                            "Actual Loops": 1,
                                                            "Actual Rows": 3872,
                                                            "I/O Read Time": 1333.756,
                                                            "I/O Write Time": 0,
                                                            "Local Dirtied Blocks": 0,
                                                            "Local Hit Blocks": 0,
                                                            "Local Read Blocks": 0,
                                                            "Local Written Blocks": 0,
                                                            "Shared Dirtied Blocks": 0,
                                                            "Shared Hit Blocks": 1517,
                                                            "Shared Read Blocks": 3258,
                                                            "Shared Written Blocks": 0,
                                                            "Temp Read Blocks": 0,
                                                            "Temp Written Blocks": 0,
                                                            "Worker Number": 0
                                                        }
                                                    ]
                                                },
                                                {
                                                    "Actual Loops": 1,
                                                    "Actual Rows": 3316,
                                                    "Alias": "query_samples_7d_5",
                                                    "Async Capable": false,
                                                    "Exact Heap Blocks": 0,
                                                    "Filter": "(query_samples_7d_5.query_text !~~ $1::text)",
                                                    "I/O Read Time": 1254.287,
                                                    "I/O Write Time": 0,
                                                    "Local Dirtied Blocks": 0,
                                                    "Local Hit Blocks": 0,
                                                    "Local Read Blocks": 0,
                                                    "Local Written Blocks": 0,
                                                    "Lossy Heap Blocks": 0,
                                                    "Node Type": "Bitmap Heap Scan",
                                                    "Output": [
                                                        "query_samples_7d_5.query_sample_id",
                                                        "query_samples_7d_5.query_fingerprint",
                                                        "query_samples_7d_5.database_id"
                                                    ],
                                                    "Parallel Aware": true,
                                                    "Parent Relationship": "Member",
                                                    "Plan Rows": 3520,
                                                    "Plan Width": 35,
                                                    "Plans": [
                                                        {
                                                            "Actual Loops": 1,
                                                            "Actual Rows": 3467,
                                                            "Async Capable": false,
                                                            "I/O Read Time": 12.101,
                                                            "I/O Write Time": 0,
                                                            "Index Cond": "(query_samples_7d_5.database_id = $1::integer)",
                                                            "Index Name": "query_samples_7d_20220623_database_id_occurred_at_idx",
                                                            "Local Dirtied Blocks": 0,
                                                            "Local Hit Blocks": 0,
                                                            "Local Read Blocks": 0,
                                                            "Local Written Blocks": 0,
                                                            "Node Type": "Bitmap Index Scan",
                                                            "Parallel Aware": false,
                                                            "Parent Relationship": "Outer",
                                                            "Plan Rows": 8548,
                                                            "Plan Width": 0,
                                                            "Shared Dirtied Blocks": 0,
                                                            "Shared Hit Blocks": 1,
                                                            "Shared Read Blocks": 26,
                                                            "Shared Written Blocks": 0,
                                                            "Startup Cost": 0,
                                                            "Temp Read Blocks": 0,
                                                            "Temp Written Blocks": 0,
                                                            "Total Cost": 164.68,
                                                            "Workers": [
                                                                {
                                                                    "Actual Loops": 1,
                                                                    "Actual Rows": 3467,
                                                                    "I/O Read Time": 12.101,
                                                                    "I/O Write Time": 0,
                                                                    "Local Dirtied Blocks": 0,
                                                                    "Local Hit Blocks": 0,
                                                                    "Local Read Blocks": 0,
                                                                    "Local Written Blocks": 0,
                                                                    "Shared Dirtied Blocks": 0,
                                                                    "Shared Hit Blocks": 1,
                                                                    "Shared Read Blocks": 26,
                                                                    "Shared Written Blocks": 0,
                                                                    "Temp Read Blocks": 0,
                                                                    "Temp Written Blocks": 0,
                                                                    "Worker Number": 0
                                                                }
                                                            ]
                                                        }
                                                    ],
                                                    "Recheck Cond": "(query_samples_7d_5.database_id = $1::integer)",
                                                    "Relation Name": "query_samples_7d_20220623",
                                                    "Rows Removed by Filter": 151,
                                                    "Rows Removed by Index Recheck": 0,
                                                    "Schema": "public",
                                                    "Shared Dirtied Blocks": 0,
                                                    "Shared Hit Blocks": 956,
                                                    "Shared Read Blocks": 2753,
                                                    "Shared Written Blocks": 0,
                                                    "Startup Cost": 166.79,
                                                    "Temp Read Blocks": 0,
                                                    "Temp Written Blocks": 0,
                                                    "Total Cost": 33351.19,
                                                    "Workers": [
                                                        {
                                                            "Actual Loops": 1,
                                                            "Actual Rows": 3316,
                                                            "I/O Read Time": 1254.287,
                                                            "I/O Write Time": 0,
                                                            "Local Dirtied Blocks": 0,
                                                            "Local Hit Blocks": 0,
                                                            "Local Read Blocks": 0,
                                                            "Local Written Blocks": 0,
                                                            "Shared Dirtied Blocks": 0,
                                                            "Shared Hit Blocks": 956,
                                                            "Shared Read Blocks": 2753,
                                                            "Shared Written Blocks": 0,
                                                            "Temp Read Blocks": 0,
                                                            "Temp Written Blocks": 0,
                                                            "Worker Number": 0
                                                        }
                                                    ]
                                                },
                                                {
                                                    "Actual Loops": 3,
                                                    "Actual Rows": 2053,
                                                    "Alias": "query_samples_7d_2",
                                                    "Async Capable": false,
                                                    "Exact Heap Blocks": 41,
                                                    "Filter": "(query_samples_7d_2.query_text !~~ $1::text)",
                                                    "I/O Read Time": 1985.77,
                                                    "I/O Write Time": 0,
                                                    "Local Dirtied Blocks": 0,
                                                    "Local Hit Blocks": 0,
                                                    "Local Read Blocks": 0,
                                                    "Local Written Blocks": 0,
                                                    "Lossy Heap Blocks": 0,
                                                    "Node Type": "Bitmap Heap Scan",
                                                    "Output": [
                                                        "query_samples_7d_2.query_sample_id",
                                                        "query_samples_7d_2.query_fingerprint",
                                                        "query_samples_7d_2.database_id"
                                                    ],
                                                    "Parallel Aware": true,
                                                    "Parent Relationship": "Member",
                                                    "Plan Rows": 3345,
                                                    "Plan Width": 35,
                                                    "Plans": [
                                                        {
                                                            "Actual Loops": 1,
                                                            "Actual Rows": 6309,
                                                            "Async Capable": false,
                                                            "I/O Read Time": 22.074,
                                                            "I/O Write Time": 0,
                                                            "Index Cond": "(query_samples_7d_2.database_id = $1::integer)",
                                                            "Index Name": "query_samples_7d_20220620_database_id_occurred_at_idx",
                                                            "Local Dirtied Blocks": 0,
                                                            "Local Hit Blocks": 0,
                                                            "Local Read Blocks": 0,
                                                            "Local Written Blocks": 0,
                                                            "Node Type": "Bitmap Index Scan",
                                                            "Parallel Aware": false,
                                                            "Parent Relationship": "Outer",
                                                            "Plan Rows": 8118,
                                                            "Plan Width": 0,
                                                            "Shared Dirtied Blocks": 0,
                                                            "Shared Hit Blocks": 1,
                                                            "Shared Read Blocks": 44,
                                                            "Shared Written Blocks": 0,
                                                            "Startup Cost": 0,
                                                            "Temp Read Blocks": 0,
                                                            "Temp Written Blocks": 0,
                                                            "Total Cost": 161.45,
                                                            "Workers": [
                                                                {
                                                                    "Actual Loops": 1,
                                                                    "Actual Rows": 6309,
                                                                    "I/O Read Time": 22.074,
                                                                    "I/O Write Time": 0,
                                                                    "Local Dirtied Blocks": 0,
                                                                    "Local Hit Blocks": 0,
                                                                    "Local Read Blocks": 0,
                                                                    "Local Written Blocks": 0,
                                                                    "Shared Dirtied Blocks": 0,
                                                                    "Shared Hit Blocks": 1,
                                                                    "Shared Read Blocks": 44,
                                                                    "Shared Written Blocks": 0,
                                                                    "Temp Read Blocks": 0,
                                                                    "Temp Written Blocks": 0,
                                                                    "Worker Number": 1
                                                                }
                                                            ]
                                                        }
                                                    ],
                                                    "Recheck Cond": "(query_samples_7d_2.database_id = $1::integer)",
                                                    "Relation Name": "query_samples_7d_20220620",
                                                    "Rows Removed by Filter": 50,
                                                    "Rows Removed by Index Recheck": 0,
                                                    "Schema": "public",
                                                    "Shared Dirtied Blocks": 0,
                                                    "Shared Hit Blocks": 1702,
                                                    "Shared Read Blocks": 4517,
                                                    "Shared Written Blocks": 0,
                                                    "Startup Cost": 163.46,
                                                    "Temp Read Blocks": 0,
                                                    "Temp Written Blocks": 0,
                                                    "Total Cost": 31657.92,
                                                    "Workers": [
                                                        {
                                                            "Actual Loops": 1,
                                                            "Actual Rows": 29,
                                                            "I/O Read Time": 23.118,
                                                            "I/O Write Time": 0,
                                                            "Local Dirtied Blocks": 0,
                                                            "Local Hit Blocks": 0,
                                                            "Local Read Blocks": 0,
                                                            "Local Written Blocks": 0,
                                                            "Shared Dirtied Blocks": 0,
                                                            "Shared Hit Blocks": 31,
                                                            "Shared Read Blocks": 49,
                                                            "Shared Written Blocks": 0,
                                                            "Temp Read Blocks": 0,
                                                            "Temp Written Blocks": 0,
                                                            "Worker Number": 0
                                                        },
                                                        {
                                                            "Actual Loops": 1,
                                                            "Actual Rows": 6088,
                                                            "I/O Read Time": 1939.049,
                                                            "I/O Write Time": 0,
                                                            "Local Dirtied Blocks": 0,
                                                            "Local Hit Blocks": 0,
                                                            "Local Read Blocks": 0,
                                                            "Local Written Blocks": 0,
                                                            "Shared Dirtied Blocks": 0,
                                                            "Shared Hit Blocks": 1642,
                                                            "Shared Read Blocks": 4411,
                                                            "Shared Written Blocks": 0,
                                                            "Temp Read Blocks": 0,
                                                            "Temp Written Blocks": 0,
                                                            "Worker Number": 1
                                                        }
                                                    ]
                                                },
                                                {
                                                    "Actual Loops": 2,
                                                    "Actual Rows": 2380,
                                                    "Alias": "query_samples_7d_6",
                                                    "Async Capable": false,
                                                    "Exact Heap Blocks": 1542,
                                                    "Filter": "(query_samples_7d_6.query_text !~~ $1::text)",
                                                    "I/O Read Time": 1806.951,
                                                    "I/O Write Time": 0,
                                                    "Local Dirtied Blocks": 0,
                                                    "Local Hit Blocks": 0,
                                                    "Local Read Blocks": 0,
                                                    "Local Written Blocks": 0,
                                                    "Lossy Heap Blocks": 0,
                                                    "Node Type": "Bitmap Heap Scan",
                                                    "Output": [
                                                        "query_samples_7d_6.query_sample_id",
                                                        "query_samples_7d_6.query_fingerprint",
                                                        "query_samples_7d_6.database_id"
                                                    ],
                                                    "Parallel Aware": true,
                                                    "Parent Relationship": "Member",
                                                    "Plan Rows": 3416,
                                                    "Plan Width": 35,
                                                    "Plans": [
                                                        {
                                                            "Actual Loops": 1,
                                                            "Actual Rows": 4916,
                                                            "Async Capable": false,
                                                            "I/O Read Time": 17.007,
                                                            "I/O Write Time": 0,
                                                            "Index Cond": "(query_samples_7d_6.database_id = $1::integer)",
                                                            "Index Name": "query_samples_7d_20220624_database_id_occurred_at_idx",
                                                            "Local Dirtied Blocks": 0,
                                                            "Local Hit Blocks": 0,
                                                            "Local Read Blocks": 0,
                                                            "Local Written Blocks": 0,
                                                            "Node Type": "Bitmap Index Scan",
                                                            "Parallel Aware": false,
                                                            "Parent Relationship": "Outer",
                                                            "Plan Rows": 8243,
                                                            "Plan Width": 0,
                                                            "Shared Dirtied Blocks": 0,
                                                            "Shared Hit Blocks": 0,
                                                            "Shared Read Blocks": 35,
                                                            "Shared Written Blocks": 0,
                                                            "Startup Cost": 0,
                                                            "Temp Read Blocks": 0,
                                                            "Temp Written Blocks": 0,
                                                            "Total Cost": 158.39,
                                                            "Workers": []
                                                        }
                                                    ],
                                                    "Recheck Cond": "(query_samples_7d_6.database_id = $1::integer)",
                                                    "Relation Name": "query_samples_7d_20220624",
                                                    "Rows Removed by Filter": 78,
                                                    "Rows Removed by Index Recheck": 0,
                                                    "Schema": "public",
                                                    "Shared Dirtied Blocks": 0,
                                                    "Shared Hit Blocks": 1757,
                                                    "Shared Read Blocks": 3938,
                                                    "Shared Written Blocks": 0,
                                                    "Startup Cost": 160.44,
                                                    "Temp Read Blocks": 0,
                                                    "Temp Written Blocks": 0,
                                                    "Total Cost": 32143.29,
                                                    "Workers": [
                                                        {
                                                            "Actual Loops": 1,
                                                            "Actual Rows": 1935,
                                                            "I/O Read Time": 684.662,
                                                            "I/O Write Time": 0,
                                                            "Local Dirtied Blocks": 0,
                                                            "Local Hit Blocks": 0,
                                                            "Local Read Blocks": 0,
                                                            "Local Written Blocks": 0,
                                                            "Shared Dirtied Blocks": 0,
                                                            "Shared Hit Blocks": 727,
                                                            "Shared Read Blocks": 1575,
                                                            "Shared Written Blocks": 0,
                                                            "Temp Read Blocks": 0,
                                                            "Temp Written Blocks": 0,
                                                            "Worker Number": 0
                                                        }
                                                    ]
                                                },
                                                {
                                                    "Actual Loops": 1,
                                                    "Actual Rows": 1169,
                                                    "Alias": "query_samples_7d_7",
                                                    "Async Capable": false,
                                                    "Exact Heap Blocks": 985,
                                                    "Filter": "(query_samples_7d_7.query_text !~~ $1::text)",
                                                    "I/O Read Time": 490.253,
                                                    "I/O Write Time": 0,
                                                    "Local Dirtied Blocks": 0,
                                                    "Local Hit Blocks": 0,
                                                    "Local Read Blocks": 0,
                                                    "Local Written Blocks": 0,
                                                    "Lossy Heap Blocks": 0,
                                                    "Node Type": "Bitmap Heap Scan",
                                                    "Output": [
                                                        "query_samples_7d_7.query_sample_id",
                                                        "query_samples_7d_7.query_fingerprint",
                                                        "query_samples_7d_7.database_id"
                                                    ],
                                                    "Parallel Aware": true,
                                                    "Parent Relationship": "Member",
                                                    "Plan Rows": 2802,
                                                    "Plan Width": 35,
                                                    "Plans": [
                                                        {
                                                            "Actual Loops": 1,
                                                            "Actual Rows": 1288,
                                                            "Async Capable": false,
                                                            "I/O Read Time": 5.066,
                                                            "I/O Write Time": 0,
                                                            "Index Cond": "(query_samples_7d_7.database_id = $1::integer)",
                                                            "Index Name": "query_samples_7d_20220625_database_id_occurred_at_idx",
                                                            "Local Dirtied Blocks": 0,
                                                            "Local Hit Blocks": 0,
                                                            "Local Read Blocks": 0,
                                                            "Local Written Blocks": 0,
                                                            "Node Type": "Bitmap Index Scan",
                                                            "Parallel Aware": false,
                                                            "Parent Relationship": "Outer",
                                                            "Plan Rows": 6795,
                                                            "Plan Width": 0,
                                                            "Shared Dirtied Blocks": 0,
                                                            "Shared Hit Blocks": 0,
                                                            "Shared Read Blocks": 12,
                                                            "Shared Written Blocks": 0,
                                                            "Startup Cost": 0,
                                                            "Temp Read Blocks": 0,
                                                            "Temp Written Blocks": 0,
                                                            "Total Cost": 127.53,
                                                            "Workers": []
                                                        }
                                                    ],
                                                    "Recheck Cond": "(query_samples_7d_7.database_id = $1::integer)",
                                                    "Relation Name": "query_samples_7d_20220625",
                                                    "Rows Removed by Filter": 119,
                                                    "Rows Removed by Index Recheck": 0,
                                                    "Schema": "public",
                                                    "Shared Dirtied Blocks": 0,
                                                    "Shared Hit Blocks": 41,
                                                    "Shared Read Blocks": 1055,
                                                    "Shared Written Blocks": 0,
                                                    "Startup Cost": 129.21,
                                                    "Temp Read Blocks": 0,
                                                    "Temp Written Blocks": 0,
                                                    "Total Cost": 26537.71,
                                                    "Workers": []
                                                },
                                                {
                                                    "Actual Loops": 1,
                                                    "Actual Rows": 6091,
                                                    "Alias": "query_samples_7d_1",
                                                    "Async Capable": false,
                                                    "Exact Heap Blocks": 3659,
                                                    "Filter": "(query_samples_7d_1.query_text !~~ $1::text)",
                                                    "I/O Read Time": 1727.716,
                                                    "I/O Write Time": 0,
                                                    "Local Dirtied Blocks": 0,
                                                    "Local Hit Blocks": 0,
                                                    "Local Read Blocks": 0,
                                                    "Local Written Blocks": 0,
                                                    "Lossy Heap Blocks": 0,
                                                    "Node Type": "Bitmap Heap Scan",
                                                    "Output": [
                                                        "query_samples_7d_1.query_sample_id",
                                                        "query_samples_7d_1.query_fingerprint",
                                                        "query_samples_7d_1.database_id"
                                                    ],
                                                    "Parallel Aware": true,
                                                    "Parent Relationship": "Member",
                                                    "Plan Rows": 2724,
                                                    "Plan Width": 34,
                                                    "Plans": [
                                                        {
                                                            "Actual Loops": 1,
                                                            "Actual Rows": 6240,
                                                            "Async Capable": false,
                                                            "I/O Read Time": 20.223,
                                                            "I/O Write Time": 0,
                                                            "Index Cond": "(query_samples_7d_1.database_id = $1::integer)",
                                                            "Index Name": "query_samples_7d_20220619_database_id_occurred_at_idx",
                                                            "Local Dirtied Blocks": 0,
                                                            "Local Hit Blocks": 0,
                                                            "Local Read Blocks": 0,
                                                            "Local Written Blocks": 0,
                                                            "Node Type": "Bitmap Index Scan",
                                                            "Parallel Aware": false,
                                                            "Parent Relationship": "Outer",
                                                            "Plan Rows": 6576,
                                                            "Plan Width": 0,
                                                            "Shared Dirtied Blocks": 0,
                                                            "Shared Hit Blocks": 0,
                                                            "Shared Read Blocks": 43,
                                                            "Shared Written Blocks": 0,
                                                            "Startup Cost": 0,
                                                            "Temp Read Blocks": 0,
                                                            "Temp Written Blocks": 0,
                                                            "Total Cost": 125.88,
                                                            "Workers": []
                                                        }
                                                    ],
                                                    "Recheck Cond": "(query_samples_7d_1.database_id = $1::integer)",
                                                    "Relation Name": "query_samples_7d_20220619",
                                                    "Rows Removed by Filter": 149,
                                                    "Rows Removed by Index Recheck": 0,
                                                    "Schema": "public",
                                                    "Shared Dirtied Blocks": 0,
                                                    "Shared Hit Blocks": 64,
                                                    "Shared Read Blocks": 3790,
                                                    "Shared Written Blocks": 0,
                                                    "Startup Cost": 127.52,
                                                    "Temp Read Blocks": 0,
                                                    "Temp Written Blocks": 0,
                                                    "Total Cost": 25662.04,
                                                    "Workers": []
                                                },
                                                {
                                                    "Actual Loops": 1,
                                                    "Actual Rows": 0,
                                                    "Alias": "query_samples_7d_8",
                                                    "Async Capable": false,
                                                    "Exact Heap Blocks": 0,
                                                    "Filter": "(query_samples_7d_8.query_text !~~ $1::text)",
                                                    "I/O Read Time": 0,
                                                    "I/O Write Time": 0,
                                                    "Local Dirtied Blocks": 0,
                                                    "Local Hit Blocks": 0,
                                                    "Local Read Blocks": 0,
                                                    "Local Written Blocks": 0,
                                                    "Lossy Heap Blocks": 0,
                                                    "Node Type": "Bitmap Heap Scan",
                                                    "Output": [
                                                        "query_samples_7d_8.query_sample_id",
                                                        "query_samples_7d_8.query_fingerprint",
                                                        "query_samples_7d_8.database_id"
                                                    ],
                                                    "Parallel Aware": true,
                                                    "Parent Relationship": "Member",
                                                    "Plan Rows": 2455,
                                                    "Plan Width": 35,
                                                    "Plans": [
                                                        {
                                                            "Actual Loops": 1,
                                                            "Actual Rows": 0,
                                                            "Async Capable": false,
                                                            "I/O Read Time": 0,
                                                            "I/O Write Time": 0,
                                                            "Index Cond": "(query_samples_7d_8.database_id = $1::integer)",
                                                            "Index Name": "query_samples_7d_20220626_database_id_occurred_at_idx",
                                                            "Local Dirtied Blocks": 0,
                                                            "Local Hit Blocks": 0,
                                                            "Local Read Blocks": 0,
                                                            "Local Written Blocks": 0,
                                                            "Node Type": "Bitmap Index Scan",
                                                            "Parallel Aware": false,
                                                            "Parent Relationship": "Outer",
                                                            "Plan Rows": 5955,
                                                            "Plan Width": 0,
                                                            "Shared Dirtied Blocks": 0,
                                                            "Shared Hit Blocks": 4,
                                                            "Shared Read Blocks": 0,
                                                            "Shared Written Blocks": 0,
                                                            "Startup Cost": 0,
                                                            "Temp Read Blocks": 0,
                                                            "Temp Written Blocks": 0,
                                                            "Total Cost": 109.23,
                                                            "Workers": []
                                                        }
                                                    ],
                                                    "Recheck Cond": "(query_samples_7d_8.database_id = $1::integer)",
                                                    "Relation Name": "query_samples_7d_20220626",
                                                    "Rows Removed by Filter": 0,
                                                    "Rows Removed by Index Recheck": 0,
                                                    "Schema": "public",
                                                    "Shared Dirtied Blocks": 0,
                                                    "Shared Hit Blocks": 4,
                                                    "Shared Read Blocks": 0,
                                                    "Shared Written Blocks": 0,
                                                    "Startup Cost": 110.7,
                                                    "Temp Read Blocks": 0,
                                                    "Temp Written Blocks": 0,
                                                    "Total Cost": 23290.9,
                                                    "Workers": []
                                                },
                                                {
                                                    "Actual Loops": 1,
                                                    "Actual Rows": 0,
                                                    "Alias": "query_samples_7d_9",
                                                    "Async Capable": false,
                                                    "Exact Heap Blocks": 0,
                                                    "Filter": "(query_samples_7d_9.query_text !~~ $1::text)",
                                                    "I/O Read Time": 0.009,
                                                    "I/O Write Time": 0,
                                                    "Local Dirtied Blocks": 0,
                                                    "Local Hit Blocks": 0,
                                                    "Local Read Blocks": 0,
                                                    "Local Written Blocks": 0,
                                                    "Lossy Heap Blocks": 0,
                                                    "Node Type": "Bitmap Heap Scan",
                                                    "Output": [
                                                        "query_samples_7d_9.query_sample_id",
                                                        "query_samples_7d_9.query_fingerprint",
                                                        "query_samples_7d_9.database_id"
                                                    ],
                                                    "Parallel Aware": true,
                                                    "Parent Relationship": "Member",
                                                    "Plan Rows": 1,
                                                    "Plan Width": 56,
                                                    "Plans": [
                                                        {
                                                            "Actual Loops": 1,
                                                            "Actual Rows": 0,
                                                            "Async Capable": false,
                                                            "I/O Read Time": 0.009,
                                                            "I/O Write Time": 0,
                                                            "Index Cond": "(query_samples_7d_9.database_id = $1::integer)",
                                                            "Index Name": "query_samples_7d_20220627_database_id_occurred_at_idx",
                                                            "Local Dirtied Blocks": 0,
                                                            "Local Hit Blocks": 0,
                                                            "Local Read Blocks": 0,
                                                            "Local Written Blocks": 0,
                                                            "Node Type": "Bitmap Index Scan",
                                                            "Parallel Aware": false,
                                                            "Parent Relationship": "Outer",
                                                            "Plan Rows": 2,
                                                            "Plan Width": 0,
                                                            "Shared Dirtied Blocks": 0,
                                                            "Shared Hit Blocks": 0,
                                                            "Shared Read Blocks": 1,
                                                            "Shared Written Blocks": 0,
                                                            "Startup Cost": 0,
                                                            "Temp Read Blocks": 0,
                                                            "Temp Written Blocks": 0,
                                                            "Total Cost": 4.16,
                                                            "Workers": []
                                                        }
                                                    ],
                                                    "Recheck Cond": "(query_samples_7d_9.database_id = $1::integer)",
                                                    "Relation Name": "query_samples_7d_20220627",
                                                    "Rows Removed by Filter": 0,
                                                    "Rows Removed by Index Recheck": 0,
                                                    "Schema": "public",
                                                    "Shared Dirtied Blocks": 0,
                                                    "Shared Hit Blocks": 0,
                                                    "Shared Read Blocks": 1,
                                                    "Shared Written Blocks": 0,
                                                    "Startup Cost": 4.16,
                                                    "Temp Read Blocks": 0,
                                                    "Temp Written Blocks": 0,
                                                    "Total Cost": 9.5,
                                                    "Workers": []
                                                }
                                            ],
                                            "Shared Dirtied Blocks": 0,
                                            "Shared Hit Blocks": 7651,
                                            "Shared Read Blocks": 22656,
                                            "Shared Written Blocks": 0,
                                            "Startup Cost": 168.93,
                                            "Subplans Removed": 0,
                                            "Temp Read Blocks": 0,
                                            "Temp Written Blocks": 0,
                                            "Total Cost": 239356.83,
                                            "Workers": [
                                                {
                                                    "Actual Loops": 1,
                                                    "Actual Rows": 9152,
                                                    "I/O Read Time": 3295.823,
                                                    "I/O Write Time": 0,
                                                    "Local Dirtied Blocks": 0,
                                                    "Local Hit Blocks": 0,
                                                    "Local Read Blocks": 0,
                                                    "Local Written Blocks": 0,
                                                    "Shared Dirtied Blocks": 0,
                                                    "Shared Hit Blocks": 3231,
                                                    "Shared Read Blocks": 7635,
                                                    "Shared Written Blocks": 0,
                                                    "Temp Read Blocks": 0,
                                                    "Temp Written Blocks": 0,
                                                    "Worker Number": 0
                                                },
                                                {
                                                    "Actual Loops": 1,
                                                    "Actual Rows": 9836,
                                                    "I/O Read Time": 3316.235,
                                                    "I/O Write Time": 0,
                                                    "Local Dirtied Blocks": 0,
                                                    "Local Hit Blocks": 0,
                                                    "Local Read Blocks": 0,
                                                    "Local Written Blocks": 0,
                                                    "Shared Dirtied Blocks": 0,
                                                    "Shared Hit Blocks": 3252,
                                                    "Shared Read Blocks": 7755,
                                                    "Shared Written Blocks": 0,
                                                    "Temp Read Blocks": 0,
                                                    "Temp Written Blocks": 0,
                                                    "Worker Number": 1
                                                }
                                            ]
                                        },
                                        {
                                            "Actual Loops": 3,
                                            "Actual Rows": 2287,
                                            "Async Capable": false,
                                            "Hash Batches": 1,
                                            "Hash Buckets": 16384,
                                            "I/O Read Time": 2394.562,
                                            "I/O Write Time": 0,
                                            "Local Dirtied Blocks": 0,
                                            "Local Hit Blocks": 0,
                                            "Local Read Blocks": 0,
                                            "Local Written Blocks": 0,
                                            "Node Type": "Hash",
                                            "Original Hash Batches": 1,
                                            "Original Hash Buckets": 16384,
                                            "Output": [
                                                "query_explains_7d.query_explain_id",
                                                "query_explains_7d.server_id",
                                                "query_explains_7d.database_id",
                                                "query_explains_7d.query_fingerprint",
                                                "query_explains_7d.postgres_role_id",
                                                "query_explains_7d.format",
                                                "query_explains_7d.source",
                                                "query_explains_7d.seen_at",
                                                "query_explains_7d.query_sample_id",
                                                "query_explains_7d.total_cost",
                                                "query_explains_7d.total_shared_blks_hit",
                                                "query_explains_7d.total_shared_blks_read",
                                                "query_explains_7d.total_shared_blks_written",
                                                "query_explains_7d.total_shared_blks_dirtied",
                                                "query_explains_7d.total_blk_read_time",
                                                "query_explains_7d.total_blk_write_time",
                                                "query_explains_7d.plan_node_types",
                                                "query_explains_7d.output_json",
                                                "query_explains_7d.output_text",
                                                "query_explains_7d.error",
                                                "query_explains_7d.plan_fingerprint",
                                                "query_explains_7d.runtime_ms"
                                            ],
                                            "Parallel Aware": true,
                                            "Parent Relationship": "Inner",
                                            "Peak Memory Usage": 6560,
                                            "Plan Rows": 6450,
                                            "Plan Width": 1687,
                                            "Plans": [
                                                {
                                                    "Actual Loops": 3,
                                                    "Actual Rows": 2287,
                                                    "Async Capable": false,
                                                    "I/O Read Time": 2394.562,
                                                    "I/O Write Time": 0,
                                                    "Local Dirtied Blocks": 0,
                                                    "Local Hit Blocks": 0,
                                                    "Local Read Blocks": 0,
                                                    "Local Written Blocks": 0,
                                                    "Node Type": "Append",
                                                    "Parallel Aware": true,
                                                    "Parent Relationship": "Outer",
                                                    "Plan Rows": 6450,
                                                    "Plan Width": 1687,
                                                    "Plans": [
                                                        {
                                                            "Actual Loops": 1,
                                                            "Actual Rows": 746,
                                                            "Alias": "query_explains_7d_4",
                                                            "Async Capable": false,
                                                            "I/O Read Time": 251.696,
                                                            "I/O Write Time": 0,
                                                            "Index Cond": "((query_explains_7d_4.database_id = $1::integer) AND (query_explains_7d_4.seen_at \u003e= $2::timestamp with time zone) AND (query_explains_7d_4.seen_at \u003c= $3::timestamp with time zone))",
                                                            "Index Name": "query_explains_7d_20220622_database_id_seen_at_idx",
                                                            "Local Dirtied Blocks": 0,
                                                            "Local Hit Blocks": 0,
                                                            "Local Read Blocks": 0,
                                                            "Local Written Blocks": 0,
                                                            "Node Type": "Index Scan",
                                                            "Output": [
                                                                "query_explains_7d_4.query_explain_id",
                                                                "query_explains_7d_4.server_id",
                                                                "query_explains_7d_4.database_id",
                                                                "query_explains_7d_4.query_fingerprint",
                                                                "query_explains_7d_4.postgres_role_id",
                                                                "query_explains_7d_4.format",
                                                                "query_explains_7d_4.source",
                                                                "query_explains_7d_4.seen_at",
                                                                "query_explains_7d_4.query_sample_id",
                                                                "query_explains_7d_4.total_cost",
                                                                "query_explains_7d_4.total_shared_blks_hit",
                                                                "query_explains_7d_4.total_shared_blks_read",
                                                                "query_explains_7d_4.total_shared_blks_written",
                                                                "query_explains_7d_4.total_shared_blks_dirtied",
                                                                "query_explains_7d_4.total_blk_read_time",
                                                                "query_explains_7d_4.total_blk_write_time",
                                                                "query_explains_7d_4.plan_node_types",
                                                                "query_explains_7d_4.output_json",
                                                                "query_explains_7d_4.output_text",
                                                                "query_explains_7d_4.error",
                                                                "query_explains_7d_4.plan_fingerprint",
                                                                "query_explains_7d_4.runtime_ms"
                                                            ],
                                                            "Parallel Aware": true,
                                                            "Parent Relationship": "Member",
                                                            "Plan Rows": 1454,
                                                            "Plan Width": 1697,
                                                            "Relation Name": "query_explains_7d_20220622",
                                                            "Rows Removed by Index Recheck": 0,
                                                            "Scan Direction": "Backward",
                                                            "Schema": "public",
                                                            "Shared Dirtied Blocks": 0,
                                                            "Shared Hit Blocks": 24,
                                                            "Shared Read Blocks": 519,
                                                            "Shared Written Blocks": 0,
                                                            "Startup Cost": 0.43,
                                                            "Temp Read Blocks": 0,
                                                            "Temp Written Blocks": 0,
                                                            "Total Cost": 9612.34,
                                                            "Workers": [
                                                                {
                                                                    "Actual Loops": 1,
                                                                    "Actual Rows": 746,
                                                                    "I/O Read Time": 251.696,
                                                                    "I/O Write Time": 0,
                                                                    "Local Dirtied Blocks": 0,
                                                                    "Local Hit Blocks": 0,
                                                                    "Local Read Blocks": 0,
                                                                    "Local Written Blocks": 0,
                                                                    "Shared Dirtied Blocks": 0,
                                                                    "Shared Hit Blocks": 24,
                                                                    "Shared Read Blocks": 519,
                                                                    "Shared Written Blocks": 0,
                                                                    "Temp Read Blocks": 0,
                                                                    "Temp Written Blocks": 0,
                                                                    "Worker Number": 0
                                                                }
                                                            ]
                                                        },
                                                        {
                                                            "Actual Loops": 1,
                                                            "Actual Rows": 889,
                                                            "Alias": "query_explains_7d_6",
                                                            "Async Capable": false,
                                                            "I/O Read Time": 286.581,
                                                            "I/O Write Time": 0,
                                                            "Index Cond": "((query_explains_7d_6.database_id = $1::integer) AND (query_explains_7d_6.seen_at \u003e= $2::timestamp with time zone) AND (query_explains_7d_6.seen_at \u003c= $3::timestamp with time zone))",
                                                            "Index Name": "query_explains_7d_20220624_database_id_seen_at_idx",
                                                            "Local Dirtied Blocks": 0,
                                                            "Local Hit Blocks": 0,
                                                            "Local Read Blocks": 0,
                                                            "Local Written Blocks": 0,
                                                            "Node Type": "Index Scan",
                                                            "Output": [
                                                                "query_explains_7d_6.query_explain_id",
                                                                "query_explains_7d_6.server_id",
                                                                "query_explains_7d_6.database_id",
                                                                "query_explains_7d_6.query_fingerprint",
                                                                "query_explains_7d_6.postgres_role_id",
                                                                "query_explains_7d_6.format",
                                                                "query_explains_7d_6.source",
                                                                "query_explains_7d_6.seen_at",
                                                                "query_explains_7d_6.query_sample_id",
                                                                "query_explains_7d_6.total_cost",
                                                                "query_explains_7d_6.total_shared_blks_hit",
                                                                "query_explains_7d_6.total_shared_blks_read",
                                                                "query_explains_7d_6.total_shared_blks_written",
                                                                "query_explains_7d_6.total_shared_blks_dirtied",
                                                                "query_explains_7d_6.total_blk_read_time",
                                                                "query_explains_7d_6.total_blk_write_time",
                                                                "query_explains_7d_6.plan_node_types",
                                                                "query_explains_7d_6.output_json",
                                                                "query_explains_7d_6.output_text",
                                                                "query_explains_7d_6.error",
                                                                "query_explains_7d_6.plan_fingerprint",
                                                                "query_explains_7d_6.runtime_ms"
                                                            ],
                                                            "Parallel Aware": true,
                                                            "Parent Relationship": "Member",
                                                            "Plan Rows": 1416,
                                                            "Plan Width": 1699,
                                                            "Relation Name": "query_explains_7d_20220624",
                                                            "Rows Removed by Index Recheck": 0,
                                                            "Scan Direction": "Backward",
                                                            "Schema": "public",
                                                            "Shared Dirtied Blocks": 0,
                                                            "Shared Hit Blocks": 56,
                                                            "Shared Read Blocks": 602,
                                                            "Shared Written Blocks": 0,
                                                            "Startup Cost": 0.43,
                                                            "Temp Read Blocks": 0,
                                                            "Temp Written Blocks": 0,
                                                            "Total Cost": 9414.87,
                                                            "Workers": [
                                                                {
                                                                    "Actual Loops": 1,
                                                                    "Actual Rows": 889,
                                                                    "I/O Read Time": 286.581,
                                                                    "I/O Write Time": 0,
                                                                    "Local Dirtied Blocks": 0,
                                                                    "Local Hit Blocks": 0,
                                                                    "Local Read Blocks": 0,
                                                                    "Local Written Blocks": 0,
                                                                    "Shared Dirtied Blocks": 0,
                                                                    "Shared Hit Blocks": 56,
                                                                    "Shared Read Blocks": 602,
                                                                    "Shared Written Blocks": 0,
                                                                    "Temp Read Blocks": 0,
                                                                    "Temp Written Blocks": 0,
                                                                    "Worker Number": 1
                                                                }
                                                            ]
                                                        },
                                                        {
                                                            "Actual Loops": 1,
                                                            "Actual Rows": 785,
                                                            "Alias": "query_explains_7d_3",
                                                            "Async Capable": false,
                                                            "I/O Read Time": 267.379,
                                                            "I/O Write Time": 0,
                                                            "Index Cond": "((query_explains_7d_3.database_id = $1::integer) AND (query_explains_7d_3.seen_at \u003e= $2::timestamp with time zone) AND (query_explains_7d_3.seen_at \u003c= $3::timestamp with time zone))",
                                                            "Index Name": "query_explains_7d_20220621_database_id_seen_at_idx",
                                                            "Local Dirtied Blocks": 0,
                                                            "Local Hit Blocks": 0,
                                                            "Local Read Blocks": 0,
                                                            "Local Written Blocks": 0,
                                                            "Node Type": "Index Scan",
                                                            "Output": [
                                                                "query_explains_7d_3.query_explain_id",
                                                                "query_explains_7d_3.server_id",
                                                                "query_explains_7d_3.database_id",
                                                                "query_explains_7d_3.query_fingerprint",
                                                                "query_explains_7d_3.postgres_role_id",
                                                                "query_explains_7d_3.format",
                                                                "query_explains_7d_3.source",
                                                                "query_explains_7d_3.seen_at",
                                                                "query_explains_7d_3.query_sample_id",
                                                                "query_explains_7d_3.total_cost",
                                                                "query_explains_7d_3.total_shared_blks_hit",
                                                                "query_explains_7d_3.total_shared_blks_read",
                                                                "query_explains_7d_3.total_shared_blks_written",
                                                                "query_explains_7d_3.total_shared_blks_dirtied",
                                                                "query_explains_7d_3.total_blk_read_time",
                                                                "query_explains_7d_3.total_blk_write_time",
                                                                "query_explains_7d_3.plan_node_types",
                                                                "query_explains_7d_3.output_json",
                                                                "query_explains_7d_3.output_text",
                                                                "query_explains_7d_3.error",
                                                                "query_explains_7d_3.plan_fingerprint",
                                                                "query_explains_7d_3.runtime_ms"
                                                            ],
                                                            "Parallel Aware": true,
                                                            "Parent Relationship": "Member",
                                                            "Plan Rows": 1370,
                                                            "Plan Width": 1659,
                                                            "Relation Name": "query_explains_7d_20220621",
                                                            "Rows Removed by Index Recheck": 0,
                                                            "Scan Direction": "Backward",
                                                            "Schema": "public",
                                                            "Shared Dirtied Blocks": 0,
                                                            "Shared Hit Blocks": 30,
                                                            "Shared Read Blocks": 541,
                                                            "Shared Written Blocks": 0,
                                                            "Startup Cost": 0.43,
                                                            "Temp Read Blocks": 0,
                                                            "Temp Written Blocks": 0,
                                                            "Total Cost": 9102.95,
                                                            "Workers": [
                                                                {
                                                                    "Actual Loops": 1,
                                                                    "Actual Rows": 785,
                                                                    "I/O Read Time": 267.379,
                                                                    "I/O Write Time": 0,
                                                                    "Local Dirtied Blocks": 0,
                                                                    "Local Hit Blocks": 0,
                                                                    "Local Read Blocks": 0,
                                                                    "Local Written Blocks": 0,
                                                                    "Shared Dirtied Blocks": 0,
                                                                    "Shared Hit Blocks": 30,
                                                                    "Shared Read Blocks": 541,
                                                                    "Shared Written Blocks": 0,
                                                                    "Temp Read Blocks": 0,
                                                                    "Temp Written Blocks": 0,
                                                                    "Worker Number": 0
                                                                }
                                                            ]
                                                        },
                                                        {
                                                            "Actual Loops": 1,
                                                            "Actual Rows": 715,
                                                            "Alias": "query_explains_7d_5",
                                                            "Async Capable": false,
                                                            "I/O Read Time": 235.379,
                                                            "I/O Write Time": 0,
                                                            "Index Cond": "((query_explains_7d_5.database_id = $1::integer) AND (query_explains_7d_5.seen_at \u003e= $2::timestamp with time zone) AND (query_explains_7d_5.seen_at \u003c= $3::timestamp with time zone))",
                                                            "Index Name": "query_explains_7d_20220623_database_id_seen_at_idx",
                                                            "Local Dirtied Blocks": 0,
                                                            "Local Hit Blocks": 0,
                                                            "Local Read Blocks": 0,
                                                            "Local Written Blocks": 0,
                                                            "Node Type": "Index Scan",
                                                            "Output": [
                                                                "query_explains_7d_5.query_explain_id",
                                                                "query_explains_7d_5.server_id",
                                                                "query_explains_7d_5.database_id",
                                                                "query_explains_7d_5.query_fingerprint",
                                                                "query_explains_7d_5.postgres_role_id",
                                                                "query_explains_7d_5.format",
                                                                "query_explains_7d_5.source",
                                                                "query_explains_7d_5.seen_at",
                                                                "query_explains_7d_5.query_sample_id",
                                                                "query_explains_7d_5.total_cost",
                                                                "query_explains_7d_5.total_shared_blks_hit",
                                                                "query_explains_7d_5.total_shared_blks_read",
                                                                "query_explains_7d_5.total_shared_blks_written",
                                                                "query_explains_7d_5.total_shared_blks_dirtied",
                                                                "query_explains_7d_5.total_blk_read_time",
                                                                "query_explains_7d_5.total_blk_write_time",
                                                                "query_explains_7d_5.plan_node_types",
                                                                "query_explains_7d_5.output_json",
                                                                "query_explains_7d_5.output_text",
                                                                "query_explains_7d_5.error",
                                                                "query_explains_7d_5.plan_fingerprint",
                                                                "query_explains_7d_5.runtime_ms"
                                                            ],
                                                            "Parallel Aware": true,
                                                            "Parent Relationship": "Member",
                                                            "Plan Rows": 1336,
                                                            "Plan Width": 1741,
                                                            "Relation Name": "query_explains_7d_20220623",
                                                            "Rows Removed by Index Recheck": 0,
                                                            "Scan Direction": "Backward",
                                                            "Schema": "public",
                                                            "Shared Dirtied Blocks": 0,
                                                            "Shared Hit Blocks": 32,
                                                            "Shared Read Blocks": 481,
                                                            "Shared Written Blocks": 0,
                                                            "Startup Cost": 0.43,
                                                            "Temp Read Blocks": 0,
                                                            "Temp Written Blocks": 0,
                                                            "Total Cost": 8800.15,
                                                            "Workers": [
                                                                {
                                                                    "Actual Loops": 1,
                                                                    "Actual Rows": 715,
                                                                    "I/O Read Time": 235.379,
                                                                    "I/O Write Time": 0,
                                                                    "Local Dirtied Blocks": 0,
                                                                    "Local Hit Blocks": 0,
                                                                    "Local Read Blocks": 0,
                                                                    "Local Written Blocks": 0,
                                                                    "Shared Dirtied Blocks": 0,
                                                                    "Shared Hit Blocks": 32,
                                                                    "Shared Read Blocks": 481,
                                                                    "Shared Written Blocks": 0,
                                                                    "Temp Read Blocks": 0,
                                                                    "Temp Written Blocks": 0,
                                                                    "Worker Number": 1
                                                                }
                                                            ]
                                                        },
                                                        {
                                                            "Actual Loops": 3,
                                                            "Actual Rows": 582,
                                                            "Alias": "query_explains_7d_2",
                                                            "Async Capable": false,
                                                            "I/O Read Time": 576.677,
                                                            "I/O Write Time": 0,
                                                            "Index Cond": "((query_explains_7d_2.database_id = $1::integer) AND (query_explains_7d_2.seen_at \u003e= $2::timestamp with time zone) AND (query_explains_7d_2.seen_at \u003c= $3::timestamp with time zone))",
                                                            "Index Name": "query_explains_7d_20220620_database_id_seen_at_idx",
                                                            "Local Dirtied Blocks": 0,
                                                            "Local Hit Blocks": 0,
                                                            "Local Read Blocks": 0,
                                                            "Local Written Blocks": 0,
                                                            "Node Type": "Index Scan",
                                                            "Output": [
                                                                "query_explains_7d_2.query_explain_id",
                                                                "query_explains_7d_2.server_id",
                                                                "query_explains_7d_2.database_id",
                                                                "query_explains_7d_2.query_fingerprint",
                                                                "query_explains_7d_2.postgres_role_id",
                                                                "query_explains_7d_2.format",
                                                                "query_explains_7d_2.source",
                                                                "query_explains_7d_2.seen_at",
                                                                "query_explains_7d_2.query_sample_id",
                                                                "query_explains_7d_2.total_cost",
                                                                "query_explains_7d_2.total_shared_blks_hit",
                                                                "query_explains_7d_2.total_shared_blks_read",
                                                                "query_explains_7d_2.total_shared_blks_written",
                                                                "query_explains_7d_2.total_shared_blks_dirtied",
                                                                "query_explains_7d_2.total_blk_read_time",
                                                                "query_explains_7d_2.total_blk_write_time",
                                                                "query_explains_7d_2.plan_node_types",
                                                                "query_explains_7d_2.output_json",
                                                                "query_explains_7d_2.output_text",
                                                                "query_explains_7d_2.error",
                                                                "query_explains_7d_2.plan_fingerprint",
                                                                "query_explains_7d_2.runtime_ms"
                                                            ],
                                                            "Parallel Aware": true,
                                                            "Parent Relationship": "Member",
                                                            "Plan Rows": 1263,
                                                            "Plan Width": 1658,
                                                            "Relation Name": "query_explains_7d_20220620",
                                                            "Rows Removed by Index Recheck": 0,
                                                            "Scan Direction": "Backward",
                                                            "Schema": "public",
                                                            "Shared Dirtied Blocks": 0,
                                                            "Shared Hit Blocks": 72,
                                                            "Shared Read Blocks": 1193,
                                                            "Shared Written Blocks": 0,
                                                            "Startup Cost": 0.43,
                                                            "Temp Read Blocks": 0,
                                                            "Temp Written Blocks": 0,
                                                            "Total Cost": 8382.6,
                                                            "Workers": [
                                                                {
                                                                    "Actual Loops": 1,
                                                                    "Actual Rows": 875,
                                                                    "I/O Read Time": 294.785,
                                                                    "I/O Write Time": 0,
                                                                    "Local Dirtied Blocks": 0,
                                                                    "Local Hit Blocks": 0,
                                                                    "Local Read Blocks": 0,
                                                                    "Local Written Blocks": 0,
                                                                    "Shared Dirtied Blocks": 0,
                                                                    "Shared Hit Blocks": 35,
                                                                    "Shared Read Blocks": 598,
                                                                    "Shared Written Blocks": 0,
                                                                    "Temp Read Blocks": 0,
                                                                    "Temp Written Blocks": 0,
                                                                    "Worker Number": 0
                                                                },
                                                                {
                                                                    "Actual Loops": 1,
                                                                    "Actual Rows": 435,
                                                                    "I/O Read Time": 146,
                                                                    "I/O Write Time": 0,
                                                                    "Local Dirtied Blocks": 0,
                                                                    "Local Hit Blocks": 0,
                                                                    "Local Read Blocks": 0,
                                                                    "Local Written Blocks": 0,
                                                                    "Shared Dirtied Blocks": 0,
                                                                    "Shared Hit Blocks": 20,
                                                                    "Shared Read Blocks": 312,
                                                                    "Shared Written Blocks": 0,
                                                                    "Temp Read Blocks": 0,
                                                                    "Temp Written Blocks": 0,
                                                                    "Worker Number": 1
                                                                }
                                                            ]
                                                        },
                                                        {
                                                            "Actual Loops": 1,
                                                            "Actual Rows": 0,
                                                            "Alias": "query_explains_7d_7",
                                                            "Async Capable": false,
                                                            "I/O Read Time": 1.323,
                                                            "I/O Write Time": 0,
                                                            "Index Cond": "((query_explains_7d_7.database_id = $1::integer) AND (query_explains_7d_7.seen_at \u003e= $2::timestamp with time zone) AND (query_explains_7d_7.seen_at \u003c= $3::timestamp with time zone))",
                                                            "Index Name": "query_explains_7d_20220625_database_id_seen_at_idx",
                                                            "Local Dirtied Blocks": 0,
                                                            "Local Hit Blocks": 0,
                                                            "Local Read Blocks": 0,
                                                            "Local Written Blocks": 0,
                                                            "Node Type": "Index Scan",
                                                            "Output": [
                                                                "query_explains_7d_7.query_explain_id",
                                                                "query_explains_7d_7.server_id",
                                                                "query_explains_7d_7.database_id",
                                                                "query_explains_7d_7.query_fingerprint",
                                                                "query_explains_7d_7.postgres_role_id",
                                                                "query_explains_7d_7.format",
                                                                "query_explains_7d_7.source",
                                                                "query_explains_7d_7.seen_at",
                                                                "query_explains_7d_7.query_sample_id",
                                                                "query_explains_7d_7.total_cost",
                                                                "query_explains_7d_7.total_shared_blks_hit",
                                                                "query_explains_7d_7.total_shared_blks_read",
                                                                "query_explains_7d_7.total_shared_blks_written",
                                                                "query_explains_7d_7.total_shared_blks_dirtied",
                                                                "query_explains_7d_7.total_blk_read_time",
                                                                "query_explains_7d_7.total_blk_write_time",
                                                                "query_explains_7d_7.plan_node_types",
                                                                "query_explains_7d_7.output_json",
                                                                "query_explains_7d_7.output_text",
                                                                "query_explains_7d_7.error",
                                                                "query_explains_7d_7.plan_fingerprint",
                                                                "query_explains_7d_7.runtime_ms"
                                                            ],
                                                            "Parallel Aware": true,
                                                            "Parent Relationship": "Member",
                                                            "Plan Rows": 1186,
                                                            "Plan Width": 1657,
                                                            "Relation Name": "query_explains_7d_20220625",
                                                            "Rows Removed by Index Recheck": 0,
                                                            "Scan Direction": "Backward",
                                                            "Schema": "public",
                                                            "Shared Dirtied Blocks": 0,
                                                            "Shared Hit Blocks": 2,
                                                            "Shared Read Blocks": 3,
                                                            "Shared Written Blocks": 0,
                                                            "Startup Cost": 0.43,
                                                            "Temp Read Blocks": 0,
                                                            "Temp Written Blocks": 0,
                                                            "Total Cost": 7864.38,
                                                            "Workers": [
                                                                {
                                                                    "Actual Loops": 1,
                                                                    "Actual Rows": 0,
                                                                    "I/O Read Time": 1.323,
                                                                    "I/O Write Time": 0,
                                                                    "Local Dirtied Blocks": 0,
                                                                    "Local Hit Blocks": 0,
                                                                    "Local Read Blocks": 0,
                                                                    "Local Written Blocks": 0,
                                                                    "Shared Dirtied Blocks": 0,
                                                                    "Shared Hit Blocks": 2,
                                                                    "Shared Read Blocks": 3,
                                                                    "Shared Written Blocks": 0,
                                                                    "Temp Read Blocks": 0,
                                                                    "Temp Written Blocks": 0,
                                                                    "Worker Number": 1
                                                                }
                                                            ]
                                                        },
                                                        {
                                                            "Actual Loops": 2,
                                                            "Actual Rows": 990,
                                                            "Alias": "query_explains_7d_1",
                                                            "Async Capable": false,
                                                            "I/O Read Time": 775.526,
                                                            "I/O Write Time": 0,
                                                            "Index Cond": "((query_explains_7d_1.database_id = $1::integer) AND (query_explains_7d_1.seen_at \u003e= $2::timestamp with time zone) AND (query_explains_7d_1.seen_at \u003c= $3::timestamp with time zone))",
                                                            "Index Name": "query_explains_7d_20220619_database_id_seen_at_idx",
                                                            "Local Dirtied Blocks": 0,
                                                            "Local Hit Blocks": 0,
                                                            "Local Read Blocks": 0,
                                                            "Local Written Blocks": 0,
                                                            "Node Type": "Index Scan",
                                                            "Output": [
                                                                "query_explains_7d_1.query_explain_id",
                                                                "query_explains_7d_1.server_id",
                                                                "query_explains_7d_1.database_id",
                                                                "query_explains_7d_1.query_fingerprint",
                                                                "query_explains_7d_1.postgres_role_id",
                                                                "query_explains_7d_1.format",
                                                                "query_explains_7d_1.source",
                                                                "query_explains_7d_1.seen_at",
                                                                "query_explains_7d_1.query_sample_id",
                                                                "query_explains_7d_1.total_cost",
                                                                "query_explains_7d_1.total_shared_blks_hit",
                                                                "query_explains_7d_1.total_shared_blks_read",
                                                                "query_explains_7d_1.total_shared_blks_written",
                                                                "query_explains_7d_1.total_shared_blks_dirtied",
                                                                "query_explains_7d_1.total_blk_read_time",
                                                                "query_explains_7d_1.total_blk_write_time",
                                                                "query_explains_7d_1.plan_node_types",
                                                                "query_explains_7d_1.output_json",
                                                                "query_explains_7d_1.output_text",
                                                                "query_explains_7d_1.error",
                                                                "query_explains_7d_1.plan_fingerprint",
                                                                "query_explains_7d_1.runtime_ms"
                                                            ],
                                                            "Parallel Aware": true,
                                                            "Parent Relationship": "Member",
                                                            "Plan Rows": 1081,
                                                            "Plan Width": 1695,
                                                            "Relation Name": "query_explains_7d_20220619",
                                                            "Rows Removed by Index Recheck": 0,
                                                            "Scan Direction": "Backward",
                                                            "Schema": "public",
                                                            "Shared Dirtied Blocks": 0,
                                                            "Shared Hit Blocks": 51,
                                                            "Shared Read Blocks": 1575,
                                                            "Shared Written Blocks": 0,
                                                            "Startup Cost": 0.43,
                                                            "Temp Read Blocks": 0,
                                                            "Temp Written Blocks": 0,
                                                            "Total Cost": 7140.54,
                                                            "Workers": [
                                                                {
                                                                    "Actual Loops": 1,
                                                                    "Actual Rows": 290,
                                                                    "I/O Read Time": 111.864,
                                                                    "I/O Write Time": 0,
                                                                    "Local Dirtied Blocks": 0,
                                                                    "Local Hit Blocks": 0,
                                                                    "Local Read Blocks": 0,
                                                                    "Local Written Blocks": 0,
                                                                    "Shared Dirtied Blocks": 0,
                                                                    "Shared Hit Blocks": 10,
                                                                    "Shared Read Blocks": 228,
                                                                    "Shared Written Blocks": 0,
                                                                    "Temp Read Blocks": 0,
                                                                    "Temp Written Blocks": 0,
                                                                    "Worker Number": 1
                                                                }
                                                            ]
                                                        }
                                                    ],
                                                    "Shared Dirtied Blocks": 0,
                                                    "Shared Hit Blocks": 267,
                                                    "Shared Read Blocks": 4914,
                                                    "Shared Written Blocks": 0,
                                                    "Startup Cost": 0.43,
                                                    "Subplans Removed": 0,
                                                    "Temp Read Blocks": 0,
                                                    "Temp Written Blocks": 0,
                                                    "Total Cost": 60350.08,
                                                    "Workers": [
                                                        {
                                                            "Actual Loops": 1,
                                                            "Actual Rows": 2406,
                                                            "I/O Read Time": 813.861,
                                                            "I/O Write Time": 0,
                                                            "Local Dirtied Blocks": 0,
                                                            "Local Hit Blocks": 0,
                                                            "Local Read Blocks": 0,
                                                            "Local Written Blocks": 0,
                                                            "Shared Dirtied Blocks": 0,
                                                            "Shared Hit Blocks": 89,
                                                            "Shared Read Blocks": 1658,
                                                            "Shared Written Blocks": 0,
                                                            "Temp Read Blocks": 0,
                                                            "Temp Written Blocks": 0,
                                                            "Worker Number": 0
                                                        },
                                                        {
                                                            "Actual Loops": 1,
                                                            "Actual Rows": 2329,
                                                            "I/O Read Time": 781.147,
                                                            "I/O Write Time": 0,
                                                            "Local Dirtied Blocks": 0,
                                                            "Local Hit Blocks": 0,
                                                            "Local Read Blocks": 0,
                                                            "Local Written Blocks": 0,
                                                            "Shared Dirtied Blocks": 0,
                                                            "Shared Hit Blocks": 120,
                                                            "Shared Read Blocks": 1626,
                                                            "Shared Written Blocks": 0,
                                                            "Temp Read Blocks": 0,
                                                            "Temp Written Blocks": 0,
                                                            "Worker Number": 1
                                                        }
                                                    ]
                                                }
                                            ],
                                            "Shared Dirtied Blocks": 0,
                                            "Shared Hit Blocks": 267,
                                            "Shared Read Blocks": 4914,
                                            "Shared Written Blocks": 0,
                                            "Startup Cost": 60350.08,
                                            "Temp Read Blocks": 0,
                                            "Temp Written Blocks": 0,
                                            "Total Cost": 60350.08,
                                            "Workers": [
                                                {
                                                    "Actual Loops": 1,
                                                    "Actual Rows": 2406,
                                                    "I/O Read Time": 813.861,
                                                    "I/O Write Time": 0,
                                                    "Local Dirtied Blocks": 0,
                                                    "Local Hit Blocks": 0,
                                                    "Local Read Blocks": 0,
                                                    "Local Written Blocks": 0,
                                                    "Shared Dirtied Blocks": 0,
                                                    "Shared Hit Blocks": 89,
                                                    "Shared Read Blocks": 1658,
                                                    "Shared Written Blocks": 0,
                                                    "Temp Read Blocks": 0,
                                                    "Temp Written Blocks": 0,
                                                    "Worker Number": 0
                                                },
                                                {
                                                    "Actual Loops": 1,
                                                    "Actual Rows": 2329,
                                                    "I/O Read Time": 781.147,
                                                    "I/O Write Time": 0,
                                                    "Local Dirtied Blocks": 0,
                                                    "Local Hit Blocks": 0,
                                                    "Local Read Blocks": 0,
                                                    "Local Written Blocks": 0,
                                                    "Shared Dirtied Blocks": 0,
                                                    "Shared Hit Blocks": 120,
                                                    "Shared Read Blocks": 1626,
                                                    "Shared Written Blocks": 0,
                                                    "Temp Read Blocks": 0,
                                                    "Temp Written Blocks": 0,
                                                    "Worker Number": 1
                                                }
                                            ]
                                        }
                                    ],
                                    "Shared Dirtied Blocks": 0,
                                    "Shared Hit Blocks": 8004,
                                    "Shared Read Blocks": 27570,
                                    "Shared Written Blocks": 0,
                                    "Startup Cost": 60615.76,
                                    "Temp Read Blocks": 0,
                                    "Temp Written Blocks": 0,
                                    "Total Cost": 299993.72,
                                    "Workers": [
                                        {
                                            "Actual Loops": 1,
                                            "Actual Rows": 1821,
                                            "I/O Read Time": 4109.683,
                                            "I/O Write Time": 0,
                                            "Local Dirtied Blocks": 0,
                                            "Local Hit Blocks": 0,
                                            "Local Read Blocks": 0,
                                            "Local Written Blocks": 0,
                                            "Shared Dirtied Blocks": 0,
                                            "Shared Hit Blocks": 3363,
                                            "Shared Read Blocks": 9293,
                                            "Shared Written Blocks": 0,
                                            "Temp Read Blocks": 0,
                                            "Temp Written Blocks": 0,
                                            "Worker Number": 0
                                        },
                                        {
                                            "Actual Loops": 1,
                                            "Actual Rows": 2481,
                                            "I/O Read Time": 4097.382,
                                            "I/O Write Time": 0,
                                            "Local Dirtied Blocks": 0,
                                            "Local Hit Blocks": 0,
                                            "Local Read Blocks": 0,
                                            "Local Written Blocks": 0,
                                            "Shared Dirtied Blocks": 0,
                                            "Shared Hit Blocks": 3415,
                                            "Shared Read Blocks": 9381,
                                            "Shared Written Blocks": 0,
                                            "Temp Read Blocks": 0,
                                            "Temp Written Blocks": 0,
                                            "Worker Number": 1
                                        }
                                    ]
                                }
                            ],
                            "Shared Dirtied Blocks": 0,
                            "Shared Hit Blocks": 8022,
                            "Shared Read Blocks": 27570,
                            "Shared Written Blocks": 0,
                            "Sort Key": [
                                "query_explains_7d.seen_at DESC"
                            ],
                            "Sort Method": "top-N heapsort",
                            "Sort Space Type": "Memory",
                            "Sort Space Used": 141,
                            "Startup Cost": 299994.45,
                            "Temp Read Blocks": 0,
                            "Temp Written Blocks": 0,
                            "Total Cost": 299994.53,
                            "Workers": [
                                {
                                    "Actual Loops": 1,
                                    "Actual Rows": 50,
                                    "I/O Read Time": 4109.683,
                                    "I/O Write Time": 0,
                                    "Local Dirtied Blocks": 0,
                                    "Local Hit Blocks": 0,
                                    "Local Read Blocks": 0,
                                    "Local Written Blocks": 0,
                                    "Shared Dirtied Blocks": 0,
                                    "Shared Hit Blocks": 3372,
                                    "Shared Read Blocks": 9293,
                                    "Shared Written Blocks": 0,
                                    "Sort Method": "top-N heapsort",
                                    "Sort Space Type": "Memory",
                                    "Sort Space Used": 218,
                                    "Temp Read Blocks": 0,
                                    "Temp Written Blocks": 0,
                                    "Worker Number": 0
                                },
                                {
                                    "Actual Loops": 1,
                                    "Actual Rows": 50,
                                    "I/O Read Time": 4097.382,
                                    "I/O Write Time": 0,
                                    "Local Dirtied Blocks": 0,
                                    "Local Hit Blocks": 0,
                                    "Local Read Blocks": 0,
                                    "Local Written Blocks": 0,
                                    "Shared Dirtied Blocks": 0,
                                    "Shared Hit Blocks": 3424,
                                    "Shared Read Blocks": 9381,
                                    "Shared Written Blocks": 0,
                                    "Sort Method": "top-N heapsort",
                                    "Sort Space Type": "Memory",
                                    "Sort Space Used": 218,
                                    "Temp Read Blocks": 0,
                                    "Temp Written Blocks": 0,
                                    "Worker Number": 1
                                }
                            ]
                        }
                    ],
                    "Shared Dirtied Blocks": 0,
                    "Shared Hit Blocks": 8022,
                    "Shared Read Blocks": 27570,
                    "Shared Written Blocks": 0,
                    "Startup Cost": 300994.48,
                    "Temp Read Blocks": 0,
                    "Temp Written Blocks": 0,
                    "Total Cost": 301001.48,
                    "Workers Launched": 2,
                    "Workers Planned": 2
                }
            ],
            "Shared Dirtied Blocks": 0,
            "Shared Hit Blocks": 8022,
            "Shared Read Blocks": 27570,
            "Shared Written Blocks": 0,
            "Startup Cost": 300994.48,
            "Temp Read Blocks": 0,
            "Temp Written Blocks": 0,
            "Total Cost": 301000.31
        },
        "Triggers": []
    }
]